{
  "context": "ShiftController",
  "level": "info",
  "message": "Received request to get shifts",
  "service": "LoggingService",
  "timestamp": "2025-02-15T22:46:56.409Z"
}
{
  "context": "ShiftService",
  "level": "info",
  "message": "Fetching shifts with params: {}",
  "service": "LoggingService",
  "timestamp": "2025-02-15T22:46:56.412Z"
}
{
  "context": "ShiftService",
  "level": "info",
  "message": "Retrieved 104 shifts",
  "service": "LoggingService",
  "timestamp": "2025-02-15T22:46:56.429Z"
}
{
  "context": "ShiftController",
  "level": "info",
  "message": "Received request to get shifts",
  "service": "LoggingService",
  "timestamp": "2025-02-15T22:53:36.857Z"
}
{
  "context": "ShiftService",
  "level": "info",
  "message": "Fetching shifts with params: {}",
  "service": "LoggingService",
  "timestamp": "2025-02-15T22:53:36.860Z"
}
{
  "context": "ShiftService",
  "level": "info",
  "message": "Retrieved 104 shifts",
  "service": "LoggingService",
  "timestamp": "2025-02-15T22:53:36.873Z"
}
