{
  "context": "ShiftController",
  "level": "info",
  "message": "Received request to get shifts",
  "service": "LoggingService",
  "timestamp": "2025-02-18T19:24:20.796Z"
}
{
  "context": "ShiftService",
  "level": "info",
  "message": "Fetching shifts with params: {}",
  "service": "LoggingService",
  "timestamp": "2025-02-18T19:24:20.799Z"
}
{
  "context": "ShiftService",
  "level": "info",
  "message": "Retrieved 104 shifts",
  "service": "LoggingService",
  "timestamp": "2025-02-18T19:24:20.828Z"
}
{
  "context": "RecipeController",
  "level": "info",
  "message": "Received request to get recipes",
  "service": "LoggingService",
  "timestamp": "2025-02-18T20:15:12.983Z"
}
{
  "context": "RecipeService",
  "level": "info",
  "message": "Fetching recipes with params: {}",
  "service": "LoggingService",
  "timestamp": "2025-02-18T20:15:13.003Z"
}
{
  "context": "RecipeController",
  "level": "info",
  "message": "Received request to get recipes",
  "service": "LoggingService",
  "timestamp": "2025-02-18T20:15:17.686Z"
}
{
  "context": "RecipeService",
  "level": "info",
  "message": "Fetching recipes with params: {}",
  "service": "LoggingService",
  "timestamp": "2025-02-18T20:15:17.687Z"
}
{
  "context": "RecipeController",
  "level": "info",
  "message": "Received request to get recipes",
  "service": "LoggingService",
  "timestamp": "2025-02-18T20:15:44.541Z"
}
{
  "context": "RecipeService",
  "level": "info",
  "message": "Fetching recipes with params: {}",
  "service": "LoggingService",
  "timestamp": "2025-02-18T20:15:44.544Z"
}
{
  "context": "RecipeController",
  "level": "info",
  "message": "Received request to get recipes",
  "service": "LoggingService",
  "timestamp": "2025-02-18T20:15:48.925Z"
}
{
  "context": "RecipeService",
  "level": "info",
  "message": "Fetching recipes with params: {}",
  "service": "LoggingService",
  "timestamp": "2025-02-18T20:15:48.925Z"
}
{
  "context": "RecipeController",
  "level": "info",
  "message": "Received request to get recipes",
  "service": "LoggingService",
  "timestamp": "2025-02-18T20:16:09.190Z"
}
{
  "context": "RecipeService",
  "level": "info",
  "message": "Fetching recipes with params: {}",
  "service": "LoggingService",
  "timestamp": "2025-02-18T20:16:09.191Z"
}
{
  "context": "RecipeController",
  "level": "info",
  "message": "Received request to get recipes",
  "service": "LoggingService",
  "timestamp": "2025-02-18T20:16:15.538Z"
}
{
  "context": "RecipeService",
  "level": "info",
  "message": "Fetching recipes with params: {}",
  "service": "LoggingService",
  "timestamp": "2025-02-18T20:16:15.538Z"
}
{
  "context": "RecipeController",
  "level": "info",
  "message": "Received request to get recipes",
  "service": "LoggingService",
  "timestamp": "2025-02-18T20:17:07.542Z"
}
{
  "context": "RecipeService",
  "level": "info",
  "message": "Fetching recipes with params: {}",
  "service": "LoggingService",
  "timestamp": "2025-02-18T20:17:07.543Z"
}
{
  "context": "RecipeController",
  "level": "info",
  "message": "Received request to get recipes",
  "service": "LoggingService",
  "timestamp": "2025-02-18T20:17:12.010Z"
}
{
  "context": "RecipeService",
  "level": "info",
  "message": "Fetching recipes with params: {}",
  "service": "LoggingService",
  "timestamp": "2025-02-18T20:17:12.010Z"
}
{
  "context": "RecipeController",
  "level": "info",
  "message": "Received request to get recipes",
  "service": "LoggingService",
  "timestamp": "2025-02-18T20:17:20.909Z"
}
{
  "context": "RecipeService",
  "level": "info",
  "message": "Fetching recipes with params: {}",
  "service": "LoggingService",
  "timestamp": "2025-02-18T20:17:20.910Z"
}
{
  "context": "RecipeController",
  "level": "info",
  "message": "Received request to get recipes",
  "service": "LoggingService",
  "timestamp": "2025-02-18T20:17:25.301Z"
}
{
  "context": "RecipeService",
  "level": "info",
  "message": "Fetching recipes with params: {}",
  "service": "LoggingService",
  "timestamp": "2025-02-18T20:17:25.302Z"
}
{
  "context": "RecipeController",
  "level": "info",
  "message": "Received request to get recipes",
  "service": "LoggingService",
  "timestamp": "2025-02-18T20:17:26.497Z"
}
{
  "context": "RecipeService",
  "level": "info",
  "message": "Fetching recipes with params: {}",
  "service": "LoggingService",
  "timestamp": "2025-02-18T20:17:26.497Z"
}
{
  "context": "RecipeController",
  "level": "info",
  "message": "Received request to get recipes",
  "service": "LoggingService",
  "timestamp": "2025-02-18T20:17:28.616Z"
}
{
  "context": "RecipeService",
  "level": "info",
  "message": "Fetching recipes with params: {}",
  "service": "LoggingService",
  "timestamp": "2025-02-18T20:17:28.616Z"
}
{
  "context": "RecipeController",
  "level": "info",
  "message": "Received request to get recipes",
  "service": "LoggingService",
  "timestamp": "2025-02-18T20:19:11.230Z"
}
{
  "context": "RecipeService",
  "level": "info",
  "message": "Fetching recipes with params: {}",
  "service": "LoggingService",
  "timestamp": "2025-02-18T20:19:11.230Z"
}
{
  "context": "RecipeController",
  "level": "info",
  "message": "Received request to get recipes",
  "service": "LoggingService",
  "timestamp": "2025-02-18T20:19:15.717Z"
}
{
  "context": "RecipeService",
  "level": "info",
  "message": "Fetching recipes with params: {}",
  "service": "LoggingService",
  "timestamp": "2025-02-18T20:19:15.718Z"
}
{
  "context": "RecipeController",
  "level": "info",
  "message": "Received request to get recipes",
  "service": "LoggingService",
  "timestamp": "2025-02-18T20:19:16.902Z"
}
{
  "context": "RecipeService",
  "level": "info",
  "message": "Fetching recipes with params: {}",
  "service": "LoggingService",
  "timestamp": "2025-02-18T20:19:16.903Z"
}
{
  "context": "RecipeController",
  "level": "info",
  "message": "Received request to get recipes",
  "service": "LoggingService",
  "timestamp": "2025-02-18T20:19:19.494Z"
}
{
  "context": "RecipeService",
  "level": "info",
  "message": "Fetching recipes with params: {}",
  "service": "LoggingService",
  "timestamp": "2025-02-18T20:19:19.495Z"
}
{
  "context": "RecipeController",
  "level": "info",
  "message": "Received request to get recipes",
  "service": "LoggingService",
  "timestamp": "2025-02-18T20:19:35.347Z"
}
{
  "context": "RecipeService",
  "level": "info",
  "message": "Fetching recipes with params: {}",
  "service": "LoggingService",
  "timestamp": "2025-02-18T20:19:35.348Z"
}
{
  "context": "RecipeController",
  "level": "info",
  "message": "Received request to get recipes",
  "service": "LoggingService",
  "timestamp": "2025-02-18T20:19:39.904Z"
}
{
  "context": "RecipeService",
  "level": "info",
  "message": "Fetching recipes with params: {}",
  "service": "LoggingService",
  "timestamp": "2025-02-18T20:19:39.905Z"
}
