{
  "context": "CookBookController",
  "level": "info",
  "message": "Received request to get cookbooks",
  "service": "LoggingService",
  "timestamp": "2024-12-05T23:54:48.338Z"
}
{
  "context": "IngredientController",
  "level": "info",
  "message": "Received request to get ingredients",
  "service": "LoggingService",
  "timestamp": "2024-12-05T23:54:48.368Z"
}
{
  "context": "RecipeController",
  "level": "info",
  "message": "Received request to get recipes",
  "service": "LoggingService",
  "timestamp": "2024-12-05T23:54:48.384Z"
}
{
  "context": "RecipeService",
  "level": "info",
  "message": "Fetching recipes with params: {\"skip\":0,\"take\":10,\"searchTerm\":\"\"}",
  "service": "LoggingService",
  "timestamp": "2024-12-05T23:54:48.384Z"
}
