{
  "context": "RecipeController",
  "level": "info",
  "message": "Received request to get recipes",
  "service": "LoggingService",
  "timestamp": "2025-03-18T12:25:00.892Z"
}
{
  "context": "RecipeService",
  "level": "info",
  "message": "Fetching recipes with params: {\"skip\":0,\"take\":10}",
  "service": "LoggingService",
  "timestamp": "2025-03-18T12:25:00.913Z"
}
{
  "context": "RecipeController",
  "level": "info",
  "message": "Received request to get recipe with ID 632",
  "service": "LoggingService",
  "timestamp": "2025-03-18T17:59:52.983Z"
}
{
  "context": "RecipeService",
  "level": "info",
  "message": "Fetching recipe with ID 632",
  "service": "LoggingService",
  "timestamp": "2025-03-18T17:59:52.987Z"
}
{
  "context": "RecipeController",
  "level": "info",
  "message": "Received request to get recipe with ID 632",
  "service": "LoggingService",
  "timestamp": "2025-03-18T17:59:52.997Z"
}
{
  "context": "RecipeService",
  "level": "info",
  "message": "Fetching recipe with ID 632",
  "service": "LoggingService",
  "timestamp": "2025-03-18T17:59:52.998Z"
}
{
  "context": "ApplicationError",
  "error": "Recipe with ID 632 not found",
  "level": "error",
  "message": "Failed to fetch recipe with ID 632: Application Error",
  "service": "LoggingService",
  "timestamp": "2025-03-18T17:59:53.005Z"
}
{
  "context": "ApplicationError",
  "error": "Recipe with ID 632 not found",
  "level": "error",
  "message": "Failed to fetch recipe with ID 632: Application Error",
  "service": "LoggingService",
  "timestamp": "2025-03-18T17:59:53.025Z"
}
{
  "context": "RecipeController",
  "level": "info",
  "message": "Received request to get recipes",
  "service": "LoggingService",
  "timestamp": "2025-03-18T17:59:58.653Z"
}
{
  "context": "RecipeService",
  "level": "info",
  "message": "Fetching recipes with params: {\"skip\":0,\"take\":10}",
  "service": "LoggingService",
  "timestamp": "2025-03-18T17:59:58.654Z"
}
{
  "context": "RecipeController",
  "level": "info",
  "message": "Received request to get recipes",
  "service": "LoggingService",
  "timestamp": "2025-03-18T18:00:27.254Z"
}
{
  "context": "RecipeService",
  "level": "info",
  "message": "Fetching recipes with params: {\"skip\":0,\"take\":10}",
  "service": "LoggingService",
  "timestamp": "2025-03-18T18:00:27.255Z"
}
{
  "context": "RecipeController",
  "level": "info",
  "message": "Received request to get recipes",
  "service": "LoggingService",
  "timestamp": "2025-03-18T18:00:33.981Z"
}
{
  "context": "RecipeService",
  "level": "info",
  "message": "Fetching recipes with params: {\"skip\":0,\"take\":10}",
  "service": "LoggingService",
  "timestamp": "2025-03-18T18:00:33.981Z"
}
{
  "context": "RecipeController",
  "level": "info",
  "message": "Received request to get recipe with ID 6",
  "service": "LoggingService",
  "timestamp": "2025-03-18T18:00:50.500Z"
}
{
  "context": "RecipeService",
  "level": "info",
  "message": "Fetching recipe with ID 6",
  "service": "LoggingService",
  "timestamp": "2025-03-18T18:00:50.501Z"
}
{
  "context": "RecipeController",
  "level": "info",
  "message": "Received request to get recipes",
  "service": "LoggingService",
  "timestamp": "2025-03-18T18:00:55.605Z"
}
{
  "context": "RecipeService",
  "level": "info",
  "message": "Fetching recipes with params: {\"skip\":0,\"take\":10}",
  "service": "LoggingService",
  "timestamp": "2025-03-18T18:00:55.606Z"
}
{
  "context": "RecipeController",
  "level": "info",
  "message": "Received request to get recipe with ID 1",
  "service": "LoggingService",
  "timestamp": "2025-03-18T18:07:48.863Z"
}
{
  "context": "RecipeService",
  "level": "info",
  "message": "Fetching recipe with ID 1",
  "service": "LoggingService",
  "timestamp": "2025-03-18T18:07:48.865Z"
}
{
  "context": "RecipeController",
  "level": "info",
  "message": "Received request to get recipes",
  "service": "LoggingService",
  "timestamp": "2025-03-18T18:07:51.466Z"
}
{
  "context": "RecipeService",
  "level": "info",
  "message": "Fetching recipes with params: {\"skip\":0,\"take\":10}",
  "service": "LoggingService",
  "timestamp": "2025-03-18T18:07:51.466Z"
}
{
  "context": "RecipeController",
  "level": "info",
  "message": "Received request to get recipe with ID 9",
  "service": "LoggingService",
  "timestamp": "2025-03-18T18:08:04.457Z"
}
{
  "context": "RecipeService",
  "level": "info",
  "message": "Fetching recipe with ID 9",
  "service": "LoggingService",
  "timestamp": "2025-03-18T18:08:04.457Z"
}
{
  "context": "RecipeController",
  "level": "info",
  "message": "Received request to get recipe with ID 9",
  "service": "LoggingService",
  "timestamp": "2025-03-18T18:08:41.122Z"
}
{
  "context": "RecipeService",
  "level": "info",
  "message": "Fetching recipe with ID 9",
  "service": "LoggingService",
  "timestamp": "2025-03-18T18:08:41.123Z"
}
{
  "context": "RecipeController",
  "level": "info",
  "message": "Received request to get recipes",
  "service": "LoggingService",
  "timestamp": "2025-03-18T18:10:14.941Z"
}
{
  "context": "RecipeService",
  "level": "info",
  "message": "Fetching recipes with params: {\"skip\":0,\"take\":10}",
  "service": "LoggingService",
  "timestamp": "2025-03-18T18:10:14.942Z"
}
{
  "context": "RecipeController",
  "level": "info",
  "message": "Received request to get recipes",
  "service": "LoggingService",
  "timestamp": "2025-03-18T18:17:43.644Z"
}
{
  "context": "RecipeService",
  "level": "info",
  "message": "Fetching recipes with params: {\"skip\":0,\"take\":10}",
  "service": "LoggingService",
  "timestamp": "2025-03-18T18:17:43.644Z"
}
{
  "context": "RecipeController",
  "level": "info",
  "message": "Received request to get recipes",
  "service": "LoggingService",
  "timestamp": "2025-03-18T18:29:30.347Z"
}
{
  "context": "RecipeService",
  "level": "info",
  "message": "Fetching recipes with params: {\"skip\":10,\"take\":10}",
  "service": "LoggingService",
  "timestamp": "2025-03-18T18:29:30.348Z"
}
{
  "context": "RecipeController",
  "level": "info",
  "message": "Received request to get recipes",
  "service": "LoggingService",
  "timestamp": "2025-03-18T18:29:34.992Z"
}
{
  "context": "RecipeService",
  "level": "info",
  "message": "Fetching recipes with params: {\"skip\":0,\"take\":10}",
  "service": "LoggingService",
  "timestamp": "2025-03-18T18:29:34.993Z"
}
{
  "context": "RecipeController",
  "level": "info",
  "message": "Received request to get recipes",
  "service": "LoggingService",
  "timestamp": "2025-03-18T18:29:36.041Z"
}
{
  "context": "RecipeService",
  "level": "info",
  "message": "Fetching recipes with params: {\"skip\":10,\"take\":10}",
  "service": "LoggingService",
  "timestamp": "2025-03-18T18:29:36.042Z"
}
{
  "context": "RecipeController",
  "level": "info",
  "message": "Received request to get recipes",
  "service": "LoggingService",
  "timestamp": "2025-03-18T18:29:37.574Z"
}
{
  "context": "RecipeService",
  "level": "info",
  "message": "Fetching recipes with params: {\"skip\":20,\"take\":10}",
  "service": "LoggingService",
  "timestamp": "2025-03-18T18:29:37.575Z"
}
{
  "context": "RecipeController",
  "level": "info",
  "message": "Received request to get recipes",
  "service": "LoggingService",
  "timestamp": "2025-03-18T18:30:38.309Z"
}
{
  "context": "RecipeService",
  "level": "info",
  "message": "Fetching recipes with params: {\"skip\":30,\"take\":10}",
  "service": "LoggingService",
  "timestamp": "2025-03-18T18:30:38.310Z"
}
{
  "context": "RecipeController",
  "level": "info",
  "message": "Received request to get recipe with ID 31",
  "service": "LoggingService",
  "timestamp": "2025-03-18T18:31:21.404Z"
}
{
  "context": "RecipeService",
  "level": "info",
  "message": "Fetching recipe with ID 31",
  "service": "LoggingService",
  "timestamp": "2025-03-18T18:31:21.405Z"
}
{
  "context": "RecipeController",
  "level": "info",
  "message": "Received request to get recipe with ID 31",
  "service": "LoggingService",
  "timestamp": "2025-03-18T18:32:42.617Z"
}
{
  "context": "RecipeService",
  "level": "info",
  "message": "Fetching recipe with ID 31",
  "service": "LoggingService",
  "timestamp": "2025-03-18T18:32:42.620Z"
}
{
  "context": "RecipeController",
  "level": "info",
  "message": "Received request to get recipe with ID 31",
  "service": "LoggingService",
  "timestamp": "2025-03-18T18:33:09.439Z"
}
{
  "context": "RecipeService",
  "level": "info",
  "message": "Fetching recipe with ID 31",
  "service": "LoggingService",
  "timestamp": "2025-03-18T18:33:09.440Z"
}
