{
  "context": "RecipeController",
  "level": "info",
  "message": "Received request to get recipe with ID 191",
  "service": "LoggingService",
  "timestamp": "2025-03-13T04:06:53.436Z"
}
{
  "context": "RecipeService",
  "level": "info",
  "message": "Fetching recipe with ID 191",
  "service": "LoggingService",
  "timestamp": "2025-03-13T04:06:53.488Z"
}
{
  "context": "ApplicationError",
  "error": "Recipe with ID 191 not found",
  "level": "error",
  "message": "Failed to fetch recipe with ID 191: Application Error",
  "service": "LoggingService",
  "timestamp": "2025-03-13T04:06:53.603Z"
}
{
  "context": "RecipeController",
  "level": "info",
  "message": "Received request to get recipes",
  "service": "LoggingService",
  "timestamp": "2025-03-13T16:22:13.562Z"
}
{
  "context": "RecipeService",
  "level": "info",
  "message": "Fetching recipes with params: {\"skip\":0,\"take\":10}",
  "service": "LoggingService",
  "timestamp": "2025-03-13T16:22:13.564Z"
}
{
  "context": "RecipeController",
  "level": "info",
  "message": "Received request to get recipes",
  "service": "LoggingService",
  "timestamp": "2025-03-13T16:22:19.471Z"
}
{
  "context": "RecipeService",
  "level": "info",
  "message": "Fetching recipes with params: {\"skip\":0,\"take\":10}",
  "service": "LoggingService",
  "timestamp": "2025-03-13T16:22:19.472Z"
}
{
  "context": "RecipeController",
  "level": "info",
  "message": "Received request to get recipe with ID 410",
  "service": "LoggingService",
  "timestamp": "2025-03-13T16:22:23.537Z"
}
{
  "context": "RecipeService",
  "level": "info",
  "message": "Fetching recipe with ID 410",
  "service": "LoggingService",
  "timestamp": "2025-03-13T16:22:23.539Z"
}
{
  "context": "ApplicationError",
  "error": "Recipe with ID 410 not found",
  "level": "error",
  "message": "Failed to fetch recipe with ID 410: Application Error",
  "service": "LoggingService",
  "timestamp": "2025-03-13T16:22:23.547Z"
}
{
  "context": "RecipeController",
  "level": "info",
  "message": "Received request to get recipes",
  "service": "LoggingService",
  "timestamp": "2025-03-13T16:22:55.441Z"
}
{
  "context": "RecipeService",
  "level": "info",
  "message": "Fetching recipes with params: {\"skip\":0,\"take\":10}",
  "service": "LoggingService",
  "timestamp": "2025-03-13T16:22:55.441Z"
}
{
  "context": "RecipeController",
  "level": "info",
  "message": "Received request to get recipes",
  "service": "LoggingService",
  "timestamp": "2025-03-13T16:23:00.958Z"
}
{
  "context": "RecipeService",
  "level": "info",
  "message": "Fetching recipes with params: {\"skip\":0,\"take\":10}",
  "service": "LoggingService",
  "timestamp": "2025-03-13T16:23:00.958Z"
}
{
  "context": "RecipeController",
  "level": "info",
  "message": "Received request to get recipes",
  "service": "LoggingService",
  "timestamp": "2025-03-13T16:23:09.595Z"
}
{
  "context": "RecipeService",
  "level": "info",
  "message": "Fetching recipes with params: {\"skip\":0,\"take\":10}",
  "service": "LoggingService",
  "timestamp": "2025-03-13T16:23:09.595Z"
}
{
  "context": "RecipeController",
  "level": "info",
  "message": "Received request to get recipes",
  "service": "LoggingService",
  "timestamp": "2025-03-13T16:23:15.500Z"
}
{
  "context": "RecipeService",
  "level": "info",
  "message": "Fetching recipes with params: {\"skip\":0,\"take\":10}",
  "service": "LoggingService",
  "timestamp": "2025-03-13T16:23:15.501Z"
}
{
  "context": "RecipeController",
  "level": "info",
  "message": "Received request to get recipe with ID 496",
  "service": "LoggingService",
  "timestamp": "2025-03-13T16:23:24.804Z"
}
{
  "context": "RecipeService",
  "level": "info",
  "message": "Fetching recipe with ID 496",
  "service": "LoggingService",
  "timestamp": "2025-03-13T16:23:24.804Z"
}
{
  "context": "RecipeController",
  "level": "info",
  "message": "Received request to get recipe with ID 496",
  "service": "LoggingService",
  "timestamp": "2025-03-13T16:30:28.304Z"
}
{
  "context": "RecipeService",
  "level": "info",
  "message": "Fetching recipe with ID 496",
  "service": "LoggingService",
  "timestamp": "2025-03-13T16:30:28.306Z"
}
{
  "context": "RecipeController",
  "level": "info",
  "message": "Received request to get recipe with ID 496",
  "service": "LoggingService",
  "timestamp": "2025-03-13T16:30:50.006Z"
}
{
  "context": "RecipeService",
  "level": "info",
  "message": "Fetching recipe with ID 496",
  "service": "LoggingService",
  "timestamp": "2025-03-13T16:30:50.006Z"
}
{
  "context": "RecipeController",
  "level": "info",
  "message": "Received request to get recipes",
  "service": "LoggingService",
  "timestamp": "2025-03-13T16:34:36.248Z"
}
{
  "context": "RecipeService",
  "level": "info",
  "message": "Fetching recipes with params: {\"skip\":0,\"take\":10}",
  "service": "LoggingService",
  "timestamp": "2025-03-13T16:34:36.249Z"
}
{
  "context": "RecipeController",
  "level": "info",
  "message": "Received request to get recipe with ID 505",
  "service": "LoggingService",
  "timestamp": "2025-03-13T16:34:44.043Z"
}
{
  "context": "RecipeService",
  "level": "info",
  "message": "Fetching recipe with ID 505",
  "service": "LoggingService",
  "timestamp": "2025-03-13T16:34:44.043Z"
}
{
  "context": "RecipeController",
  "level": "info",
  "message": "Received request to get recipe with ID 496",
  "service": "LoggingService",
  "timestamp": "2025-03-13T16:34:53.468Z"
}
{
  "context": "RecipeService",
  "level": "info",
  "message": "Fetching recipe with ID 496",
  "service": "LoggingService",
  "timestamp": "2025-03-13T16:34:53.469Z"
}
{
  "context": "RecipeController",
  "level": "info",
  "message": "Received request to get recipe with ID 505",
  "service": "LoggingService",
  "timestamp": "2025-03-13T16:35:52.109Z"
}
{
  "context": "RecipeService",
  "level": "info",
  "message": "Fetching recipe with ID 505",
  "service": "LoggingService",
  "timestamp": "2025-03-13T16:35:52.109Z"
}
{
  "context": "RecipeController",
  "level": "info",
  "message": "Received request to get recipe with ID 505",
  "service": "LoggingService",
  "timestamp": "2025-03-13T16:36:00.044Z"
}
{
  "context": "RecipeService",
  "level": "info",
  "message": "Fetching recipe with ID 505",
  "service": "LoggingService",
  "timestamp": "2025-03-13T16:36:00.044Z"
}
{
  "context": "RecipeController",
  "level": "info",
  "message": "Received request to get recipe with ID 505",
  "service": "LoggingService",
  "timestamp": "2025-03-13T16:36:37.541Z"
}
{
  "context": "RecipeService",
  "level": "info",
  "message": "Fetching recipe with ID 505",
  "service": "LoggingService",
  "timestamp": "2025-03-13T16:36:37.542Z"
}
{
  "context": "RecipeController",
  "level": "info",
  "message": "Received request to get recipe with ID 505",
  "service": "LoggingService",
  "timestamp": "2025-03-14T00:34:43.704Z"
}
{
  "context": "RecipeService",
  "level": "info",
  "message": "Fetching recipe with ID 505",
  "service": "LoggingService",
  "timestamp": "2025-03-14T00:34:43.705Z"
}
{
  "context": "RecipeController",
  "level": "info",
  "message": "Received request to get recipe with ID 505",
  "service": "LoggingService",
  "timestamp": "2025-03-14T00:34:57.202Z"
}
{
  "context": "RecipeService",
  "level": "info",
  "message": "Fetching recipe with ID 505",
  "service": "LoggingService",
  "timestamp": "2025-03-14T00:34:57.203Z"
}
{
  "context": "RecipeController",
  "level": "info",
  "message": "Received request to get recipe with ID 505",
  "service": "LoggingService",
  "timestamp": "2025-03-14T00:35:04.515Z"
}
{
  "context": "RecipeService",
  "level": "info",
  "message": "Fetching recipe with ID 505",
  "service": "LoggingService",
  "timestamp": "2025-03-14T00:35:04.516Z"
}
{
  "context": "RecipeController",
  "level": "info",
  "message": "Received request to get recipe with ID 505",
  "service": "LoggingService",
  "timestamp": "2025-03-14T00:35:29.204Z"
}
{
  "context": "RecipeService",
  "level": "info",
  "message": "Fetching recipe with ID 505",
  "service": "LoggingService",
  "timestamp": "2025-03-14T00:35:29.204Z"
}
{
  "context": "RecipeController",
  "level": "info",
  "message": "Received request to get recipe with ID 412",
  "service": "LoggingService",
  "timestamp": "2025-03-14T01:11:24.567Z"
}
{
  "context": "RecipeService",
  "level": "info",
  "message": "Fetching recipe with ID 412",
  "service": "LoggingService",
  "timestamp": "2025-03-14T01:11:24.572Z"
}
{
  "context": "ApplicationError",
  "error": "Recipe with ID 412 not found",
  "level": "error",
  "message": "Failed to fetch recipe with ID 412: Application Error",
  "service": "LoggingService",
  "timestamp": "2025-03-14T01:11:24.590Z"
}
{
  "context": "RecipeController",
  "level": "info",
  "message": "Received request to get recipes",
  "service": "LoggingService",
  "timestamp": "2025-03-14T01:11:36.453Z"
}
{
  "context": "RecipeService",
  "level": "info",
  "message": "Fetching recipes with params: {\"skip\":0,\"take\":10}",
  "service": "LoggingService",
  "timestamp": "2025-03-14T01:11:36.454Z"
}
{
  "context": "RecipeController",
  "level": "info",
  "message": "Received request to get recipe with ID 496",
  "service": "LoggingService",
  "timestamp": "2025-03-14T01:11:39.261Z"
}
{
  "context": "RecipeService",
  "level": "info",
  "message": "Fetching recipe with ID 496",
  "service": "LoggingService",
  "timestamp": "2025-03-14T01:11:39.262Z"
}
{
  "context": "RecipeController",
  "level": "info",
  "message": "Received request to get recipe with ID 496",
  "service": "LoggingService",
  "timestamp": "2025-03-14T01:11:42.830Z"
}
{
  "context": "RecipeService",
  "level": "info",
  "message": "Fetching recipe with ID 496",
  "service": "LoggingService",
  "timestamp": "2025-03-14T01:11:42.830Z"
}
{
  "context": "RecipeController",
  "level": "info",
  "message": "Received request to get recipe with ID 496",
  "service": "LoggingService",
  "timestamp": "2025-03-14T01:11:46.529Z"
}
{
  "context": "RecipeService",
  "level": "info",
  "message": "Fetching recipe with ID 496",
  "service": "LoggingService",
  "timestamp": "2025-03-14T01:11:46.529Z"
}
{
  "context": "RecipeController",
  "level": "info",
  "message": "Received request to get recipe with ID 496",
  "service": "LoggingService",
  "timestamp": "2025-03-14T01:11:47.818Z"
}
{
  "context": "RecipeService",
  "level": "info",
  "message": "Fetching recipe with ID 496",
  "service": "LoggingService",
  "timestamp": "2025-03-14T01:11:47.818Z"
}
{
  "context": "RecipeController",
  "level": "info",
  "message": "Received request to get recipe with ID 496",
  "service": "LoggingService",
  "timestamp": "2025-03-14T01:11:49.105Z"
}
{
  "context": "RecipeService",
  "level": "info",
  "message": "Fetching recipe with ID 496",
  "service": "LoggingService",
  "timestamp": "2025-03-14T01:11:49.105Z"
}
{
  "context": "RecipeController",
  "level": "info",
  "message": "Received request to get recipe with ID 496",
  "service": "LoggingService",
  "timestamp": "2025-03-14T01:12:50.647Z"
}
{
  "context": "RecipeService",
  "level": "info",
  "message": "Fetching recipe with ID 496",
  "service": "LoggingService",
  "timestamp": "2025-03-14T01:12:50.648Z"
}
{
  "context": "RecipeController",
  "level": "info",
  "message": "Received request to get recipe with ID 496",
  "service": "LoggingService",
  "timestamp": "2025-03-14T01:27:24.652Z"
}
{
  "context": "RecipeService",
  "level": "info",
  "message": "Fetching recipe with ID 496",
  "service": "LoggingService",
  "timestamp": "2025-03-14T01:27:24.652Z"
}
{
  "context": "RecipeController",
  "level": "info",
  "message": "Received request to get recipes",
  "service": "LoggingService",
  "timestamp": "2025-03-14T01:34:53.401Z"
}
{
  "context": "RecipeService",
  "level": "info",
  "message": "Fetching recipes with params: {\"skip\":0,\"take\":10}",
  "service": "LoggingService",
  "timestamp": "2025-03-14T01:34:53.401Z"
}
{
  "context": "RecipeController",
  "level": "info",
  "message": "Received request to get recipe with ID 496",
  "service": "LoggingService",
  "timestamp": "2025-03-14T01:34:57.892Z"
}
{
  "context": "RecipeService",
  "level": "info",
  "message": "Fetching recipe with ID 496",
  "service": "LoggingService",
  "timestamp": "2025-03-14T01:34:57.893Z"
}
{
  "context": "RecipeController",
  "level": "info",
  "message": "Received request to get recipe with ID 496",
  "service": "LoggingService",
  "timestamp": "2025-03-14T01:37:10.080Z"
}
{
  "context": "RecipeService",
  "level": "info",
  "message": "Fetching recipe with ID 496",
  "service": "LoggingService",
  "timestamp": "2025-03-14T01:37:10.081Z"
}
{
  "context": "RecipeController",
  "level": "info",
  "message": "Received request to get recipe with ID 496",
  "service": "LoggingService",
  "timestamp": "2025-03-14T01:37:14.509Z"
}
{
  "context": "RecipeService",
  "level": "info",
  "message": "Fetching recipe with ID 496",
  "service": "LoggingService",
  "timestamp": "2025-03-14T01:37:14.509Z"
}
{
  "context": "RecipeController",
  "level": "info",
  "message": "Received request to get recipe with ID 496",
  "service": "LoggingService",
  "timestamp": "2025-03-14T01:37:31.126Z"
}
{
  "context": "RecipeService",
  "level": "info",
  "message": "Fetching recipe with ID 496",
  "service": "LoggingService",
  "timestamp": "2025-03-14T01:37:31.126Z"
}
{
  "context": "RecipeController",
  "level": "info",
  "message": "Received request to get recipes",
  "service": "LoggingService",
  "timestamp": "2025-03-14T01:38:04.905Z"
}
{
  "context": "RecipeService",
  "level": "info",
  "message": "Fetching recipes with params: {\"skip\":0,\"take\":10}",
  "service": "LoggingService",
  "timestamp": "2025-03-14T01:38:04.905Z"
}
{
  "context": "RecipeController",
  "level": "info",
  "message": "Received request to get recipe with ID 505",
  "service": "LoggingService",
  "timestamp": "2025-03-14T01:38:07.908Z"
}
{
  "context": "RecipeService",
  "level": "info",
  "message": "Fetching recipe with ID 505",
  "service": "LoggingService",
  "timestamp": "2025-03-14T01:38:07.908Z"
}
{
  "context": "RecipeController",
  "level": "info",
  "message": "Received request to get recipe with ID 505",
  "service": "LoggingService",
  "timestamp": "2025-03-14T01:38:14.044Z"
}
{
  "context": "RecipeService",
  "level": "info",
  "message": "Fetching recipe with ID 505",
  "service": "LoggingService",
  "timestamp": "2025-03-14T01:38:14.045Z"
}
{
  "context": "RecipeController",
  "level": "info",
  "message": "Received request to get recipe with ID 505",
  "service": "LoggingService",
  "timestamp": "2025-03-14T01:39:46.378Z"
}
{
  "context": "RecipeService",
  "level": "info",
  "message": "Fetching recipe with ID 505",
  "service": "LoggingService",
  "timestamp": "2025-03-14T01:39:46.378Z"
}
{
  "context": "RecipeController",
  "level": "info",
  "message": "Received request to get recipe with ID 505",
  "service": "LoggingService",
  "timestamp": "2025-03-14T01:46:57.118Z"
}
{
  "context": "RecipeService",
  "level": "info",
  "message": "Fetching recipe with ID 505",
  "service": "LoggingService",
  "timestamp": "2025-03-14T01:46:57.119Z"
}
{
  "context": "RecipeController",
  "level": "info",
  "message": "Received request to get recipe with ID 505",
  "service": "LoggingService",
  "timestamp": "2025-03-14T01:47:35.000Z"
}
{
  "context": "RecipeService",
  "level": "info",
  "message": "Fetching recipe with ID 505",
  "service": "LoggingService",
  "timestamp": "2025-03-14T01:47:35.000Z"
}
{
  "context": "RecipeController",
  "level": "info",
  "message": "Received request to get recipe with ID 505",
  "service": "LoggingService",
  "timestamp": "2025-03-14T02:01:38.011Z"
}
{
  "context": "RecipeService",
  "level": "info",
  "message": "Fetching recipe with ID 505",
  "service": "LoggingService",
  "timestamp": "2025-03-14T02:01:38.012Z"
}
{
  "context": "RecipeController",
  "level": "info",
  "message": "Received request to get recipe with ID 505",
  "service": "LoggingService",
  "timestamp": "2025-03-14T02:03:31.183Z"
}
{
  "context": "RecipeService",
  "level": "info",
  "message": "Fetching recipe with ID 505",
  "service": "LoggingService",
  "timestamp": "2025-03-14T02:03:31.184Z"
}
{
  "context": "RecipeController",
  "level": "info",
  "message": "Received request to get recipe with ID 505",
  "service": "LoggingService",
  "timestamp": "2025-03-14T02:03:51.859Z"
}
{
  "context": "RecipeService",
  "level": "info",
  "message": "Fetching recipe with ID 505",
  "service": "LoggingService",
  "timestamp": "2025-03-14T02:03:51.860Z"
}
{
  "context": "RecipeController",
  "level": "info",
  "message": "Received request to get recipe with ID 505",
  "service": "LoggingService",
  "timestamp": "2025-03-14T02:05:17.166Z"
}
{
  "context": "RecipeService",
  "level": "info",
  "message": "Fetching recipe with ID 505",
  "service": "LoggingService",
  "timestamp": "2025-03-14T02:05:17.166Z"
}
{
  "context": "RecipeController",
  "level": "info",
  "message": "Received request to get recipe with ID 505",
  "service": "LoggingService",
  "timestamp": "2025-03-14T02:06:55.445Z"
}
{
  "context": "RecipeService",
  "level": "info",
  "message": "Fetching recipe with ID 505",
  "service": "LoggingService",
  "timestamp": "2025-03-14T02:06:55.445Z"
}
{
  "context": "RecipeController",
  "level": "info",
  "message": "Received request to get recipe with ID 505",
  "service": "LoggingService",
  "timestamp": "2025-03-14T02:07:33.590Z"
}
{
  "context": "RecipeService",
  "level": "info",
  "message": "Fetching recipe with ID 505",
  "service": "LoggingService",
  "timestamp": "2025-03-14T02:07:33.591Z"
}
{
  "context": "RecipeController",
  "level": "info",
  "message": "Received request to get recipe with ID 505",
  "service": "LoggingService",
  "timestamp": "2025-03-14T02:09:47.182Z"
}
{
  "context": "RecipeService",
  "level": "info",
  "message": "Fetching recipe with ID 505",
  "service": "LoggingService",
  "timestamp": "2025-03-14T02:09:47.183Z"
}
{
  "context": "RecipeController",
  "level": "info",
  "message": "Received request to get recipes",
  "service": "LoggingService",
  "timestamp": "2025-03-14T02:10:42.679Z"
}
{
  "context": "RecipeService",
  "level": "info",
  "message": "Fetching recipes with params: {\"skip\":0,\"take\":10}",
  "service": "LoggingService",
  "timestamp": "2025-03-14T02:10:42.681Z"
}
{
  "context": "RecipeController",
  "level": "info",
  "message": "Received request to get recipe with ID 496",
  "service": "LoggingService",
  "timestamp": "2025-03-14T02:10:45.481Z"
}
{
  "context": "RecipeService",
  "level": "info",
  "message": "Fetching recipe with ID 496",
  "service": "LoggingService",
  "timestamp": "2025-03-14T02:10:45.482Z"
}
{
  "context": "RecipeController",
  "level": "info",
  "message": "Received request to get recipe with ID 496",
  "service": "LoggingService",
  "timestamp": "2025-03-14T02:10:48.469Z"
}
{
  "context": "RecipeService",
  "level": "info",
  "message": "Fetching recipe with ID 496",
  "service": "LoggingService",
  "timestamp": "2025-03-14T02:10:48.470Z"
}
{
  "context": "RecipeController",
  "level": "info",
  "message": "Received request to get recipe with ID 496",
  "service": "LoggingService",
  "timestamp": "2025-03-14T02:13:01.240Z"
}
{
  "context": "RecipeService",
  "level": "info",
  "message": "Fetching recipe with ID 496",
  "service": "LoggingService",
  "timestamp": "2025-03-14T02:13:01.240Z"
}
{
  "context": "RecipeController",
  "level": "info",
  "message": "Received request to get recipe with ID 496",
  "service": "LoggingService",
  "timestamp": "2025-03-14T02:13:37.779Z"
}
{
  "context": "RecipeService",
  "level": "info",
  "message": "Fetching recipe with ID 496",
  "service": "LoggingService",
  "timestamp": "2025-03-14T02:13:37.781Z"
}
{
  "context": "RecipeController",
  "level": "info",
  "message": "Received request to get recipe with ID 496",
  "service": "LoggingService",
  "timestamp": "2025-03-14T02:13:43.031Z"
}
{
  "context": "RecipeService",
  "level": "info",
  "message": "Fetching recipe with ID 496",
  "service": "LoggingService",
  "timestamp": "2025-03-14T02:13:43.032Z"
}
{
  "context": "RecipeController",
  "level": "info",
  "message": "Received request to get recipe with ID 496",
  "service": "LoggingService",
  "timestamp": "2025-03-14T02:14:07.940Z"
}
{
  "context": "RecipeService",
  "level": "info",
  "message": "Fetching recipe with ID 496",
  "service": "LoggingService",
  "timestamp": "2025-03-14T02:14:07.941Z"
}
{
  "context": "RecipeController",
  "level": "info",
  "message": "Received request to get recipe with ID 496",
  "service": "LoggingService",
  "timestamp": "2025-03-14T02:14:19.100Z"
}
{
  "context": "RecipeService",
  "level": "info",
  "message": "Fetching recipe with ID 496",
  "service": "LoggingService",
  "timestamp": "2025-03-14T02:14:19.100Z"
}
{
  "context": "RecipeController",
  "level": "info",
  "message": "Received request to get recipe with ID 496",
  "service": "LoggingService",
  "timestamp": "2025-03-14T02:14:20.233Z"
}
{
  "context": "RecipeService",
  "level": "info",
  "message": "Fetching recipe with ID 496",
  "service": "LoggingService",
  "timestamp": "2025-03-14T02:14:20.233Z"
}
{
  "context": "RecipeController",
  "level": "info",
  "message": "Received request to get recipe with ID 496",
  "service": "LoggingService",
  "timestamp": "2025-03-14T02:16:53.305Z"
}
{
  "context": "RecipeService",
  "level": "info",
  "message": "Fetching recipe with ID 496",
  "service": "LoggingService",
  "timestamp": "2025-03-14T02:16:53.306Z"
}
{
  "context": "RecipeController",
  "level": "info",
  "message": "Received request to get recipe with ID 496",
  "service": "LoggingService",
  "timestamp": "2025-03-14T02:17:46.756Z"
}
{
  "context": "RecipeService",
  "level": "info",
  "message": "Fetching recipe with ID 496",
  "service": "LoggingService",
  "timestamp": "2025-03-14T02:17:46.757Z"
}
{
  "context": "RecipeController",
  "level": "info",
  "message": "Received request to get recipes",
  "service": "LoggingService",
  "timestamp": "2025-03-14T02:17:49.598Z"
}
{
  "context": "RecipeService",
  "level": "info",
  "message": "Fetching recipes with params: {\"skip\":0,\"take\":10}",
  "service": "LoggingService",
  "timestamp": "2025-03-14T02:17:49.599Z"
}
{
  "context": "RecipeController",
  "level": "info",
  "message": "Received request to get recipe with ID 504",
  "service": "LoggingService",
  "timestamp": "2025-03-14T02:17:51.483Z"
}
{
  "context": "RecipeService",
  "level": "info",
  "message": "Fetching recipe with ID 504",
  "service": "LoggingService",
  "timestamp": "2025-03-14T02:17:51.483Z"
}
{
  "context": "RecipeController",
  "level": "info",
  "message": "Received request to get recipe with ID 504",
  "service": "LoggingService",
  "timestamp": "2025-03-14T02:18:04.450Z"
}
{
  "context": "RecipeService",
  "level": "info",
  "message": "Fetching recipe with ID 504",
  "service": "LoggingService",
  "timestamp": "2025-03-14T02:18:04.450Z"
}
