{
  "context": "RecipeController",
  "level": "info",
  "message": "Received request to get recipe with ID 410",
  "service": "LoggingService",
  "timestamp": "2025-03-10T17:50:12.558Z"
}
{
  "context": "RecipeService",
  "level": "info",
  "message": "Fetching recipe with ID 410",
  "service": "LoggingService",
  "timestamp": "2025-03-10T17:50:12.572Z"
}
{
  "context": "RecipeController",
  "level": "info",
  "message": "Received request to get recipe with ID 410",
  "service": "LoggingService",
  "timestamp": "2025-03-10T17:50:19.493Z"
}
{
  "context": "RecipeService",
  "level": "info",
  "message": "Fetching recipe with ID 410",
  "service": "LoggingService",
  "timestamp": "2025-03-10T17:50:19.494Z"
}
{
  "context": "RecipeController",
  "level": "info",
  "message": "Received request to get recipe with ID 410",
  "service": "LoggingService",
  "timestamp": "2025-03-10T17:50:32.996Z"
}
{
  "context": "RecipeService",
  "level": "info",
  "message": "Fetching recipe with ID 410",
  "service": "LoggingService",
  "timestamp": "2025-03-10T17:50:32.997Z"
}
{
  "context": "RecipeController",
  "level": "info",
  "message": "Received request to get recipe with ID 410",
  "service": "LoggingService",
  "timestamp": "2025-03-10T17:50:35.589Z"
}
{
  "context": "RecipeService",
  "level": "info",
  "message": "Fetching recipe with ID 410",
  "service": "LoggingService",
  "timestamp": "2025-03-10T17:50:35.590Z"
}
{
  "context": "RecipeController",
  "level": "info",
  "message": "Received request to get recipes",
  "service": "LoggingService",
  "timestamp": "2025-03-10T17:50:49.948Z"
}
{
  "context": "RecipeService",
  "level": "info",
  "message": "Fetching recipes with params: {\"skip\":0,\"take\":10}",
  "service": "LoggingService",
  "timestamp": "2025-03-10T17:50:49.949Z"
}
{
  "context": "RecipeController",
  "level": "info",
  "message": "Received request to get recipes",
  "service": "LoggingService",
  "timestamp": "2025-03-10T18:48:40.725Z"
}
{
  "context": "RecipeService",
  "level": "info",
  "message": "Fetching recipes with params: {\"skip\":0,\"take\":10}",
  "service": "LoggingService",
  "timestamp": "2025-03-10T18:48:40.729Z"
}
{
  "context": "RecipeController",
  "level": "info",
  "message": "Received request to get recipes",
  "service": "LoggingService",
  "timestamp": "2025-03-10T18:48:46.761Z"
}
{
  "context": "RecipeService",
  "level": "info",
  "message": "Fetching recipes with params: {\"skip\":0,\"take\":10}",
  "service": "LoggingService",
  "timestamp": "2025-03-10T18:48:46.761Z"
}
{
  "context": "RecipeController",
  "level": "info",
  "message": "Received request to get recipes",
  "service": "LoggingService",
  "timestamp": "2025-03-10T18:49:03.138Z"
}
{
  "context": "RecipeService",
  "level": "info",
  "message": "Fetching recipes with params: {\"skip\":0,\"take\":10}",
  "service": "LoggingService",
  "timestamp": "2025-03-10T18:49:03.139Z"
}
{
  "context": "RecipeController",
  "level": "info",
  "message": "Received request to get recipes",
  "service": "LoggingService",
  "timestamp": "2025-03-10T18:55:32.078Z"
}
{
  "context": "RecipeService",
  "level": "info",
  "message": "Fetching recipes with params: {\"skip\":0,\"take\":10}",
  "service": "LoggingService",
  "timestamp": "2025-03-10T18:55:32.080Z"
}
{
  "context": "RecipeController",
  "level": "info",
  "message": "Received request to get recipes",
  "service": "LoggingService",
  "timestamp": "2025-03-10T18:55:56.319Z"
}
{
  "context": "RecipeService",
  "level": "info",
  "message": "Fetching recipes with params: {\"skip\":0,\"take\":10}",
  "service": "LoggingService",
  "timestamp": "2025-03-10T18:55:56.320Z"
}
{
  "context": "RecipeController",
  "level": "info",
  "message": "Received request to get recipes",
  "service": "LoggingService",
  "timestamp": "2025-03-10T18:56:40.566Z"
}
{
  "context": "RecipeService",
  "level": "info",
  "message": "Fetching recipes with params: {\"skip\":0,\"take\":10}",
  "service": "LoggingService",
  "timestamp": "2025-03-10T18:56:40.567Z"
}
{
  "context": "RecipeController",
  "level": "info",
  "message": "Received request to get recipes",
  "service": "LoggingService",
  "timestamp": "2025-03-10T18:56:46.692Z"
}
{
  "context": "RecipeService",
  "level": "info",
  "message": "Fetching recipes with params: {\"skip\":0,\"take\":10}",
  "service": "LoggingService",
  "timestamp": "2025-03-10T18:56:46.693Z"
}
{
  "context": "RecipeController",
  "level": "info",
  "message": "Received request to get recipe with ID 410",
  "service": "LoggingService",
  "timestamp": "2025-03-10T18:56:56.270Z"
}
{
  "context": "RecipeService",
  "level": "info",
  "message": "Fetching recipe with ID 410",
  "service": "LoggingService",
  "timestamp": "2025-03-10T18:56:56.271Z"
}
{
  "context": "RecipeController",
  "level": "info",
  "message": "Received request to get recipe with ID 410",
  "service": "LoggingService",
  "timestamp": "2025-03-10T18:58:20.235Z"
}
{
  "context": "RecipeService",
  "level": "info",
  "message": "Fetching recipe with ID 410",
  "service": "LoggingService",
  "timestamp": "2025-03-10T18:58:20.236Z"
}
{
  "context": "RecipeController",
  "level": "info",
  "message": "Received request to get recipe with ID 410",
  "service": "LoggingService",
  "timestamp": "2025-03-10T18:58:52.062Z"
}
{
  "context": "RecipeService",
  "level": "info",
  "message": "Fetching recipe with ID 410",
  "service": "LoggingService",
  "timestamp": "2025-03-10T18:58:52.062Z"
}
{
  "context": "RecipeController",
  "level": "info",
  "message": "Received request to get recipe with ID 410",
  "service": "LoggingService",
  "timestamp": "2025-03-10T18:58:59.726Z"
}
{
  "context": "RecipeService",
  "level": "info",
  "message": "Fetching recipe with ID 410",
  "service": "LoggingService",
  "timestamp": "2025-03-10T18:58:59.727Z"
}
{
  "context": "RecipeController",
  "level": "info",
  "message": "Received request to get recipes",
  "service": "LoggingService",
  "timestamp": "2025-03-10T19:15:27.313Z"
}
{
  "context": "RecipeService",
  "level": "info",
  "message": "Fetching recipes with params: {\"skip\":0,\"take\":10}",
  "service": "LoggingService",
  "timestamp": "2025-03-10T19:15:27.314Z"
}
{
  "context": "RecipeController",
  "level": "info",
  "message": "Received request to get recipe with ID 410",
  "service": "LoggingService",
  "timestamp": "2025-03-10T19:15:29.389Z"
}
{
  "context": "RecipeService",
  "level": "info",
  "message": "Fetching recipe with ID 410",
  "service": "LoggingService",
  "timestamp": "2025-03-10T19:15:29.389Z"
}
{
  "context": "RecipeController",
  "level": "info",
  "message": "Received request to get recipe with ID 410",
  "service": "LoggingService",
  "timestamp": "2025-03-10T19:16:13.378Z"
}
{
  "context": "RecipeService",
  "level": "info",
  "message": "Fetching recipe with ID 410",
  "service": "LoggingService",
  "timestamp": "2025-03-10T19:16:13.378Z"
}
{
  "context": "RecipeController",
  "level": "info",
  "message": "Received request to get recipe with ID 410",
  "service": "LoggingService",
  "timestamp": "2025-03-10T19:20:04.816Z"
}
{
  "context": "RecipeService",
  "level": "info",
  "message": "Fetching recipe with ID 410",
  "service": "LoggingService",
  "timestamp": "2025-03-10T19:20:04.816Z"
}
{
  "context": "RecipeController",
  "level": "info",
  "message": "Received request to get recipe with ID 410",
  "service": "LoggingService",
  "timestamp": "2025-03-10T19:20:11.121Z"
}
{
  "context": "RecipeService",
  "level": "info",
  "message": "Fetching recipe with ID 410",
  "service": "LoggingService",
  "timestamp": "2025-03-10T19:20:11.122Z"
}
