{
  "context": "CookBookController",
  "level": "info",
  "message": "Received request to get cookbooks",
  "service": "LoggingService",
  "timestamp": "2024-11-11T20:18:32.363Z"
}
{
  "context": "IngredientController",
  "level": "info",
  "message": "Received request to get ingredients",
  "service": "LoggingService",
  "timestamp": "2024-11-11T20:18:32.411Z"
}
{
  "context": "RecipeController",
  "level": "info",
  "message": "Received request to get recipes",
  "service": "LoggingService",
  "timestamp": "2024-11-11T20:18:32.429Z"
}
{
  "context": "RecipeService",
  "level": "info",
  "message": "Fetching recipes with params: {\"skip\":0,\"take\":10,\"searchTerm\":\"\"}",
  "service": "LoggingService",
  "timestamp": "2024-11-11T20:18:32.431Z"
}
{
  "context": "CookBookController",
  "level": "info",
  "message": "Received request to get cookbooks",
  "service": "LoggingService",
  "timestamp": "2024-11-11T20:25:12.773Z"
}
{
  "context": "IngredientController",
  "level": "info",
  "message": "Received request to get ingredients",
  "service": "LoggingService",
  "timestamp": "2024-11-11T20:25:12.804Z"
}
{
  "context": "RecipeController",
  "level": "info",
  "message": "Received request to get recipes",
  "service": "LoggingService",
  "timestamp": "2024-11-11T20:25:12.813Z"
}
{
  "context": "RecipeService",
  "level": "info",
  "message": "Fetching recipes with params: {\"skip\":0,\"take\":10,\"searchTerm\":\"\"}",
  "service": "LoggingService",
  "timestamp": "2024-11-11T20:25:12.815Z"
}
{
  "context": "CookBookController",
  "level": "info",
  "message": "Received request to get cookbooks",
  "service": "LoggingService",
  "timestamp": "2024-11-11T20:31:52.512Z"
}
{
  "context": "IngredientController",
  "level": "info",
  "message": "Received request to get ingredients",
  "service": "LoggingService",
  "timestamp": "2024-11-11T20:31:52.531Z"
}
{
  "context": "RecipeController",
  "level": "info",
  "message": "Received request to get recipes",
  "service": "LoggingService",
  "timestamp": "2024-11-11T20:31:52.538Z"
}
{
  "context": "RecipeService",
  "level": "info",
  "message": "Fetching recipes with params: {\"skip\":0,\"take\":10,\"searchTerm\":\"\"}",
  "service": "LoggingService",
  "timestamp": "2024-11-11T20:31:52.538Z"
}
{
  "context": "CookBookController",
  "level": "info",
  "message": "Received request to get cookbooks",
  "service": "LoggingService",
  "timestamp": "2024-11-11T20:32:53.616Z"
}
{
  "context": "IngredientController",
  "level": "info",
  "message": "Received request to get ingredients",
  "service": "LoggingService",
  "timestamp": "2024-11-11T20:32:53.626Z"
}
{
  "context": "RecipeController",
  "level": "info",
  "message": "Received request to get recipes",
  "service": "LoggingService",
  "timestamp": "2024-11-11T20:32:53.634Z"
}
{
  "context": "RecipeService",
  "level": "info",
  "message": "Fetching recipes with params: {\"skip\":0,\"take\":10,\"searchTerm\":\"\"}",
  "service": "LoggingService",
  "timestamp": "2024-11-11T20:32:53.634Z"
}
{
  "context": "CookBookController",
  "level": "info",
  "message": "Received request to get cookbooks",
  "service": "LoggingService",
  "timestamp": "2024-11-11T20:33:06.789Z"
}
{
  "context": "IngredientController",
  "level": "info",
  "message": "Received request to get ingredients",
  "service": "LoggingService",
  "timestamp": "2024-11-11T20:33:06.798Z"
}
{
  "context": "RecipeController",
  "level": "info",
  "message": "Received request to get recipes",
  "service": "LoggingService",
  "timestamp": "2024-11-11T20:33:06.805Z"
}
{
  "context": "RecipeService",
  "level": "info",
  "message": "Fetching recipes with params: {\"skip\":0,\"take\":10,\"searchTerm\":\"\"}",
  "service": "LoggingService",
  "timestamp": "2024-11-11T20:33:06.805Z"
}
{
  "context": "RecipeController",
  "level": "info",
  "message": "Received request to update recipe with ID 1",
  "service": "LoggingService",
  "timestamp": "2024-11-11T20:34:36.377Z"
}
{
  "context": "RecipeService",
  "level": "info",
  "message": "Updating recipe: {\"data\":{\"name\":\"Ergonomic Plastic Chicken\",\"imageUrl\":[\"h\"],\"description\":\"Tantillus deorsum deorsum optio anser reiciendis vester cicuta crustulum reprehenderit. Adsum caterva abscido curis. Balbus ascit compono fugiat ultio curiositas.\",\"servings\":8,\"cookTime\":23,\"prepTime\":59,\"frequency\":null,\"foodCost\":null,\"restaurant\":{\"connect\":{\"id\":2}},\"cookBook\":{\"connect\":{\"id\":2}},\"ingredients\":{\"create\":[{\"quantity\":2.5,\"unit\":\"kilogram\",\"ingredient\":{\"connect\":{\"id\":28}}},{\"quantity\":2.75,\"unit\":\"cup\",\"ingredient\":{\"connect\":{\"id\":34}}},{\"quantity\":10,\"unit\":\"teaspoon\",\"ingredient\":{\"connect\":{\"id\":42}}},{\"quantity\":309,\"unit\":\"milliliter\",\"ingredient\":{\"connect\":{\"id\":16}}},{\"quantity\":3.5,\"unit\":\"kilogram\",\"ingredient\":{\"connect\":{\"id\":23}}}],\"update\":[]},\"instructions\":{\"create\":[],\"update\":[{\"where\":{\"id\":125},\"data\":{\"stepNumber\":1,\"instruction\":\"watt\",\"imageUrl\":\"https://loremflickr.com/640/480/food?lock=4992512099876864\"}},{\"where\":{\"id\":122},\"data\":{\"stepNumber\":2,\"instruction\":\"ampere\",\"imageUrl\":\"https://loremflickr.com/640/480/food?lock=3549255673315328\"}},{\"where\":{\"id\":123},\"data\":{\"stepNumber\":3,\"instruction\":\"second\",\"imageUrl\":\"https://loremflickr.com/640/480/food?lock=4426700291047424\"}},{\"where\":{\"id\":121},\"data\":{\"stepNumber\":4,\"instruction\":\"ampere\",\"imageUrl\":\"https://loremflickr.com/640/480/food?lock=8550227793412096\"}},{\"where\":{\"id\":124},\"data\":{\"stepNumber\":5,\"instruction\":\"gray\",\"imageUrl\":\"https://loremflickr.com/640/480/food?lock=6063736416632832\"}}]}},\"deleteIds\":{\"ingredientIds\":[124,123,121,125,122],\"instructionIds\":[]}}",
  "service": "LoggingService",
  "timestamp": "2024-11-11T20:34:36.378Z"
}
{
  "context": "RecipeService",
  "level": "info",
  "message": "Recipe updated successfully: {\"id\":1,\"name\":\"Ergonomic Plastic Chicken\",\"imageUrl\":[\"h\"],\"description\":\"Tantillus deorsum deorsum optio anser reiciendis vester cicuta crustulum reprehenderit. Adsum caterva abscido curis. Balbus ascit compono fugiat ultio curiositas.\",\"servings\":8,\"cookTime\":23,\"prepTime\":59,\"frequency\":null,\"restaurantId\":2,\"cookBookId\":2,\"foodCost\":null,\"isDeleted\":false,\"createdAt\":\"2024-11-07T18:45:01.776Z\",\"updatedAt\":\"2024-11-11T20:34:36.387Z\",\"ingredients\":[{\"id\":226,\"recipeId\":1,\"ingredientId\":23,\"quantity\":3.5,\"unit\":\"kilogram\",\"joinAt\":\"2024-11-11T20:34:36.387Z\",\"recipeVersionId\":null,\"ingredient\":{\"id\":23,\"name\":\"wheat bran\",\"category\":\"Books\",\"price\":0.5117737171240151,\"dietaryRestrictionId\":null}},{\"id\":227,\"recipeId\":1,\"ingredientId\":16,\"quantity\":309,\"unit\":\"milliliter\",\"joinAt\":\"2024-11-11T20:34:36.387Z\",\"recipeVersionId\":null,\"ingredient\":{\"id\":16,\"name\":\"erythritol\",\"category\":\"Computers\",\"price\":0.04029532591812313,\"dietaryRestrictionId\":null}},{\"id\":228,\"recipeId\":1,\"ingredientId\":42,\"quantity\":10,\"unit\":\"teaspoon\",\"joinAt\":\"2024-11-11T20:34:36.387Z\",\"recipeVersionId\":null,\"ingredient\":{\"id\":42,\"name\":\"hummus\",\"category\":\"Garden\",\"price\":0.9553097819443792,\"dietaryRestrictionId\":null}},{\"id\":229,\"recipeId\":1,\"ingredientId\":34,\"quantity\":2.75,\"unit\":\"cup\",\"joinAt\":\"2024-11-11T20:34:36.387Z\",\"recipeVersionId\":null,\"ingredient\":{\"id\":34,\"name\":\"flaxseed\",\"category\":\"Toys\",\"price\":0.1601419223006815,\"dietaryRestrictionId\":null}},{\"id\":230,\"recipeId\":1,\"ingredientId\":28,\"quantity\":2.5,\"unit\":\"kilogram\",\"joinAt\":\"2024-11-11T20:34:36.387Z\",\"recipeVersionId\":null,\"ingredient\":{\"id\":28,\"name\":\"ponzu sauce\",\"category\":\"Computers\",\"price\":0.1639506162609905,\"dietaryRestrictionId\":null}}],\"instructions\":[{\"id\":124,\"recipeId\":1,\"stepNumber\":5,\"instruction\":\"gray\",\"imageUrl\":\"https://loremflickr.com/640/480/food?lock=6063736416632832\",\"recipeVersionId\":null},{\"id\":125,\"recipeId\":1,\"stepNumber\":1,\"instruction\":\"watt\",\"imageUrl\":\"https://loremflickr.com/640/480/food?lock=4992512099876864\",\"recipeVersionId\":null},{\"id\":122,\"recipeId\":1,\"stepNumber\":2,\"instruction\":\"ampere\",\"imageUrl\":\"https://loremflickr.com/640/480/food?lock=3549255673315328\",\"recipeVersionId\":null},{\"id\":123,\"recipeId\":1,\"stepNumber\":3,\"instruction\":\"second\",\"imageUrl\":\"https://loremflickr.com/640/480/food?lock=4426700291047424\",\"recipeVersionId\":null},{\"id\":121,\"recipeId\":1,\"stepNumber\":4,\"instruction\":\"ampere\",\"imageUrl\":\"https://loremflickr.com/640/480/food?lock=8550227793412096\",\"recipeVersionId\":null}],\"restaurant\":{\"id\":2,\"name\":\"Cassin - Beatty\",\"imageUrl\":\"https://loremflickr.com/640/480?lock=6181894557270016\",\"address\":\"33148 Sunny Viaduct Apt. 448\",\"city\":\"Wilbertown\",\"zipCode\":\"21924\",\"state\":\"Maryland\",\"owner\":\"Mason\",\"organizationId\":1,\"foodCost\":null,\"createdAt\":\"2024-11-07T18:45:01.632Z\",\"updatedAt\":\"2024-11-07T18:45:01.632Z\",\"isDeleted\":false,\"deleted\":null},\"cookBook\":{\"id\":2,\"name\":\"Electronic Rubber Gloves\",\"imageUrl\":\"https://loremflickr.com/640/480?lock=7627105403666432\",\"category\":\"Music\",\"restaurantId\":null}}",
  "service": "LoggingService",
  "timestamp": "2024-11-11T20:34:36.420Z"
}
{
  "context": "RecipeController",
  "level": "info",
  "message": "Received request to get recipes",
  "service": "LoggingService",
  "timestamp": "2024-11-11T20:34:36.428Z"
}
{
  "context": "RecipeService",
  "level": "info",
  "message": "Fetching recipes with params: {\"skip\":0,\"take\":10,\"searchTerm\":\"\"}",
  "service": "LoggingService",
  "timestamp": "2024-11-11T20:34:36.428Z"
}
{
  "context": "CookBookController",
  "level": "info",
  "message": "Received request to get cookbooks",
  "service": "LoggingService",
  "timestamp": "2024-11-11T21:38:15.236Z"
}
{
  "context": "IngredientController",
  "level": "info",
  "message": "Received request to get ingredients",
  "service": "LoggingService",
  "timestamp": "2024-11-11T21:38:15.277Z"
}
{
  "context": "RecipeController",
  "level": "info",
  "message": "Received request to get recipes",
  "service": "LoggingService",
  "timestamp": "2024-11-11T21:38:15.291Z"
}
{
  "context": "RecipeService",
  "level": "info",
  "message": "Fetching recipes with params: {\"skip\":0,\"take\":10,\"searchTerm\":\"\"}",
  "service": "LoggingService",
  "timestamp": "2024-11-11T21:38:15.292Z"
}
{
  "context": "CookBookController",
  "level": "info",
  "message": "Received request to get cookbooks",
  "service": "LoggingService",
  "timestamp": "2024-11-11T21:38:28.757Z"
}
{
  "context": "IngredientController",
  "level": "info",
  "message": "Received request to get ingredients",
  "service": "LoggingService",
  "timestamp": "2024-11-11T21:38:28.775Z"
}
{
  "context": "RecipeController",
  "level": "info",
  "message": "Received request to get recipes",
  "service": "LoggingService",
  "timestamp": "2024-11-11T21:38:28.789Z"
}
{
  "context": "RecipeService",
  "level": "info",
  "message": "Fetching recipes with params: {\"skip\":0,\"take\":10,\"searchTerm\":\"\"}",
  "service": "LoggingService",
  "timestamp": "2024-11-11T21:38:28.789Z"
}
{
  "context": "CookBookController",
  "level": "info",
  "message": "Received request to get cookbooks",
  "service": "LoggingService",
  "timestamp": "2024-11-11T21:44:11.745Z"
}
{
  "context": "IngredientController",
  "level": "info",
  "message": "Received request to get ingredients",
  "service": "LoggingService",
  "timestamp": "2024-11-11T21:44:11.771Z"
}
{
  "context": "RecipeController",
  "level": "info",
  "message": "Received request to get recipes",
  "service": "LoggingService",
  "timestamp": "2024-11-11T21:44:11.785Z"
}
{
  "context": "RecipeService",
  "level": "info",
  "message": "Fetching recipes with params: {\"skip\":0,\"take\":10,\"searchTerm\":\"\"}",
  "service": "LoggingService",
  "timestamp": "2024-11-11T21:44:11.785Z"
}
{
  "context": "CookBookController",
  "level": "info",
  "message": "Received request to get cookbooks",
  "service": "LoggingService",
  "timestamp": "2024-11-11T21:44:22.612Z"
}
{
  "context": "IngredientController",
  "level": "info",
  "message": "Received request to get ingredients",
  "service": "LoggingService",
  "timestamp": "2024-11-11T21:44:22.630Z"
}
{
  "context": "RecipeController",
  "level": "info",
  "message": "Received request to get recipes",
  "service": "LoggingService",
  "timestamp": "2024-11-11T21:44:22.643Z"
}
{
  "context": "RecipeService",
  "level": "info",
  "message": "Fetching recipes with params: {\"skip\":0,\"take\":10,\"searchTerm\":\"\"}",
  "service": "LoggingService",
  "timestamp": "2024-11-11T21:44:22.644Z"
}
{
  "context": "RecipeController",
  "level": "info",
  "message": "Received request to get recipes",
  "service": "LoggingService",
  "timestamp": "2024-11-11T21:44:44.362Z"
}
{
  "context": "RecipeService",
  "level": "info",
  "message": "Fetching recipes with params: {\"skip\":10,\"take\":10,\"searchTerm\":\"\"}",
  "service": "LoggingService",
  "timestamp": "2024-11-11T21:44:44.363Z"
}
{
  "context": "RecipeController",
  "level": "info",
  "message": "Received request to get recipes",
  "service": "LoggingService",
  "timestamp": "2024-11-11T21:44:45.066Z"
}
{
  "context": "RecipeService",
  "level": "info",
  "message": "Fetching recipes with params: {\"skip\":20,\"take\":10,\"searchTerm\":\"\"}",
  "service": "LoggingService",
  "timestamp": "2024-11-11T21:44:45.067Z"
}
{
  "context": "RecipeController",
  "level": "info",
  "message": "Received request to get recipes",
  "service": "LoggingService",
  "timestamp": "2024-11-11T21:44:45.904Z"
}
{
  "context": "RecipeService",
  "level": "info",
  "message": "Fetching recipes with params: {\"skip\":30,\"take\":10,\"searchTerm\":\"\"}",
  "service": "LoggingService",
  "timestamp": "2024-11-11T21:44:45.905Z"
}
{
  "context": "RecipeController",
  "level": "info",
  "message": "Received request to get recipes",
  "service": "LoggingService",
  "timestamp": "2024-11-11T21:44:46.295Z"
}
{
  "context": "RecipeService",
  "level": "info",
  "message": "Fetching recipes with params: {\"skip\":40,\"take\":10,\"searchTerm\":\"\"}",
  "service": "LoggingService",
  "timestamp": "2024-11-11T21:44:46.295Z"
}
{
  "context": "CookBookController",
  "level": "info",
  "message": "Received request to get cookbooks",
  "service": "LoggingService",
  "timestamp": "2024-11-11T21:44:49.574Z"
}
{
  "context": "IngredientController",
  "level": "info",
  "message": "Received request to get ingredients",
  "service": "LoggingService",
  "timestamp": "2024-11-11T21:44:49.586Z"
}
{
  "context": "RecipeController",
  "level": "info",
  "message": "Received request to get recipes",
  "service": "LoggingService",
  "timestamp": "2024-11-11T21:44:49.595Z"
}
{
  "context": "RecipeService",
  "level": "info",
  "message": "Fetching recipes with params: {\"skip\":0,\"take\":10,\"searchTerm\":\"\"}",
  "service": "LoggingService",
  "timestamp": "2024-11-11T21:44:49.595Z"
}
{
  "context": "CookBookController",
  "level": "info",
  "message": "Received request to get cookbooks",
  "service": "LoggingService",
  "timestamp": "2024-11-11T21:45:39.525Z"
}
{
  "context": "IngredientController",
  "level": "info",
  "message": "Received request to get ingredients",
  "service": "LoggingService",
  "timestamp": "2024-11-11T21:45:39.540Z"
}
{
  "context": "RecipeController",
  "level": "info",
  "message": "Received request to get recipes",
  "service": "LoggingService",
  "timestamp": "2024-11-11T21:45:39.549Z"
}
{
  "context": "RecipeService",
  "level": "info",
  "message": "Fetching recipes with params: {\"skip\":0,\"take\":10,\"searchTerm\":\"\"}",
  "service": "LoggingService",
  "timestamp": "2024-11-11T21:45:39.549Z"
}
{
  "context": "CookBookController",
  "level": "info",
  "message": "Received request to get cookbooks",
  "service": "LoggingService",
  "timestamp": "2024-11-11T21:51:12.276Z"
}
{
  "context": "IngredientController",
  "level": "info",
  "message": "Received request to get ingredients",
  "service": "LoggingService",
  "timestamp": "2024-11-11T21:51:12.300Z"
}
{
  "context": "RecipeController",
  "level": "info",
  "message": "Received request to get recipes",
  "service": "LoggingService",
  "timestamp": "2024-11-11T21:51:12.314Z"
}
{
  "context": "RecipeService",
  "level": "info",
  "message": "Fetching recipes with params: {\"skip\":0,\"take\":10,\"searchTerm\":\"\"}",
  "service": "LoggingService",
  "timestamp": "2024-11-11T21:51:12.314Z"
}
{
  "context": "CookBookController",
  "level": "info",
  "message": "Received request to get cookbooks",
  "service": "LoggingService",
  "timestamp": "2024-11-11T22:24:30.095Z"
}
{
  "context": "IngredientController",
  "level": "info",
  "message": "Received request to get ingredients",
  "service": "LoggingService",
  "timestamp": "2024-11-11T22:24:30.118Z"
}
{
  "context": "RecipeController",
  "level": "info",
  "message": "Received request to get recipes",
  "service": "LoggingService",
  "timestamp": "2024-11-11T22:24:30.127Z"
}
{
  "context": "RecipeService",
  "level": "info",
  "message": "Fetching recipes with params: {\"skip\":0,\"take\":10,\"searchTerm\":\"\"}",
  "service": "LoggingService",
  "timestamp": "2024-11-11T22:24:30.128Z"
}
{
  "context": "CookBookController",
  "level": "info",
  "message": "Received request to get cookbooks",
  "service": "LoggingService",
  "timestamp": "2024-11-11T22:31:17.525Z"
}
{
  "context": "IngredientController",
  "level": "info",
  "message": "Received request to get ingredients",
  "service": "LoggingService",
  "timestamp": "2024-11-11T22:31:17.546Z"
}
{
  "context": "RecipeController",
  "level": "info",
  "message": "Received request to get recipes",
  "service": "LoggingService",
  "timestamp": "2024-11-11T22:31:17.552Z"
}
{
  "context": "RecipeService",
  "level": "info",
  "message": "Fetching recipes with params: {\"skip\":0,\"take\":10,\"searchTerm\":\"\"}",
  "service": "LoggingService",
  "timestamp": "2024-11-11T22:31:17.552Z"
}
{
  "context": "CookBookController",
  "level": "info",
  "message": "Received request to get cookbooks",
  "service": "LoggingService",
  "timestamp": "2024-11-11T22:37:29.689Z"
}
{
  "context": "IngredientController",
  "level": "info",
  "message": "Received request to get ingredients",
  "service": "LoggingService",
  "timestamp": "2024-11-11T22:37:29.705Z"
}
{
  "context": "RecipeController",
  "level": "info",
  "message": "Received request to get recipes",
  "service": "LoggingService",
  "timestamp": "2024-11-11T22:37:29.715Z"
}
{
  "context": "RecipeService",
  "level": "info",
  "message": "Fetching recipes with params: {\"skip\":0,\"take\":10,\"searchTerm\":\"\"}",
  "service": "LoggingService",
  "timestamp": "2024-11-11T22:37:29.715Z"
}
{
  "context": "CookBookController",
  "level": "info",
  "message": "Received request to get cookbooks",
  "service": "LoggingService",
  "timestamp": "2024-11-11T22:40:11.299Z"
}
{
  "context": "IngredientController",
  "level": "info",
  "message": "Received request to get ingredients",
  "service": "LoggingService",
  "timestamp": "2024-11-11T22:40:11.310Z"
}
{
  "context": "RecipeController",
  "level": "info",
  "message": "Received request to get recipes",
  "service": "LoggingService",
  "timestamp": "2024-11-11T22:40:11.317Z"
}
{
  "context": "RecipeService",
  "level": "info",
  "message": "Fetching recipes with params: {\"skip\":0,\"take\":10,\"searchTerm\":\"\"}",
  "service": "LoggingService",
  "timestamp": "2024-11-11T22:40:11.317Z"
}
{
  "context": "CookBookController",
  "level": "info",
  "message": "Received request to get cookbooks",
  "service": "LoggingService",
  "timestamp": "2024-11-11T22:46:12.533Z"
}
{
  "context": "IngredientController",
  "level": "info",
  "message": "Received request to get ingredients",
  "service": "LoggingService",
  "timestamp": "2024-11-11T22:46:12.558Z"
}
{
  "context": "RecipeController",
  "level": "info",
  "message": "Received request to get recipes",
  "service": "LoggingService",
  "timestamp": "2024-11-11T22:46:12.571Z"
}
{
  "context": "RecipeService",
  "level": "info",
  "message": "Fetching recipes with params: {\"skip\":0,\"take\":10,\"searchTerm\":\"\"}",
  "service": "LoggingService",
  "timestamp": "2024-11-11T22:46:12.571Z"
}
{
  "context": "CookBookController",
  "level": "info",
  "message": "Received request to get cookbooks",
  "service": "LoggingService",
  "timestamp": "2024-11-11T22:46:52.669Z"
}
{
  "context": "IngredientController",
  "level": "info",
  "message": "Received request to get ingredients",
  "service": "LoggingService",
  "timestamp": "2024-11-11T22:46:52.684Z"
}
{
  "context": "RecipeController",
  "level": "info",
  "message": "Received request to get recipes",
  "service": "LoggingService",
  "timestamp": "2024-11-11T22:46:52.693Z"
}
{
  "context": "RecipeService",
  "level": "info",
  "message": "Fetching recipes with params: {\"skip\":0,\"take\":10,\"searchTerm\":\"\"}",
  "service": "LoggingService",
  "timestamp": "2024-11-11T22:46:52.693Z"
}
{
  "context": "CookBookController",
  "level": "info",
  "message": "Received request to get cookbooks",
  "service": "LoggingService",
  "timestamp": "2024-11-11T22:50:05.328Z"
}
{
  "context": "IngredientController",
  "level": "info",
  "message": "Received request to get ingredients",
  "service": "LoggingService",
  "timestamp": "2024-11-11T22:50:05.339Z"
}
{
  "context": "RecipeController",
  "level": "info",
  "message": "Received request to get recipes",
  "service": "LoggingService",
  "timestamp": "2024-11-11T22:50:05.347Z"
}
{
  "context": "RecipeService",
  "level": "info",
  "message": "Fetching recipes with params: {\"skip\":0,\"take\":10,\"searchTerm\":\"\"}",
  "service": "LoggingService",
  "timestamp": "2024-11-11T22:50:05.347Z"
}
{
  "context": "CookBookController",
  "level": "info",
  "message": "Received request to get cookbooks",
  "service": "LoggingService",
  "timestamp": "2024-11-11T22:50:47.857Z"
}
{
  "context": "IngredientController",
  "level": "info",
  "message": "Received request to get ingredients",
  "service": "LoggingService",
  "timestamp": "2024-11-11T22:50:47.869Z"
}
{
  "context": "RecipeController",
  "level": "info",
  "message": "Received request to get recipes",
  "service": "LoggingService",
  "timestamp": "2024-11-11T22:50:47.877Z"
}
{
  "context": "RecipeService",
  "level": "info",
  "message": "Fetching recipes with params: {\"skip\":0,\"take\":10,\"searchTerm\":\"\"}",
  "service": "LoggingService",
  "timestamp": "2024-11-11T22:50:47.877Z"
}
{
  "context": "CookBookController",
  "level": "info",
  "message": "Received request to get cookbooks",
  "service": "LoggingService",
  "timestamp": "2024-11-11T22:51:08.708Z"
}
{
  "context": "IngredientController",
  "level": "info",
  "message": "Received request to get ingredients",
  "service": "LoggingService",
  "timestamp": "2024-11-11T22:51:08.730Z"
}
{
  "context": "RecipeController",
  "level": "info",
  "message": "Received request to get recipes",
  "service": "LoggingService",
  "timestamp": "2024-11-11T22:51:08.740Z"
}
{
  "context": "RecipeService",
  "level": "info",
  "message": "Fetching recipes with params: {\"skip\":0,\"take\":10,\"searchTerm\":\"\"}",
  "service": "LoggingService",
  "timestamp": "2024-11-11T22:51:08.740Z"
}
{
  "context": "CookBookController",
  "level": "info",
  "message": "Received request to get cookbooks",
  "service": "LoggingService",
  "timestamp": "2024-11-11T22:54:46.572Z"
}
{
  "context": "IngredientController",
  "level": "info",
  "message": "Received request to get ingredients",
  "service": "LoggingService",
  "timestamp": "2024-11-11T22:54:46.585Z"
}
{
  "context": "RecipeController",
  "level": "info",
  "message": "Received request to get recipes",
  "service": "LoggingService",
  "timestamp": "2024-11-11T22:54:46.595Z"
}
{
  "context": "RecipeService",
  "level": "info",
  "message": "Fetching recipes with params: {\"skip\":0,\"take\":10,\"searchTerm\":\"\"}",
  "service": "LoggingService",
  "timestamp": "2024-11-11T22:54:46.595Z"
}
{
  "context": "CookBookController",
  "level": "info",
  "message": "Received request to get cookbooks",
  "service": "LoggingService",
  "timestamp": "2024-11-12T02:17:51.771Z"
}
{
  "context": "IngredientController",
  "level": "info",
  "message": "Received request to get ingredients",
  "service": "LoggingService",
  "timestamp": "2024-11-12T02:17:51.800Z"
}
{
  "context": "RecipeController",
  "level": "info",
  "message": "Received request to get recipes",
  "service": "LoggingService",
  "timestamp": "2024-11-12T02:17:51.815Z"
}
{
  "context": "RecipeService",
  "level": "info",
  "message": "Fetching recipes with params: {\"skip\":0,\"take\":10,\"searchTerm\":\"\"}",
  "service": "LoggingService",
  "timestamp": "2024-11-12T02:17:51.815Z"
}
{
  "context": "CookBookController",
  "level": "info",
  "message": "Received request to get cookbooks",
  "service": "LoggingService",
  "timestamp": "2024-11-12T02:21:38.151Z"
}
{
  "context": "IngredientController",
  "level": "info",
  "message": "Received request to get ingredients",
  "service": "LoggingService",
  "timestamp": "2024-11-12T02:21:38.170Z"
}
{
  "context": "RecipeController",
  "level": "info",
  "message": "Received request to get recipes",
  "service": "LoggingService",
  "timestamp": "2024-11-12T02:21:38.179Z"
}
{
  "context": "RecipeService",
  "level": "info",
  "message": "Fetching recipes with params: {\"skip\":0,\"take\":10,\"searchTerm\":\"\"}",
  "service": "LoggingService",
  "timestamp": "2024-11-12T02:21:38.180Z"
}
{
  "context": "CookBookController",
  "level": "info",
  "message": "Received request to get cookbooks",
  "service": "LoggingService",
  "timestamp": "2024-11-12T02:49:15.605Z"
}
{
  "context": "IngredientController",
  "level": "info",
  "message": "Received request to get ingredients",
  "service": "LoggingService",
  "timestamp": "2024-11-12T02:49:15.629Z"
}
{
  "context": "RecipeController",
  "level": "info",
  "message": "Received request to get recipes",
  "service": "LoggingService",
  "timestamp": "2024-11-12T02:49:15.636Z"
}
{
  "context": "RecipeService",
  "level": "info",
  "message": "Fetching recipes with params: {\"skip\":0,\"take\":10,\"searchTerm\":\"\"}",
  "service": "LoggingService",
  "timestamp": "2024-11-12T02:49:15.636Z"
}
{
  "context": "CookBookController",
  "level": "info",
  "message": "Received request to get cookbooks",
  "service": "LoggingService",
  "timestamp": "2024-11-12T02:50:45.279Z"
}
{
  "context": "IngredientController",
  "level": "info",
  "message": "Received request to get ingredients",
  "service": "LoggingService",
  "timestamp": "2024-11-12T02:50:45.291Z"
}
{
  "context": "RecipeController",
  "level": "info",
  "message": "Received request to get recipes",
  "service": "LoggingService",
  "timestamp": "2024-11-12T02:50:45.298Z"
}
{
  "context": "RecipeService",
  "level": "info",
  "message": "Fetching recipes with params: {\"skip\":0,\"take\":10,\"searchTerm\":\"\"}",
  "service": "LoggingService",
  "timestamp": "2024-11-12T02:50:45.298Z"
}
{
  "context": "CookBookController",
  "level": "info",
  "message": "Received request to get cookbooks",
  "service": "LoggingService",
  "timestamp": "2024-11-12T02:52:16.288Z"
}
{
  "context": "IngredientController",
  "level": "info",
  "message": "Received request to get ingredients",
  "service": "LoggingService",
  "timestamp": "2024-11-12T02:52:16.298Z"
}
{
  "context": "RecipeController",
  "level": "info",
  "message": "Received request to get recipes",
  "service": "LoggingService",
  "timestamp": "2024-11-12T02:52:16.306Z"
}
{
  "context": "RecipeService",
  "level": "info",
  "message": "Fetching recipes with params: {\"skip\":0,\"take\":10,\"searchTerm\":\"\"}",
  "service": "LoggingService",
  "timestamp": "2024-11-12T02:52:16.306Z"
}
{
  "context": "CookBookController",
  "level": "info",
  "message": "Received request to get cookbooks",
  "service": "LoggingService",
  "timestamp": "2024-11-12T02:52:19.283Z"
}
{
  "context": "IngredientController",
  "level": "info",
  "message": "Received request to get ingredients",
  "service": "LoggingService",
  "timestamp": "2024-11-12T02:52:19.296Z"
}
{
  "context": "RecipeController",
  "level": "info",
  "message": "Received request to get recipes",
  "service": "LoggingService",
  "timestamp": "2024-11-12T02:52:19.307Z"
}
{
  "context": "RecipeService",
  "level": "info",
  "message": "Fetching recipes with params: {\"skip\":0,\"take\":10,\"searchTerm\":\"\"}",
  "service": "LoggingService",
  "timestamp": "2024-11-12T02:52:19.307Z"
}
{
  "context": "CookBookController",
  "level": "info",
  "message": "Received request to get cookbooks",
  "service": "LoggingService",
  "timestamp": "2024-11-12T02:53:32.215Z"
}
{
  "context": "IngredientController",
  "level": "info",
  "message": "Received request to get ingredients",
  "service": "LoggingService",
  "timestamp": "2024-11-12T02:53:32.223Z"
}
{
  "context": "RecipeController",
  "level": "info",
  "message": "Received request to get recipes",
  "service": "LoggingService",
  "timestamp": "2024-11-12T02:53:32.229Z"
}
{
  "context": "RecipeService",
  "level": "info",
  "message": "Fetching recipes with params: {\"skip\":0,\"take\":10,\"searchTerm\":\"\"}",
  "service": "LoggingService",
  "timestamp": "2024-11-12T02:53:32.230Z"
}
