{
  "context": "PrismaService",
  "level": "info",
  "message": "Prisma connected successfully",
  "service": "LoggingService",
  "timestamp": "2025-04-04T12:24:37.642Z"
}
{
  "context": "PrismaService",
  "level": "info",
  "message": "Prisma connected successfully",
  "service": "LoggingService",
  "timestamp": "2025-04-04T12:24:37.731Z"
}
{
  "context": "PrismaService",
  "level": "info",
  "message": "Prisma connected successfully",
  "service": "LoggingService",
  "timestamp": "2025-04-04T12:24:37.797Z"
}
{
  "context": "PrismaService",
  "level": "info",
  "message": "Prisma connected successfully",
  "service": "LoggingService",
  "timestamp": "2025-04-04T12:24:37.872Z"
}
{
  "context": "PrismaService",
  "level": "info",
  "message": "Prisma connected successfully",
  "service": "LoggingService",
  "timestamp": "2025-04-04T12:24:37.947Z"
}
{
  "context": "PrismaService",
  "level": "info",
  "message": "Prisma connected successfully",
  "service": "LoggingService",
  "timestamp": "2025-04-04T12:25:51.385Z"
}
{
  "context": "PrismaService",
  "level": "info",
  "message": "Prisma connected successfully",
  "service": "LoggingService",
  "timestamp": "2025-04-04T12:25:51.447Z"
}
{
  "context": "PrismaService",
  "level": "info",
  "message": "Prisma connected successfully",
  "service": "LoggingService",
  "timestamp": "2025-04-04T12:25:51.523Z"
}
{
  "context": "PrismaService",
  "level": "info",
  "message": "Prisma connected successfully",
  "service": "LoggingService",
  "timestamp": "2025-04-04T12:25:51.598Z"
}
{
  "context": "PrismaService",
  "level": "info",
  "message": "Prisma connected successfully",
  "service": "LoggingService",
  "timestamp": "2025-04-04T12:25:51.666Z"
}
{
  "context": "PrismaService",
  "level": "info",
  "message": "Prisma connected successfully",
  "service": "LoggingService",
  "timestamp": "2025-04-04T12:31:50.420Z"
}
{
  "context": "PrismaService",
  "level": "info",
  "message": "Prisma connected successfully",
  "service": "LoggingService",
  "timestamp": "2025-04-04T12:31:50.510Z"
}
{
  "context": "PrismaService",
  "level": "info",
  "message": "Prisma connected successfully",
  "service": "LoggingService",
  "timestamp": "2025-04-04T12:31:50.575Z"
}
{
  "context": "PrismaService",
  "level": "info",
  "message": "Prisma connected successfully",
  "service": "LoggingService",
  "timestamp": "2025-04-04T12:31:50.650Z"
}
{
  "context": "PrismaService",
  "level": "info",
  "message": "Prisma connected successfully",
  "service": "LoggingService",
  "timestamp": "2025-04-04T12:31:50.719Z"
}
{
  "context": "PrismaService",
  "level": "info",
  "message": "Prisma connected successfully",
  "service": "LoggingService",
  "timestamp": "2025-04-04T12:32:06.075Z"
}
{
  "context": "PrismaService",
  "level": "info",
  "message": "Prisma connected successfully",
  "service": "LoggingService",
  "timestamp": "2025-04-04T12:32:06.147Z"
}
{
  "context": "PrismaService",
  "level": "info",
  "message": "Prisma connected successfully",
  "service": "LoggingService",
  "timestamp": "2025-04-04T12:32:06.246Z"
}
{
  "context": "PrismaService",
  "level": "info",
  "message": "Prisma connected successfully",
  "service": "LoggingService",
  "timestamp": "2025-04-04T12:32:06.316Z"
}
{
  "context": "PrismaService",
  "level": "info",
  "message": "Prisma connected successfully",
  "service": "LoggingService",
  "timestamp": "2025-04-04T12:32:06.412Z"
}
{
  "context": "PrismaService",
  "level": "info",
  "message": "Prisma connected successfully",
  "service": "LoggingService",
  "timestamp": "2025-04-04T12:32:10.381Z"
}
{
  "context": "PrismaService",
  "level": "info",
  "message": "Prisma connected successfully",
  "service": "LoggingService",
  "timestamp": "2025-04-04T12:32:10.443Z"
}
{
  "context": "PrismaService",
  "level": "info",
  "message": "Prisma connected successfully",
  "service": "LoggingService",
  "timestamp": "2025-04-04T12:32:10.513Z"
}
{
  "context": "PrismaService",
  "level": "info",
  "message": "Prisma connected successfully",
  "service": "LoggingService",
  "timestamp": "2025-04-04T12:32:10.578Z"
}
{
  "context": "PrismaService",
  "level": "info",
  "message": "Prisma connected successfully",
  "service": "LoggingService",
  "timestamp": "2025-04-04T12:32:10.665Z"
}
{
  "context": "PrismaService",
  "level": "info",
  "message": "Prisma connected successfully",
  "service": "LoggingService",
  "timestamp": "2025-04-04T12:33:43.827Z"
}
{
  "context": "PrismaService",
  "level": "info",
  "message": "Prisma connected successfully",
  "service": "LoggingService",
  "timestamp": "2025-04-04T12:33:43.912Z"
}
{
  "context": "PrismaService",
  "level": "info",
  "message": "Prisma connected successfully",
  "service": "LoggingService",
  "timestamp": "2025-04-04T12:33:43.976Z"
}
{
  "context": "PrismaService",
  "level": "info",
  "message": "Prisma connected successfully",
  "service": "LoggingService",
  "timestamp": "2025-04-04T12:33:44.043Z"
}
{
  "context": "PrismaService",
  "level": "info",
  "message": "Prisma connected successfully",
  "service": "LoggingService",
  "timestamp": "2025-04-04T12:33:44.116Z"
}
{
  "context": "PrismaService",
  "level": "info",
  "message": "Prisma connected successfully",
  "service": "LoggingService",
  "timestamp": "2025-04-04T12:34:13.844Z"
}
{
  "context": "PrismaService",
  "level": "info",
  "message": "Prisma connected successfully",
  "service": "LoggingService",
  "timestamp": "2025-04-04T12:34:13.926Z"
}
{
  "context": "PrismaService",
  "level": "info",
  "message": "Prisma connected successfully",
  "service": "LoggingService",
  "timestamp": "2025-04-04T12:34:14.012Z"
}
{
  "context": "PrismaService",
  "level": "info",
  "message": "Prisma connected successfully",
  "service": "LoggingService",
  "timestamp": "2025-04-04T12:34:16.413Z"
}
{
  "context": "PrismaService",
  "level": "info",
  "message": "Prisma connected successfully",
  "service": "LoggingService",
  "timestamp": "2025-04-04T12:34:16.512Z"
}
{
  "context": "PrismaService",
  "level": "info",
  "message": "Prisma connected successfully",
  "service": "LoggingService",
  "timestamp": "2025-04-04T12:34:16.621Z"
}
{
  "context": "PrismaService",
  "level": "info",
  "message": "Prisma connected successfully",
  "service": "LoggingService",
  "timestamp": "2025-04-04T12:34:16.737Z"
}
{
  "context": "PrismaService",
  "level": "info",
  "message": "Prisma connected successfully",
  "service": "LoggingService",
  "timestamp": "2025-04-04T12:34:16.841Z"
}
{
  "context": "PrismaService",
  "level": "info",
  "message": "Prisma connected successfully",
  "service": "LoggingService",
  "timestamp": "2025-04-04T12:50:50.625Z"
}
{
  "context": "PrismaService",
  "level": "info",
  "message": "Prisma connected successfully",
  "service": "LoggingService",
  "timestamp": "2025-04-04T12:50:50.706Z"
}
{
  "context": "PrismaService",
  "level": "info",
  "message": "Prisma connected successfully",
  "service": "LoggingService",
  "timestamp": "2025-04-04T12:50:50.783Z"
}
{
  "context": "PrismaService",
  "level": "info",
  "message": "Prisma connected successfully",
  "service": "LoggingService",
  "timestamp": "2025-04-04T12:50:50.871Z"
}
{
  "context": "PrismaService",
  "level": "info",
  "message": "Prisma connected successfully",
  "service": "LoggingService",
  "timestamp": "2025-04-04T12:50:50.972Z"
}
{
  "level": "info",
  "message": "Successfully invalidated all sessions for user 106",
  "service": "LoggingService",
  "timestamp": "2025-04-04T14:00:08.603Z"
}
{
  "context": "ApplicationError",
  "error": "The security token included in the request is expired",
  "level": "error",
  "message": "Login process failed: Application Error",
  "service": "LoggingService",
  "timestamp": "2025-04-04T14:00:08.801Z"
}
{
  "context": "PrismaService",
  "level": "info",
  "message": "Prisma connected successfully",
  "service": "LoggingService",
  "timestamp": "2025-04-04T14:01:19.861Z"
}
{
  "context": "PrismaService",
  "level": "info",
  "message": "Prisma connected successfully",
  "service": "LoggingService",
  "timestamp": "2025-04-04T14:01:19.950Z"
}
{
  "context": "PrismaService",
  "level": "info",
  "message": "Prisma connected successfully",
  "service": "LoggingService",
  "timestamp": "2025-04-04T14:01:20.030Z"
}
{
  "context": "PrismaService",
  "level": "info",
  "message": "Prisma connected successfully",
  "service": "LoggingService",
  "timestamp": "2025-04-04T14:01:20.137Z"
}
{
  "context": "PrismaService",
  "level": "info",
  "message": "Prisma connected successfully",
  "service": "LoggingService",
  "timestamp": "2025-04-04T14:01:20.215Z"
}
{
  "level": "info",
  "message": "Successfully invalidated all sessions for user 106",
  "service": "LoggingService",
  "timestamp": "2025-04-04T14:16:11.397Z"
}
{
  "level": "info",
  "message": "Login initiated for user: rayan361@gmail.com (ID: 106)",
  "service": "LoggingService",
  "timestamp": "2025-04-04T14:16:11.655Z"
}
{
  "level": "info",
  "message": "Successfully invalidated all sessions for user 106",
  "service": "LoggingService",
  "timestamp": "2025-04-04T14:17:45.512Z"
}
{
  "level": "info",
  "message": "Login initiated for user: rayan361@gmail.com (ID: 106)",
  "service": "LoggingService",
  "timestamp": "2025-04-04T14:17:45.687Z"
}
{
  "context": "PrismaService",
  "level": "info",
  "message": "Prisma connected successfully",
  "service": "LoggingService",
  "timestamp": "2025-04-04T14:18:33.305Z"
}
{
  "context": "PrismaService",
  "level": "info",
  "message": "Prisma connected successfully",
  "service": "LoggingService",
  "timestamp": "2025-04-04T14:18:33.394Z"
}
{
  "context": "PrismaService",
  "level": "info",
  "message": "Prisma connected successfully",
  "service": "LoggingService",
  "timestamp": "2025-04-04T14:18:33.476Z"
}
{
  "context": "PrismaService",
  "level": "info",
  "message": "Prisma connected successfully",
  "service": "LoggingService",
  "timestamp": "2025-04-04T14:18:33.575Z"
}
{
  "context": "PrismaService",
  "level": "info",
  "message": "Prisma connected successfully",
  "service": "LoggingService",
  "timestamp": "2025-04-04T14:18:33.670Z"
}
{
  "level": "info",
  "message": "Successfully invalidated all sessions for user 106",
  "service": "LoggingService",
  "timestamp": "2025-04-04T14:19:08.155Z"
}
{
  "level": "info",
  "message": "Login initiated for user: rayan361@gmail.com (ID: 106)",
  "service": "LoggingService",
  "timestamp": "2025-04-04T14:18:56.424Z"
}
{
  "level": "info",
  "message": "Successfully invalidated all sessions for user 106",
  "service": "LoggingService",
  "timestamp": "2025-04-04T14:19:24.661Z"
}
{
  "level": "info",
  "message": "Successfully invalidated all sessions for user 106",
  "service": "LoggingService",
  "timestamp": "2025-04-04T14:20:49.471Z"
}
{
  "level": "info",
  "message": "Login initiated for user: rayan361@gmail.com (ID: 106)",
  "service": "LoggingService",
  "timestamp": "2025-04-04T14:20:49.677Z"
}
{
  "context": "PrismaService",
  "level": "info",
  "message": "Prisma connected successfully",
  "service": "LoggingService",
  "timestamp": "2025-04-04T14:57:37.077Z"
}
{
  "context": "PrismaService",
  "level": "info",
  "message": "Prisma connected successfully",
  "service": "LoggingService",
  "timestamp": "2025-04-04T14:57:37.146Z"
}
{
  "context": "PrismaService",
  "level": "info",
  "message": "Prisma connected successfully",
  "service": "LoggingService",
  "timestamp": "2025-04-04T14:57:37.216Z"
}
{
  "context": "PrismaService",
  "level": "info",
  "message": "Prisma connected successfully",
  "service": "LoggingService",
  "timestamp": "2025-04-04T14:57:37.302Z"
}
{
  "context": "PrismaService",
  "level": "info",
  "message": "Prisma connected successfully",
  "service": "LoggingService",
  "timestamp": "2025-04-04T14:57:37.418Z"
}
{
  "context": "PrismaService",
  "level": "info",
  "message": "Prisma connected successfully",
  "service": "LoggingService",
  "timestamp": "2025-04-04T14:57:45.056Z"
}
{
  "context": "PrismaService",
  "level": "info",
  "message": "Prisma connected successfully",
  "service": "LoggingService",
  "timestamp": "2025-04-04T14:57:45.153Z"
}
{
  "context": "PrismaService",
  "level": "info",
  "message": "Prisma connected successfully",
  "service": "LoggingService",
  "timestamp": "2025-04-04T14:57:45.250Z"
}
{
  "context": "PrismaService",
  "level": "info",
  "message": "Prisma connected successfully",
  "service": "LoggingService",
  "timestamp": "2025-04-04T14:57:45.348Z"
}
{
  "context": "PrismaService",
  "level": "info",
  "message": "Prisma connected successfully",
  "service": "LoggingService",
  "timestamp": "2025-04-04T14:57:45.427Z"
}
{
  "level": "info",
  "message": "Successfully invalidated all sessions for user 106",
  "service": "LoggingService",
  "timestamp": "2025-04-04T14:58:44.735Z"
}
{
  "level": "info",
  "message": "Login initiated for user: rayan361@gmail.com (ID: 106)",
  "service": "LoggingService",
  "timestamp": "2025-04-04T14:58:44.945Z"
}
{
  "level": "info",
  "message": "Successfully invalidated all sessions for user 106",
  "service": "LoggingService",
  "timestamp": "2025-04-04T14:59:03.483Z"
}
{
  "level": "info",
  "message": "Successful verification for user ID: 106",
  "service": "LoggingService",
  "timestamp": "2025-04-04T14:59:03.489Z"
}
{
  "level": "info",
  "message": "Successfully invalidated all sessions for user 106",
  "service": "LoggingService",
  "timestamp": "2025-04-04T15:47:51.794Z"
}
{
  "level": "info",
  "message": "Login initiated for user: rayan361@gmail.com (ID: 106)",
  "service": "LoggingService",
  "timestamp": "2025-04-04T15:47:52.019Z"
}
{
  "level": "info",
  "message": "Successfully invalidated all sessions for user 106",
  "service": "LoggingService",
  "timestamp": "2025-04-04T15:48:24.303Z"
}
{
  "level": "info",
  "message": "Successful verification for user ID: 106",
  "service": "LoggingService",
  "timestamp": "2025-04-04T15:48:24.312Z"
}
{
  "level": "info",
  "message": "Successfully invalidated all sessions for user 106",
  "service": "LoggingService",
  "timestamp": "2025-04-04T15:49:00.064Z"
}
{
  "level": "info",
  "message": "Login initiated for user: rayan361@gmail.com (ID: 106)",
  "service": "LoggingService",
  "timestamp": "2025-04-04T15:49:00.249Z"
}
{
  "level": "info",
  "message": "Successfully invalidated all sessions for user 106",
  "service": "LoggingService",
  "timestamp": "2025-04-04T15:49:14.178Z"
}
{
  "level": "info",
  "message": "Successful verification for user ID: 106",
  "service": "LoggingService",
  "timestamp": "2025-04-04T15:49:14.186Z"
}
{
  "context": "PrismaService",
  "level": "info",
  "message": "Prisma connected successfully",
  "service": "LoggingService",
  "timestamp": "2025-04-04T15:53:55.885Z"
}
{
  "context": "PrismaService",
  "level": "info",
  "message": "Prisma connected successfully",
  "service": "LoggingService",
  "timestamp": "2025-04-04T15:53:55.999Z"
}
{
  "context": "PrismaService",
  "level": "info",
  "message": "Prisma connected successfully",
  "service": "LoggingService",
  "timestamp": "2025-04-04T15:53:56.084Z"
}
{
  "context": "PrismaService",
  "level": "info",
  "message": "Prisma connected successfully",
  "service": "LoggingService",
  "timestamp": "2025-04-04T15:53:56.166Z"
}
{
  "context": "PrismaService",
  "level": "info",
  "message": "Prisma connected successfully",
  "service": "LoggingService",
  "timestamp": "2025-04-04T15:53:56.266Z"
}
{
  "context": "PrismaService",
  "level": "info",
  "message": "Prisma connected successfully",
  "service": "LoggingService",
  "timestamp": "2025-04-04T16:11:09.091Z"
}
{
  "context": "PrismaService",
  "level": "info",
  "message": "Prisma connected successfully",
  "service": "LoggingService",
  "timestamp": "2025-04-04T16:11:09.189Z"
}
{
  "context": "PrismaService",
  "level": "info",
  "message": "Prisma connected successfully",
  "service": "LoggingService",
  "timestamp": "2025-04-04T16:11:09.283Z"
}
{
  "context": "PrismaService",
  "level": "info",
  "message": "Prisma connected successfully",
  "service": "LoggingService",
  "timestamp": "2025-04-04T16:11:09.381Z"
}
{
  "context": "PrismaService",
  "level": "info",
  "message": "Prisma connected successfully",
  "service": "LoggingService",
  "timestamp": "2025-04-04T16:11:09.501Z"
}
{
  "context": "PrismaService",
  "level": "info",
  "message": "Prisma connected successfully",
  "service": "LoggingService",
  "timestamp": "2025-04-04T16:11:48.783Z"
}
{
  "context": "PrismaService",
  "level": "info",
  "message": "Prisma connected successfully",
  "service": "LoggingService",
  "timestamp": "2025-04-04T16:11:48.864Z"
}
{
  "context": "PrismaService",
  "level": "info",
  "message": "Prisma connected successfully",
  "service": "LoggingService",
  "timestamp": "2025-04-04T16:11:48.944Z"
}
{
  "context": "PrismaService",
  "level": "info",
  "message": "Prisma connected successfully",
  "service": "LoggingService",
  "timestamp": "2025-04-04T16:11:49.039Z"
}
{
  "context": "PrismaService",
  "level": "info",
  "message": "Prisma connected successfully",
  "service": "LoggingService",
  "timestamp": "2025-04-04T16:11:49.115Z"
}
{
  "context": "PrismaService",
  "level": "info",
  "message": "Prisma connected successfully",
  "service": "LoggingService",
  "timestamp": "2025-04-04T16:13:58.600Z"
}
{
  "context": "PrismaService",
  "level": "info",
  "message": "Prisma connected successfully",
  "service": "LoggingService",
  "timestamp": "2025-04-04T16:13:58.701Z"
}
{
  "context": "PrismaService",
  "level": "info",
  "message": "Prisma connected successfully",
  "service": "LoggingService",
  "timestamp": "2025-04-04T16:13:58.787Z"
}
{
  "context": "PrismaService",
  "level": "info",
  "message": "Prisma connected successfully",
  "service": "LoggingService",
  "timestamp": "2025-04-04T16:13:58.955Z"
}
{
  "context": "PrismaService",
  "level": "info",
  "message": "Prisma connected successfully",
  "service": "LoggingService",
  "timestamp": "2025-04-04T16:13:59.091Z"
}
{
  "context": "PrismaService",
  "level": "info",
  "message": "Prisma connected successfully",
  "service": "LoggingService",
  "timestamp": "2025-04-04T16:14:38.350Z"
}
{
  "context": "PrismaService",
  "level": "info",
  "message": "Prisma connected successfully",
  "service": "LoggingService",
  "timestamp": "2025-04-04T16:14:38.458Z"
}
{
  "context": "PrismaService",
  "level": "info",
  "message": "Prisma connected successfully",
  "service": "LoggingService",
  "timestamp": "2025-04-04T16:14:38.566Z"
}
{
  "context": "PrismaService",
  "level": "info",
  "message": "Prisma connected successfully",
  "service": "LoggingService",
  "timestamp": "2025-04-04T16:14:38.650Z"
}
{
  "context": "PrismaService",
  "level": "info",
  "message": "Prisma connected successfully",
  "service": "LoggingService",
  "timestamp": "2025-04-04T16:14:38.730Z"
}
{
  "context": "PrismaService",
  "level": "info",
  "message": "Prisma connected successfully",
  "service": "LoggingService",
  "timestamp": "2025-04-04T16:15:01.169Z"
}
{
  "context": "PrismaService",
  "level": "info",
  "message": "Prisma connected successfully",
  "service": "LoggingService",
  "timestamp": "2025-04-04T16:15:01.262Z"
}
{
  "context": "PrismaService",
  "level": "info",
  "message": "Prisma connected successfully",
  "service": "LoggingService",
  "timestamp": "2025-04-04T16:15:01.385Z"
}
{
  "context": "PrismaService",
  "level": "info",
  "message": "Prisma connected successfully",
  "service": "LoggingService",
  "timestamp": "2025-04-04T16:15:01.467Z"
}
{
  "context": "PrismaService",
  "level": "info",
  "message": "Prisma connected successfully",
  "service": "LoggingService",
  "timestamp": "2025-04-04T16:15:01.552Z"
}
{
  "context": "PrismaService",
  "level": "info",
  "message": "Prisma connected successfully",
  "service": "LoggingService",
  "timestamp": "2025-04-04T16:18:29.312Z"
}
{
  "context": "PrismaService",
  "level": "info",
  "message": "Prisma connected successfully",
  "service": "LoggingService",
  "timestamp": "2025-04-04T16:18:29.405Z"
}
{
  "context": "PrismaService",
  "level": "info",
  "message": "Prisma connected successfully",
  "service": "LoggingService",
  "timestamp": "2025-04-04T16:18:29.493Z"
}
{
  "context": "PrismaService",
  "level": "info",
  "message": "Prisma connected successfully",
  "service": "LoggingService",
  "timestamp": "2025-04-04T16:18:29.565Z"
}
{
  "context": "PrismaService",
  "level": "info",
  "message": "Prisma connected successfully",
  "service": "LoggingService",
  "timestamp": "2025-04-04T16:18:29.642Z"
}
{
  "context": "PrismaService",
  "level": "info",
  "message": "Prisma connected successfully",
  "service": "LoggingService",
  "timestamp": "2025-04-04T16:22:51.736Z"
}
{
  "context": "PrismaService",
  "level": "info",
  "message": "Prisma connected successfully",
  "service": "LoggingService",
  "timestamp": "2025-04-04T16:22:51.805Z"
}
{
  "context": "PrismaService",
  "level": "info",
  "message": "Prisma connected successfully",
  "service": "LoggingService",
  "timestamp": "2025-04-04T16:22:51.875Z"
}
{
  "context": "PrismaService",
  "level": "info",
  "message": "Prisma connected successfully",
  "service": "LoggingService",
  "timestamp": "2025-04-04T16:22:51.971Z"
}
{
  "context": "PrismaService",
  "level": "info",
  "message": "Prisma connected successfully",
  "service": "LoggingService",
  "timestamp": "2025-04-04T16:22:52.057Z"
}
{
  "context": "PrismaService",
  "level": "info",
  "message": "Prisma connected successfully",
  "service": "LoggingService",
  "timestamp": "2025-04-04T16:24:11.542Z"
}
{
  "context": "PrismaService",
  "level": "info",
  "message": "Prisma connected successfully",
  "service": "LoggingService",
  "timestamp": "2025-04-04T16:24:11.653Z"
}
{
  "context": "PrismaService",
  "level": "info",
  "message": "Prisma connected successfully",
  "service": "LoggingService",
  "timestamp": "2025-04-04T16:24:11.726Z"
}
{
  "context": "PrismaService",
  "level": "info",
  "message": "Prisma connected successfully",
  "service": "LoggingService",
  "timestamp": "2025-04-04T16:24:11.801Z"
}
{
  "context": "PrismaService",
  "level": "info",
  "message": "Prisma connected successfully",
  "service": "LoggingService",
  "timestamp": "2025-04-04T16:24:11.887Z"
}
{
  "context": "PrismaService",
  "level": "info",
  "message": "Prisma connected successfully",
  "service": "LoggingService",
  "timestamp": "2025-04-04T16:25:17.503Z"
}
{
  "context": "PrismaService",
  "level": "info",
  "message": "Prisma connected successfully",
  "service": "LoggingService",
  "timestamp": "2025-04-04T16:25:17.583Z"
}
{
  "context": "PrismaService",
  "level": "info",
  "message": "Prisma connected successfully",
  "service": "LoggingService",
  "timestamp": "2025-04-04T16:25:17.649Z"
}
{
  "context": "PrismaService",
  "level": "info",
  "message": "Prisma connected successfully",
  "service": "LoggingService",
  "timestamp": "2025-04-04T16:25:17.744Z"
}
{
  "context": "PrismaService",
  "level": "info",
  "message": "Prisma connected successfully",
  "service": "LoggingService",
  "timestamp": "2025-04-04T16:25:17.818Z"
}
{
  "context": "RecipeController",
  "level": "info",
  "message": "{\n  \"session_token\": \"ypalsurb5idcxfh4twwiodsedcof5jwq4tr3eukvtahgykfqdo3a\"\n}",
  "service": "LoggingService",
  "timestamp": "2025-04-04T16:25:26.363Z"
}
{
  "context": "RecipeService",
  "level": "info",
  "message": "Fetching recipes with params: {\"skip\":0,\"take\":10}",
  "service": "LoggingService",
  "timestamp": "2025-04-04T16:25:26.366Z"
}
{
  "context": "RecipeController",
  "level": "info",
  "message": "Received request to get recipes",
  "service": "LoggingService",
  "timestamp": "2025-04-04T16:25:26.365Z"
}
{
  "context": "PrismaService",
  "level": "info",
  "message": "Prisma connected successfully",
  "service": "LoggingService",
  "timestamp": "2025-04-04T16:26:15.179Z"
}
{
  "context": "PrismaService",
  "level": "info",
  "message": "Prisma connected successfully",
  "service": "LoggingService",
  "timestamp": "2025-04-04T16:26:15.280Z"
}
{
  "context": "PrismaService",
  "level": "info",
  "message": "Prisma connected successfully",
  "service": "LoggingService",
  "timestamp": "2025-04-04T16:26:15.375Z"
}
{
  "context": "PrismaService",
  "level": "info",
  "message": "Prisma connected successfully",
  "service": "LoggingService",
  "timestamp": "2025-04-04T16:26:15.444Z"
}
{
  "context": "PrismaService",
  "level": "info",
  "message": "Prisma connected successfully",
  "service": "LoggingService",
  "timestamp": "2025-04-04T16:26:15.528Z"
}
{
  "context": "RecipeController",
  "level": "info",
  "message": "{\n  \"session_token\": \"ypalsurb5idcxfh4twwiodsedcof5jwq4tr3eukvtahgykfqdo3a\"\n}",
  "service": "LoggingService",
  "timestamp": "2025-04-04T16:26:20.691Z"
}
{
  "context": "RecipeService",
  "level": "info",
  "message": "Fetching recipes with params: {\"skip\":0,\"take\":10}",
  "service": "LoggingService",
  "timestamp": "2025-04-04T16:26:20.693Z"
}
{
  "context": "RecipeController",
  "level": "info",
  "message": "Received request to get recipes",
  "service": "LoggingService",
  "timestamp": "2025-04-04T16:26:20.692Z"
}
{
  "context": "ShiftController",
  "level": "info",
  "message": "Received request to get shifts",
  "service": "LoggingService",
  "timestamp": "2025-04-04T16:26:33.186Z"
}
{
  "context": "ShiftService",
  "level": "info",
  "message": "Fetching shifts with params: {}",
  "service": "LoggingService",
  "timestamp": "2025-04-04T16:26:33.188Z"
}
{
  "context": "ShiftService",
  "level": "info",
  "message": "Retrieved 105 shifts",
  "service": "LoggingService",
  "timestamp": "2025-04-04T16:26:33.199Z"
}
{
  "context": "PrismaService",
  "level": "info",
  "message": "Prisma connected successfully",
  "service": "LoggingService",
  "timestamp": "2025-04-04T16:26:42.404Z"
}
{
  "context": "PrismaService",
  "level": "info",
  "message": "Prisma connected successfully",
  "service": "LoggingService",
  "timestamp": "2025-04-04T16:26:42.492Z"
}
{
  "context": "PrismaService",
  "level": "info",
  "message": "Prisma connected successfully",
  "service": "LoggingService",
  "timestamp": "2025-04-04T16:26:42.576Z"
}
{
  "context": "PrismaService",
  "level": "info",
  "message": "Prisma connected successfully",
  "service": "LoggingService",
  "timestamp": "2025-04-04T16:26:42.683Z"
}
{
  "context": "PrismaService",
  "level": "info",
  "message": "Prisma connected successfully",
  "service": "LoggingService",
  "timestamp": "2025-04-04T16:26:42.768Z"
}
