{
  "context": "RecipeController",
  "level": "info",
  "message": "Received request to get recipe with ID 24",
  "service": "LoggingService",
  "timestamp": "2025-03-22T13:29:38.716Z"
}
{
  "context": "RecipeService",
  "level": "info",
  "message": "Fetching recipe with ID 24",
  "service": "LoggingService",
  "timestamp": "2025-03-22T13:29:38.724Z"
}
{
  "context": "RecipeController",
  "level": "info",
  "message": "Received request to get recipes",
  "service": "LoggingService",
  "timestamp": "2025-03-22T13:29:40.701Z"
}
{
  "context": "RecipeService",
  "level": "info",
  "message": "Fetching recipes with params: {\"skip\":0,\"take\":10}",
  "service": "LoggingService",
  "timestamp": "2025-03-22T13:29:40.702Z"
}
{
  "context": "RecipeController",
  "level": "info",
  "message": "Received request to get recipe with ID 33",
  "service": "LoggingService",
  "timestamp": "2025-03-22T13:29:42.560Z"
}
{
  "context": "RecipeService",
  "level": "info",
  "message": "Fetching recipe with ID 33",
  "service": "LoggingService",
  "timestamp": "2025-03-22T13:29:42.561Z"
}
{
  "context": "RecipeController",
  "level": "info",
  "message": "Received request to get recipe with ID 33",
  "service": "LoggingService",
  "timestamp": "2025-03-22T13:29:47.323Z"
}
{
  "context": "RecipeService",
  "level": "info",
  "message": "Fetching recipe with ID 33",
  "service": "LoggingService",
  "timestamp": "2025-03-22T13:29:47.323Z"
}
{
  "context": "RecipeController",
  "level": "info",
  "message": "Received request to get recipe with ID 33",
  "service": "LoggingService",
  "timestamp": "2025-03-22T13:29:49.953Z"
}
{
  "context": "RecipeService",
  "level": "info",
  "message": "Fetching recipe with ID 33",
  "service": "LoggingService",
  "timestamp": "2025-03-22T13:29:49.953Z"
}
{
  "context": "RecipeController",
  "level": "info",
  "message": "Received request to get recipe with ID 33",
  "service": "LoggingService",
  "timestamp": "2025-03-22T13:30:02.091Z"
}
{
  "context": "RecipeService",
  "level": "info",
  "message": "Fetching recipe with ID 33",
  "service": "LoggingService",
  "timestamp": "2025-03-22T13:30:02.091Z"
}
{
  "context": "RecipeController",
  "level": "info",
  "message": "Received request to get recipes",
  "service": "LoggingService",
  "timestamp": "2025-03-22T13:36:31.377Z"
}
{
  "context": "RecipeService",
  "level": "info",
  "message": "Fetching recipes with params: {\"skip\":0,\"take\":10}",
  "service": "LoggingService",
  "timestamp": "2025-03-22T13:36:31.378Z"
}
{
  "context": "RecipeController",
  "level": "info",
  "message": "Received request to get recipe with ID 33",
  "service": "LoggingService",
  "timestamp": "2025-03-22T13:36:33.157Z"
}
{
  "context": "RecipeService",
  "level": "info",
  "message": "Fetching recipe with ID 33",
  "service": "LoggingService",
  "timestamp": "2025-03-22T13:36:33.158Z"
}
{
  "context": "RecipeController",
  "level": "info",
  "message": "Received request to get recipes",
  "service": "LoggingService",
  "timestamp": "2025-03-22T13:36:41.681Z"
}
{
  "context": "RecipeService",
  "level": "info",
  "message": "Fetching recipes with params: {\"skip\":0,\"take\":10}",
  "service": "LoggingService",
  "timestamp": "2025-03-22T13:36:41.682Z"
}
{
  "context": "RecipeController",
  "level": "info",
  "message": "Received request to get recipe with ID 33",
  "service": "LoggingService",
  "timestamp": "2025-03-22T13:36:41.725Z"
}
{
  "context": "RecipeService",
  "level": "info",
  "message": "Fetching recipe with ID 33",
  "service": "LoggingService",
  "timestamp": "2025-03-22T13:36:41.726Z"
}
{
  "context": "RecipeController",
  "level": "info",
  "message": "Received request to get recipes",
  "service": "LoggingService",
  "timestamp": "2025-03-22T13:38:07.033Z"
}
{
  "context": "RecipeService",
  "level": "info",
  "message": "Fetching recipes with params: {\"skip\":0,\"take\":10}",
  "service": "LoggingService",
  "timestamp": "2025-03-22T13:38:07.034Z"
}
{
  "context": "RecipeController",
  "level": "info",
  "message": "Received request to get recipe with ID 33",
  "service": "LoggingService",
  "timestamp": "2025-03-22T13:38:08.269Z"
}
{
  "context": "RecipeService",
  "level": "info",
  "message": "Fetching recipe with ID 33",
  "service": "LoggingService",
  "timestamp": "2025-03-22T13:38:08.270Z"
}
{
  "context": "RecipeController",
  "level": "info",
  "message": "Received request to get recipes",
  "service": "LoggingService",
  "timestamp": "2025-03-22T13:38:15.591Z"
}
{
  "context": "RecipeService",
  "level": "info",
  "message": "Fetching recipes with params: {\"skip\":0,\"take\":10}",
  "service": "LoggingService",
  "timestamp": "2025-03-22T13:38:15.592Z"
}
{
  "context": "RecipeController",
  "level": "info",
  "message": "Received request to get recipe with ID 33",
  "service": "LoggingService",
  "timestamp": "2025-03-22T13:38:15.622Z"
}
{
  "context": "RecipeService",
  "level": "info",
  "message": "Fetching recipe with ID 33",
  "service": "LoggingService",
  "timestamp": "2025-03-22T13:38:15.622Z"
}
{
  "context": "RecipeController",
  "level": "info",
  "message": "Received request to get recipes",
  "service": "LoggingService",
  "timestamp": "2025-03-22T13:38:50.366Z"
}
{
  "context": "RecipeService",
  "level": "info",
  "message": "Fetching recipes with params: {\"skip\":0,\"take\":10}",
  "service": "LoggingService",
  "timestamp": "2025-03-22T13:38:50.366Z"
}
{
  "context": "RecipeController",
  "level": "info",
  "message": "Received request to get recipe with ID 33",
  "service": "LoggingService",
  "timestamp": "2025-03-22T13:38:52.062Z"
}
{
  "context": "RecipeService",
  "level": "info",
  "message": "Fetching recipe with ID 33",
  "service": "LoggingService",
  "timestamp": "2025-03-22T13:38:52.063Z"
}
{
  "context": "RecipeController",
  "level": "info",
  "message": "Received request to get recipes",
  "service": "LoggingService",
  "timestamp": "2025-03-22T13:38:58.654Z"
}
{
  "context": "RecipeService",
  "level": "info",
  "message": "Fetching recipes with params: {\"skip\":0,\"take\":10}",
  "service": "LoggingService",
  "timestamp": "2025-03-22T13:38:58.654Z"
}
{
  "context": "RecipeController",
  "level": "info",
  "message": "Received request to get recipe with ID 33",
  "service": "LoggingService",
  "timestamp": "2025-03-22T13:38:58.691Z"
}
{
  "context": "RecipeService",
  "level": "info",
  "message": "Fetching recipe with ID 33",
  "service": "LoggingService",
  "timestamp": "2025-03-22T13:38:58.692Z"
}
{
  "context": "RecipeController",
  "level": "info",
  "message": "Received request to get recipes",
  "service": "LoggingService",
  "timestamp": "2025-03-22T13:39:16.851Z"
}
{
  "context": "RecipeService",
  "level": "info",
  "message": "Fetching recipes with params: {\"skip\":0,\"take\":10}",
  "service": "LoggingService",
  "timestamp": "2025-03-22T13:39:16.853Z"
}
{
  "context": "RecipeController",
  "level": "info",
  "message": "Received request to get recipe with ID 33",
  "service": "LoggingService",
  "timestamp": "2025-03-22T13:39:18.274Z"
}
{
  "context": "RecipeService",
  "level": "info",
  "message": "Fetching recipe with ID 33",
  "service": "LoggingService",
  "timestamp": "2025-03-22T13:39:18.274Z"
}
{
  "context": "RecipeController",
  "level": "info",
  "message": "Received request to get recipes",
  "service": "LoggingService",
  "timestamp": "2025-03-22T13:39:21.968Z"
}
{
  "context": "RecipeService",
  "level": "info",
  "message": "Fetching recipes with params: {\"skip\":0,\"take\":10}",
  "service": "LoggingService",
  "timestamp": "2025-03-22T13:39:21.969Z"
}
{
  "context": "RecipeController",
  "level": "info",
  "message": "Received request to get recipe with ID 33",
  "service": "LoggingService",
  "timestamp": "2025-03-22T13:39:22.003Z"
}
{
  "context": "RecipeService",
  "level": "info",
  "message": "Fetching recipe with ID 33",
  "service": "LoggingService",
  "timestamp": "2025-03-22T13:39:22.004Z"
}
{
  "context": "RecipeController",
  "level": "info",
  "message": "Received request to get recipes",
  "service": "LoggingService",
  "timestamp": "2025-03-22T13:39:50.184Z"
}
{
  "context": "RecipeService",
  "level": "info",
  "message": "Fetching recipes with params: {\"skip\":0,\"take\":10}",
  "service": "LoggingService",
  "timestamp": "2025-03-22T13:39:50.185Z"
}
{
  "context": "RecipeController",
  "level": "info",
  "message": "Received request to get recipe with ID 33",
  "service": "LoggingService",
  "timestamp": "2025-03-22T13:39:51.800Z"
}
{
  "context": "RecipeService",
  "level": "info",
  "message": "Fetching recipe with ID 33",
  "service": "LoggingService",
  "timestamp": "2025-03-22T13:39:51.801Z"
}
{
  "context": "RecipeController",
  "level": "info",
  "message": "Received request to get recipes",
  "service": "LoggingService",
  "timestamp": "2025-03-22T13:40:00.126Z"
}
{
  "context": "RecipeService",
  "level": "info",
  "message": "Fetching recipes with params: {\"skip\":0,\"take\":10}",
  "service": "LoggingService",
  "timestamp": "2025-03-22T13:40:00.126Z"
}
{
  "context": "RecipeController",
  "level": "info",
  "message": "Received request to get recipe with ID 33",
  "service": "LoggingService",
  "timestamp": "2025-03-22T13:40:00.157Z"
}
{
  "context": "RecipeService",
  "level": "info",
  "message": "Fetching recipe with ID 33",
  "service": "LoggingService",
  "timestamp": "2025-03-22T13:40:00.158Z"
}
{
  "context": "RecipeController",
  "level": "info",
  "message": "Received request to get recipe with ID 33",
  "service": "LoggingService",
  "timestamp": "2025-03-22T13:40:01.487Z"
}
{
  "context": "RecipeService",
  "level": "info",
  "message": "Fetching recipe with ID 33",
  "service": "LoggingService",
  "timestamp": "2025-03-22T13:40:01.487Z"
}
{
  "context": "RecipeController",
  "level": "info",
  "message": "Received request to get recipes",
  "service": "LoggingService",
  "timestamp": "2025-03-22T13:40:13.042Z"
}
{
  "context": "RecipeService",
  "level": "info",
  "message": "Fetching recipes with params: {\"skip\":0,\"take\":10}",
  "service": "LoggingService",
  "timestamp": "2025-03-22T13:40:13.043Z"
}
{
  "context": "RecipeController",
  "level": "info",
  "message": "Received request to get recipe with ID 33",
  "service": "LoggingService",
  "timestamp": "2025-03-22T13:40:13.078Z"
}
{
  "context": "RecipeService",
  "level": "info",
  "message": "Fetching recipe with ID 33",
  "service": "LoggingService",
  "timestamp": "2025-03-22T13:40:13.078Z"
}
{
  "context": "RecipeController",
  "level": "info",
  "message": "Received request to get recipes",
  "service": "LoggingService",
  "timestamp": "2025-03-22T13:42:40.685Z"
}
{
  "context": "RecipeService",
  "level": "info",
  "message": "Fetching recipes with params: {\"skip\":0,\"take\":10}",
  "service": "LoggingService",
  "timestamp": "2025-03-22T13:42:40.686Z"
}
{
  "context": "RecipeController",
  "level": "info",
  "message": "Received request to get recipe with ID 33",
  "service": "LoggingService",
  "timestamp": "2025-03-22T13:42:42.082Z"
}
{
  "context": "RecipeService",
  "level": "info",
  "message": "Fetching recipe with ID 33",
  "service": "LoggingService",
  "timestamp": "2025-03-22T13:42:42.083Z"
}
{
  "context": "RecipeController",
  "level": "info",
  "message": "Received request to get recipes",
  "service": "LoggingService",
  "timestamp": "2025-03-22T13:42:49.774Z"
}
{
  "context": "RecipeService",
  "level": "info",
  "message": "Fetching recipes with params: {\"skip\":0,\"take\":10}",
  "service": "LoggingService",
  "timestamp": "2025-03-22T13:42:49.774Z"
}
{
  "context": "RecipeController",
  "level": "info",
  "message": "Received request to get recipe with ID 33",
  "service": "LoggingService",
  "timestamp": "2025-03-22T13:42:49.819Z"
}
{
  "context": "RecipeService",
  "level": "info",
  "message": "Fetching recipe with ID 33",
  "service": "LoggingService",
  "timestamp": "2025-03-22T13:42:49.819Z"
}
{
  "context": "RecipeController",
  "level": "info",
  "message": "Received request to get recipes",
  "service": "LoggingService",
  "timestamp": "2025-03-22T22:38:18.281Z"
}
{
  "context": "RecipeService",
  "level": "info",
  "message": "Fetching recipes with params: {\"skip\":0,\"take\":10}",
  "service": "LoggingService",
  "timestamp": "2025-03-22T22:38:18.293Z"
}
{
  "context": "RecipeController",
  "level": "info",
  "message": "Received request to get recipe with ID 24",
  "service": "LoggingService",
  "timestamp": "2025-03-22T22:38:27.397Z"
}
{
  "context": "RecipeService",
  "level": "info",
  "message": "Fetching recipe with ID 24",
  "service": "LoggingService",
  "timestamp": "2025-03-22T22:38:27.398Z"
}
