{
  "context": "RecipeController",
  "level": "info",
  "message": "Received request to get recipes",
  "service": "LoggingService",
  "timestamp": "2025-03-11T10:07:59.552Z"
}
{
  "context": "RecipeService",
  "level": "info",
  "message": "Fetching recipes with params: {\"skip\":0,\"take\":10}",
  "service": "LoggingService",
  "timestamp": "2025-03-11T10:07:59.554Z"
}
{
  "context": "RecipeController",
  "level": "info",
  "message": "Received request to get recipes",
  "service": "LoggingService",
  "timestamp": "2025-03-11T18:30:14.234Z"
}
{
  "context": "RecipeService",
  "level": "info",
  "message": "Fetching recipes with params: {\"skip\":0,\"take\":10}",
  "service": "LoggingService",
  "timestamp": "2025-03-11T18:30:14.243Z"
}
{
  "context": "RecipeController",
  "level": "info",
  "message": "Received request to get recipe with ID 406",
  "service": "LoggingService",
  "timestamp": "2025-03-11T18:30:18.432Z"
}
{
  "context": "RecipeService",
  "level": "info",
  "message": "Fetching recipe with ID 406",
  "service": "LoggingService",
  "timestamp": "2025-03-11T18:30:18.433Z"
}
{
  "context": "RecipeController",
  "level": "info",
  "message": "Received request to get recipe with ID 406",
  "service": "LoggingService",
  "timestamp": "2025-03-11T20:19:56.630Z"
}
{
  "context": "RecipeService",
  "level": "info",
  "message": "Fetching recipe with ID 406",
  "service": "LoggingService",
  "timestamp": "2025-03-11T20:19:56.633Z"
}
{
  "context": "RecipeController",
  "level": "info",
  "message": "Received request to get recipes",
  "service": "LoggingService",
  "timestamp": "2025-03-11T20:20:19.213Z"
}
{
  "context": "RecipeService",
  "level": "info",
  "message": "Fetching recipes with params: {\"skip\":0,\"take\":10}",
  "service": "LoggingService",
  "timestamp": "2025-03-11T20:20:19.214Z"
}
{
  "context": "RecipeController",
  "level": "info",
  "message": "Received request to get recipe with ID 406",
  "service": "LoggingService",
  "timestamp": "2025-03-11T20:20:33.326Z"
}
{
  "context": "RecipeService",
  "level": "info",
  "message": "Fetching recipe with ID 406",
  "service": "LoggingService",
  "timestamp": "2025-03-11T20:20:33.328Z"
}
{
  "context": "RecipeController",
  "level": "info",
  "message": "Received request to get recipe with ID 406",
  "service": "LoggingService",
  "timestamp": "2025-03-11T20:20:39.775Z"
}
{
  "context": "RecipeService",
  "level": "info",
  "message": "Fetching recipe with ID 406",
  "service": "LoggingService",
  "timestamp": "2025-03-11T20:20:39.776Z"
}
{
  "context": "RecipeController",
  "level": "info",
  "message": "Received request to get recipe with ID 406",
  "service": "LoggingService",
  "timestamp": "2025-03-11T20:22:52.759Z"
}
{
  "context": "RecipeService",
  "level": "info",
  "message": "Fetching recipe with ID 406",
  "service": "LoggingService",
  "timestamp": "2025-03-11T20:22:52.761Z"
}
{
  "context": "RecipeController",
  "level": "info",
  "message": "Received request to get recipe with ID 406",
  "service": "LoggingService",
  "timestamp": "2025-03-11T20:22:59.218Z"
}
{
  "context": "RecipeService",
  "level": "info",
  "message": "Fetching recipe with ID 406",
  "service": "LoggingService",
  "timestamp": "2025-03-11T20:22:59.219Z"
}
{
  "context": "RecipeController",
  "level": "info",
  "message": "Received request to get recipe with ID 406",
  "service": "LoggingService",
  "timestamp": "2025-03-11T20:23:01.080Z"
}
{
  "context": "RecipeService",
  "level": "info",
  "message": "Fetching recipe with ID 406",
  "service": "LoggingService",
  "timestamp": "2025-03-11T20:23:01.081Z"
}
{
  "context": "RecipeController",
  "level": "info",
  "message": "Received request to get recipe with ID 406",
  "service": "LoggingService",
  "timestamp": "2025-03-11T20:32:40.970Z"
}
{
  "context": "RecipeService",
  "level": "info",
  "message": "Fetching recipe with ID 406",
  "service": "LoggingService",
  "timestamp": "2025-03-11T20:32:40.972Z"
}
{
  "context": "RecipeController",
  "level": "info",
  "message": "Received request to get recipe with ID 406",
  "service": "LoggingService",
  "timestamp": "2025-03-11T20:32:47.484Z"
}
{
  "context": "RecipeService",
  "level": "info",
  "message": "Fetching recipe with ID 406",
  "service": "LoggingService",
  "timestamp": "2025-03-11T20:32:47.485Z"
}
{
  "context": "RecipeController",
  "level": "info",
  "message": "Received request to get recipe with ID 406",
  "service": "LoggingService",
  "timestamp": "2025-03-11T20:34:20.800Z"
}
{
  "context": "RecipeService",
  "level": "info",
  "message": "Fetching recipe with ID 406",
  "service": "LoggingService",
  "timestamp": "2025-03-11T20:34:20.803Z"
}
{
  "context": "RecipeController",
  "level": "info",
  "message": "Received request to get recipe with ID 406",
  "service": "LoggingService",
  "timestamp": "2025-03-11T20:34:27.020Z"
}
{
  "context": "RecipeService",
  "level": "info",
  "message": "Fetching recipe with ID 406",
  "service": "LoggingService",
  "timestamp": "2025-03-11T20:34:27.021Z"
}
{
  "context": "RecipeController",
  "level": "info",
  "message": "Received request to get recipes",
  "service": "LoggingService",
  "timestamp": "2025-03-11T20:38:25.072Z"
}
{
  "context": "RecipeService",
  "level": "info",
  "message": "Fetching recipes with params: {\"skip\":0,\"take\":10}",
  "service": "LoggingService",
  "timestamp": "2025-03-11T20:38:25.074Z"
}
{
  "context": "RecipeController",
  "level": "info",
  "message": "Received request to get recipes",
  "service": "LoggingService",
  "timestamp": "2025-03-11T20:38:32.765Z"
}
{
  "context": "RecipeService",
  "level": "info",
  "message": "Fetching recipes with params: {\"skip\":0,\"take\":10}",
  "service": "LoggingService",
  "timestamp": "2025-03-11T20:38:32.766Z"
}
{
  "context": "RecipeController",
  "level": "info",
  "message": "Received request to get recipe with ID 406",
  "service": "LoggingService",
  "timestamp": "2025-03-11T20:38:36.975Z"
}
{
  "context": "RecipeService",
  "level": "info",
  "message": "Fetching recipe with ID 406",
  "service": "LoggingService",
  "timestamp": "2025-03-11T20:38:36.976Z"
}
{
  "context": "RecipeController",
  "level": "info",
  "message": "Received request to get recipes",
  "service": "LoggingService",
  "timestamp": "2025-03-11T20:45:25.624Z"
}
{
  "context": "RecipeService",
  "level": "info",
  "message": "Fetching recipes with params: {\"skip\":0,\"take\":10}",
  "service": "LoggingService",
  "timestamp": "2025-03-11T20:45:25.625Z"
}
{
  "context": "RecipeController",
  "level": "info",
  "message": "Received request to get recipes",
  "service": "LoggingService",
  "timestamp": "2025-03-11T20:51:01.367Z"
}
{
  "context": "RecipeService",
  "level": "info",
  "message": "Fetching recipes with params: {\"skip\":0,\"take\":10}",
  "service": "LoggingService",
  "timestamp": "2025-03-11T20:51:01.368Z"
}
