{
  "context": "PrismaService",
  "level": "info",
  "message": "Prisma connected successfully",
  "service": "LoggingService",
  "timestamp": "2025-03-24T14:19:33.204Z"
}
{
  "context": "PrismaService",
  "level": "info",
  "message": "Prisma connected successfully",
  "service": "LoggingService",
  "timestamp": "2025-03-24T14:19:33.272Z"
}
{
  "context": "PrismaService",
  "level": "info",
  "message": "Prisma connected successfully",
  "service": "LoggingService",
  "timestamp": "2025-03-24T14:19:33.334Z"
}
{
  "context": "PrismaService",
  "level": "info",
  "message": "Prisma connected successfully",
  "service": "LoggingService",
  "timestamp": "2025-03-24T14:19:33.404Z"
}
{
  "context": "PrismaService",
  "level": "info",
  "message": "Prisma connected successfully",
  "service": "LoggingService",
  "timestamp": "2025-03-24T14:19:33.482Z"
}
{
  "context": "PrismaService",
  "level": "info",
  "message": "Prisma connected successfully",
  "service": "LoggingService",
  "timestamp": "2025-03-24T14:19:58.820Z"
}
{
  "context": "PrismaService",
  "level": "info",
  "message": "Prisma connected successfully",
  "service": "LoggingService",
  "timestamp": "2025-03-24T14:19:58.885Z"
}
{
  "context": "PrismaService",
  "level": "info",
  "message": "Prisma connected successfully",
  "service": "LoggingService",
  "timestamp": "2025-03-24T14:19:58.947Z"
}
{
  "context": "PrismaService",
  "level": "info",
  "message": "Prisma connected successfully",
  "service": "LoggingService",
  "timestamp": "2025-03-24T14:19:59.035Z"
}
{
  "context": "PrismaService",
  "level": "info",
  "message": "Prisma connected successfully",
  "service": "LoggingService",
  "timestamp": "2025-03-24T14:19:59.096Z"
}
{
  "context": "PrismaService",
  "level": "info",
  "message": "Prisma connected successfully",
  "service": "LoggingService",
  "timestamp": "2025-03-24T14:41:33.713Z"
}
{
  "context": "PrismaService",
  "level": "info",
  "message": "Prisma connected successfully",
  "service": "LoggingService",
  "timestamp": "2025-03-24T14:41:33.782Z"
}
{
  "context": "PrismaService",
  "level": "info",
  "message": "Prisma connected successfully",
  "service": "LoggingService",
  "timestamp": "2025-03-24T14:41:33.848Z"
}
{
  "context": "PrismaService",
  "level": "info",
  "message": "Prisma connected successfully",
  "service": "LoggingService",
  "timestamp": "2025-03-24T14:41:33.909Z"
}
{
  "context": "PrismaService",
  "level": "info",
  "message": "Prisma connected successfully",
  "service": "LoggingService",
  "timestamp": "2025-03-24T14:41:33.982Z"
}
{
  "context": "PrismaService",
  "level": "info",
  "message": "Prisma connected successfully",
  "service": "LoggingService",
  "timestamp": "2025-03-24T14:41:50.727Z"
}
{
  "context": "PrismaService",
  "level": "info",
  "message": "Prisma connected successfully",
  "service": "LoggingService",
  "timestamp": "2025-03-24T14:41:50.812Z"
}
{
  "context": "PrismaService",
  "level": "info",
  "message": "Prisma connected successfully",
  "service": "LoggingService",
  "timestamp": "2025-03-24T14:41:50.902Z"
}
{
  "context": "PrismaService",
  "level": "info",
  "message": "Prisma connected successfully",
  "service": "LoggingService",
  "timestamp": "2025-03-24T14:41:50.981Z"
}
{
  "context": "PrismaService",
  "level": "info",
  "message": "Prisma connected successfully",
  "service": "LoggingService",
  "timestamp": "2025-03-24T14:41:51.103Z"
}
