{
  "context": "PrismaService",
  "level": "info",
  "message": "Prisma connected successfully",
  "service": "LoggingService",
  "timestamp": "2025-04-03T12:47:31.210Z"
}
{
  "context": "PrismaService",
  "level": "info",
  "message": "Prisma connected successfully",
  "service": "LoggingService",
  "timestamp": "2025-04-03T12:47:31.316Z"
}
{
  "context": "PrismaService",
  "level": "info",
  "message": "Prisma connected successfully",
  "service": "LoggingService",
  "timestamp": "2025-04-03T12:47:31.413Z"
}
{
  "context": "PrismaService",
  "level": "info",
  "message": "Prisma connected successfully",
  "service": "LoggingService",
  "timestamp": "2025-04-03T12:47:31.524Z"
}
{
  "context": "PrismaService",
  "level": "info",
  "message": "Prisma connected successfully",
  "service": "LoggingService",
  "timestamp": "2025-04-03T12:47:31.623Z"
}
{
  "context": "PrismaError",
  "error": "\nInvalid `this.prisma.session.update()` invocation in\n/home/rayan147/ckm-turborepo/apps/api/src/auth/utils/auth.sessions.service.ts:218:33\n\n  215   throw new UnauthorizedException('Invalid verification code');\n  216 }\n  217 \n→ 218 await this.prisma.session.update(\nUnique constraint failed on the fields: (`verificationCode`)",
  "level": "error",
  "message": "Failed to verifySession: Prisma Error",
  "service": "LoggingService",
  "timestamp": "2025-04-03T12:49:40.233Z"
}
{
  "context": "PrismaService",
  "level": "info",
  "message": "Prisma connected successfully",
  "service": "LoggingService",
  "timestamp": "2025-04-03T12:51:20.589Z"
}
{
  "context": "PrismaService",
  "level": "info",
  "message": "Prisma connected successfully",
  "service": "LoggingService",
  "timestamp": "2025-04-03T12:51:20.653Z"
}
{
  "context": "PrismaService",
  "level": "info",
  "message": "Prisma connected successfully",
  "service": "LoggingService",
  "timestamp": "2025-04-03T12:51:20.719Z"
}
{
  "context": "PrismaService",
  "level": "info",
  "message": "Prisma connected successfully",
  "service": "LoggingService",
  "timestamp": "2025-04-03T12:51:20.786Z"
}
{
  "context": "PrismaService",
  "level": "info",
  "message": "Prisma connected successfully",
  "service": "LoggingService",
  "timestamp": "2025-04-03T12:51:20.859Z"
}
{
  "context": "PrismaService",
  "level": "info",
  "message": "Prisma connected successfully",
  "service": "LoggingService",
  "timestamp": "2025-04-03T13:00:07.257Z"
}
{
  "context": "PrismaService",
  "level": "info",
  "message": "Prisma connected successfully",
  "service": "LoggingService",
  "timestamp": "2025-04-03T13:00:07.328Z"
}
{
  "context": "PrismaService",
  "level": "info",
  "message": "Prisma connected successfully",
  "service": "LoggingService",
  "timestamp": "2025-04-03T13:00:07.393Z"
}
{
  "context": "PrismaService",
  "level": "info",
  "message": "Prisma connected successfully",
  "service": "LoggingService",
  "timestamp": "2025-04-03T13:00:07.459Z"
}
{
  "context": "PrismaService",
  "level": "info",
  "message": "Prisma connected successfully",
  "service": "LoggingService",
  "timestamp": "2025-04-03T13:00:07.534Z"
}
{
  "context": "PrismaService",
  "level": "info",
  "message": "Prisma connected successfully",
  "service": "LoggingService",
  "timestamp": "2025-04-03T13:02:44.243Z"
}
{
  "context": "PrismaService",
  "level": "info",
  "message": "Prisma connected successfully",
  "service": "LoggingService",
  "timestamp": "2025-04-03T13:02:44.333Z"
}
{
  "context": "PrismaService",
  "level": "info",
  "message": "Prisma connected successfully",
  "service": "LoggingService",
  "timestamp": "2025-04-03T13:02:44.402Z"
}
{
  "context": "PrismaService",
  "level": "info",
  "message": "Prisma connected successfully",
  "service": "LoggingService",
  "timestamp": "2025-04-03T13:02:44.470Z"
}
{
  "context": "PrismaService",
  "level": "info",
  "message": "Prisma connected successfully",
  "service": "LoggingService",
  "timestamp": "2025-04-03T13:02:44.547Z"
}
{
  "context": "PrismaService",
  "level": "info",
  "message": "Prisma connected successfully",
  "service": "LoggingService",
  "timestamp": "2025-04-03T13:05:11.826Z"
}
{
  "context": "PrismaService",
  "level": "info",
  "message": "Prisma connected successfully",
  "service": "LoggingService",
  "timestamp": "2025-04-03T13:05:11.895Z"
}
{
  "context": "PrismaService",
  "level": "info",
  "message": "Prisma connected successfully",
  "service": "LoggingService",
  "timestamp": "2025-04-03T13:05:11.993Z"
}
{
  "context": "PrismaService",
  "level": "info",
  "message": "Prisma connected successfully",
  "service": "LoggingService",
  "timestamp": "2025-04-03T13:05:12.060Z"
}
{
  "context": "PrismaService",
  "level": "info",
  "message": "Prisma connected successfully",
  "service": "LoggingService",
  "timestamp": "2025-04-03T13:05:12.138Z"
}
{
  "context": "PrismaService",
  "level": "info",
  "message": "Prisma connected successfully",
  "service": "LoggingService",
  "timestamp": "2025-04-03T13:06:40.394Z"
}
{
  "context": "PrismaService",
  "level": "info",
  "message": "Prisma connected successfully",
  "service": "LoggingService",
  "timestamp": "2025-04-03T13:06:40.488Z"
}
{
  "context": "PrismaService",
  "level": "info",
  "message": "Prisma connected successfully",
  "service": "LoggingService",
  "timestamp": "2025-04-03T13:06:40.552Z"
}
{
  "context": "PrismaService",
  "level": "info",
  "message": "Prisma connected successfully",
  "service": "LoggingService",
  "timestamp": "2025-04-03T13:06:51.304Z"
}
{
  "context": "PrismaService",
  "level": "info",
  "message": "Prisma connected successfully",
  "service": "LoggingService",
  "timestamp": "2025-04-03T13:06:40.556Z"
}
{
  "context": "PrismaService",
  "level": "info",
  "message": "Prisma connected successfully",
  "service": "LoggingService",
  "timestamp": "2025-04-03T13:22:42.260Z"
}
{
  "context": "PrismaService",
  "level": "info",
  "message": "Prisma connected successfully",
  "service": "LoggingService",
  "timestamp": "2025-04-03T13:22:42.340Z"
}
{
  "context": "PrismaService",
  "level": "info",
  "message": "Prisma connected successfully",
  "service": "LoggingService",
  "timestamp": "2025-04-03T13:22:42.422Z"
}
{
  "context": "PrismaService",
  "level": "info",
  "message": "Prisma connected successfully",
  "service": "LoggingService",
  "timestamp": "2025-04-03T13:22:42.478Z"
}
{
  "context": "PrismaService",
  "level": "info",
  "message": "Prisma connected successfully",
  "service": "LoggingService",
  "timestamp": "2025-04-03T13:22:42.545Z"
}
{
  "context": "PrismaService",
  "level": "info",
  "message": "Prisma connected successfully",
  "service": "LoggingService",
  "timestamp": "2025-04-03T14:09:43.920Z"
}
{
  "context": "PrismaService",
  "level": "info",
  "message": "Prisma connected successfully",
  "service": "LoggingService",
  "timestamp": "2025-04-03T14:09:44.012Z"
}
{
  "context": "PrismaService",
  "level": "info",
  "message": "Prisma connected successfully",
  "service": "LoggingService",
  "timestamp": "2025-04-03T14:09:44.118Z"
}
{
  "context": "PrismaService",
  "level": "info",
  "message": "Prisma connected successfully",
  "service": "LoggingService",
  "timestamp": "2025-04-03T14:09:44.208Z"
}
{
  "context": "PrismaService",
  "level": "info",
  "message": "Prisma connected successfully",
  "service": "LoggingService",
  "timestamp": "2025-04-03T14:09:44.292Z"
}
{
  "level": "info",
  "message": "Successfully invalidated all sessions for user 106",
  "service": "LoggingService",
  "timestamp": "2025-04-03T14:10:49.411Z"
}
{
  "level": "info",
  "message": "Login initiated for user: rayan361@gmail.com (ID: 106)",
  "service": "LoggingService",
  "timestamp": "2025-04-03T14:10:49.653Z"
}
{
  "level": "info",
  "message": "Successfully invalidated all sessions for user 106",
  "service": "LoggingService",
  "timestamp": "2025-04-03T14:11:22.649Z"
}
{
  "level": "info",
  "message": "Successful verification for user ID: 106",
  "service": "LoggingService",
  "timestamp": "2025-04-03T14:11:22.651Z"
}
{
  "context": "PrismaService",
  "level": "info",
  "message": "Prisma connected successfully",
  "service": "LoggingService",
  "timestamp": "2025-04-03T14:17:56.959Z"
}
{
  "context": "PrismaService",
  "level": "info",
  "message": "Prisma connected successfully",
  "service": "LoggingService",
  "timestamp": "2025-04-03T14:17:57.118Z"
}
{
  "context": "PrismaService",
  "level": "info",
  "message": "Prisma connected successfully",
  "service": "LoggingService",
  "timestamp": "2025-04-03T14:17:57.219Z"
}
{
  "context": "PrismaService",
  "level": "info",
  "message": "Prisma connected successfully",
  "service": "LoggingService",
  "timestamp": "2025-04-03T14:17:57.326Z"
}
{
  "context": "PrismaService",
  "level": "info",
  "message": "Prisma connected successfully",
  "service": "LoggingService",
  "timestamp": "2025-04-03T14:17:57.421Z"
}
{
  "context": "PrismaService",
  "level": "info",
  "message": "Prisma connected successfully",
  "service": "LoggingService",
  "timestamp": "2025-04-03T14:19:45.580Z"
}
{
  "context": "PrismaService",
  "level": "info",
  "message": "Prisma connected successfully",
  "service": "LoggingService",
  "timestamp": "2025-04-03T14:19:45.652Z"
}
{
  "context": "PrismaService",
  "level": "info",
  "message": "Prisma connected successfully",
  "service": "LoggingService",
  "timestamp": "2025-04-03T14:19:45.744Z"
}
{
  "context": "PrismaService",
  "level": "info",
  "message": "Prisma connected successfully",
  "service": "LoggingService",
  "timestamp": "2025-04-03T14:19:45.844Z"
}
{
  "context": "PrismaService",
  "level": "info",
  "message": "Prisma connected successfully",
  "service": "LoggingService",
  "timestamp": "2025-04-03T14:19:45.956Z"
}
{
  "context": "PrismaService",
  "level": "info",
  "message": "Prisma connected successfully",
  "service": "LoggingService",
  "timestamp": "2025-04-03T14:20:27.909Z"
}
{
  "context": "PrismaService",
  "level": "info",
  "message": "Prisma connected successfully",
  "service": "LoggingService",
  "timestamp": "2025-04-03T14:20:28.011Z"
}
{
  "context": "PrismaService",
  "level": "info",
  "message": "Prisma connected successfully",
  "service": "LoggingService",
  "timestamp": "2025-04-03T14:20:28.103Z"
}
{
  "context": "PrismaService",
  "level": "info",
  "message": "Prisma connected successfully",
  "service": "LoggingService",
  "timestamp": "2025-04-03T14:20:28.200Z"
}
{
  "context": "PrismaService",
  "level": "info",
  "message": "Prisma connected successfully",
  "service": "LoggingService",
  "timestamp": "2025-04-03T14:20:28.309Z"
}
{
  "level": "info",
  "message": "Successfully invalidated all sessions for user 106",
  "service": "LoggingService",
  "timestamp": "2025-04-03T14:20:40.509Z"
}
{
  "level": "info",
  "message": "Login initiated for user: rayan361@gmail.com (ID: 106)",
  "service": "LoggingService",
  "timestamp": "2025-04-03T14:20:40.733Z"
}
{
  "level": "info",
  "message": "Successfully invalidated all sessions for user 106",
  "service": "LoggingService",
  "timestamp": "2025-04-03T14:21:04.780Z"
}
{
  "level": "info",
  "message": "Successful verification for user ID: 106",
  "service": "LoggingService",
  "timestamp": "2025-04-03T14:21:04.782Z"
}
{
  "context": "PrismaService",
  "level": "info",
  "message": "Prisma connected successfully",
  "service": "LoggingService",
  "timestamp": "2025-04-03T14:25:19.427Z"
}
{
  "context": "PrismaService",
  "level": "info",
  "message": "Prisma connected successfully",
  "service": "LoggingService",
  "timestamp": "2025-04-03T14:25:19.509Z"
}
{
  "context": "PrismaService",
  "level": "info",
  "message": "Prisma connected successfully",
  "service": "LoggingService",
  "timestamp": "2025-04-03T14:25:19.596Z"
}
{
  "context": "PrismaService",
  "level": "info",
  "message": "Prisma connected successfully",
  "service": "LoggingService",
  "timestamp": "2025-04-03T14:25:19.675Z"
}
{
  "context": "PrismaService",
  "level": "info",
  "message": "Prisma connected successfully",
  "service": "LoggingService",
  "timestamp": "2025-04-03T14:25:19.754Z"
}
{
  "level": "info",
  "message": "Successfully invalidated all sessions for user 106",
  "service": "LoggingService",
  "timestamp": "2025-04-03T14:25:26.289Z"
}
{
  "level": "info",
  "message": "Login initiated for user: rayan361@gmail.com (ID: 106)",
  "service": "LoggingService",
  "timestamp": "2025-04-03T14:25:26.538Z"
}
{
  "level": "info",
  "message": "Successfully invalidated all sessions for user 106",
  "service": "LoggingService",
  "timestamp": "2025-04-03T14:25:44.698Z"
}
{
  "level": "info",
  "message": "Successful verification for user ID: 106",
  "service": "LoggingService",
  "timestamp": "2025-04-03T14:25:44.707Z"
}
{
  "context": "PrismaService",
  "level": "info",
  "message": "Prisma connected successfully",
  "service": "LoggingService",
  "timestamp": "2025-04-03T14:36:48.688Z"
}
{
  "context": "PrismaService",
  "level": "info",
  "message": "Prisma connected successfully",
  "service": "LoggingService",
  "timestamp": "2025-04-03T14:36:48.761Z"
}
{
  "context": "PrismaService",
  "level": "info",
  "message": "Prisma connected successfully",
  "service": "LoggingService",
  "timestamp": "2025-04-03T14:36:48.836Z"
}
{
  "context": "PrismaService",
  "level": "info",
  "message": "Prisma connected successfully",
  "service": "LoggingService",
  "timestamp": "2025-04-03T14:36:48.939Z"
}
{
  "context": "PrismaService",
  "level": "info",
  "message": "Prisma connected successfully",
  "service": "LoggingService",
  "timestamp": "2025-04-03T14:36:49.008Z"
}
{
  "context": "PrismaService",
  "level": "info",
  "message": "Prisma connected successfully",
  "service": "LoggingService",
  "timestamp": "2025-04-03T14:37:11.298Z"
}
{
  "context": "PrismaService",
  "level": "info",
  "message": "Prisma connected successfully",
  "service": "LoggingService",
  "timestamp": "2025-04-03T14:37:11.374Z"
}
{
  "context": "PrismaService",
  "level": "info",
  "message": "Prisma connected successfully",
  "service": "LoggingService",
  "timestamp": "2025-04-03T14:37:21.838Z"
}
{
  "context": "PrismaService",
  "level": "info",
  "message": "Prisma connected successfully",
  "service": "LoggingService",
  "timestamp": "2025-04-03T14:37:11.043Z"
}
{
  "context": "PrismaService",
  "level": "info",
  "message": "Prisma connected successfully",
  "service": "LoggingService",
  "timestamp": "2025-04-03T14:37:11.138Z"
}
{
  "context": "PrismaService",
  "level": "info",
  "message": "Prisma connected successfully",
  "service": "LoggingService",
  "timestamp": "2025-04-03T14:39:44.192Z"
}
{
  "context": "PrismaService",
  "level": "info",
  "message": "Prisma connected successfully",
  "service": "LoggingService",
  "timestamp": "2025-04-03T14:39:44.311Z"
}
{
  "context": "PrismaService",
  "level": "info",
  "message": "Prisma connected successfully",
  "service": "LoggingService",
  "timestamp": "2025-04-03T14:39:44.388Z"
}
{
  "context": "PrismaService",
  "level": "info",
  "message": "Prisma connected successfully",
  "service": "LoggingService",
  "timestamp": "2025-04-03T14:39:44.472Z"
}
{
  "context": "PrismaService",
  "level": "info",
  "message": "Prisma connected successfully",
  "service": "LoggingService",
  "timestamp": "2025-04-03T14:39:44.543Z"
}
{
  "context": "PrismaService",
  "level": "info",
  "message": "Prisma connected successfully",
  "service": "LoggingService",
  "timestamp": "2025-04-03T14:40:10.046Z"
}
{
  "context": "PrismaService",
  "level": "info",
  "message": "Prisma connected successfully",
  "service": "LoggingService",
  "timestamp": "2025-04-03T14:40:10.170Z"
}
{
  "context": "PrismaService",
  "level": "info",
  "message": "Prisma connected successfully",
  "service": "LoggingService",
  "timestamp": "2025-04-03T14:40:10.300Z"
}
{
  "context": "PrismaService",
  "level": "info",
  "message": "Prisma connected successfully",
  "service": "LoggingService",
  "timestamp": "2025-04-03T14:40:10.402Z"
}
{
  "context": "PrismaService",
  "level": "info",
  "message": "Prisma connected successfully",
  "service": "LoggingService",
  "timestamp": "2025-04-03T14:40:10.507Z"
}
{
  "level": "info",
  "message": "Successfully invalidated all sessions for user 106",
  "service": "LoggingService",
  "timestamp": "2025-04-03T14:40:30.101Z"
}
{
  "level": "info",
  "message": "Login initiated for user: rayan361@gmail.com (ID: 106)",
  "service": "LoggingService",
  "timestamp": "2025-04-03T14:40:30.362Z"
}
{
  "level": "info",
  "message": "Successfully invalidated all sessions for user 106",
  "service": "LoggingService",
  "timestamp": "2025-04-03T14:40:57.365Z"
}
{
  "level": "info",
  "message": "Successful verification for user ID: 106",
  "service": "LoggingService",
  "timestamp": "2025-04-03T14:40:57.377Z"
}
{
  "level": "info",
  "message": "Successfully invalidated all sessions for user 106",
  "service": "LoggingService",
  "timestamp": "2025-04-03T14:45:46.690Z"
}
{
  "level": "info",
  "message": "Login initiated for user: rayan361@gmail.com (ID: 106)",
  "service": "LoggingService",
  "timestamp": "2025-04-03T14:45:46.901Z"
}
{
  "level": "info",
  "message": "Successfully invalidated all sessions for user 106",
  "service": "LoggingService",
  "timestamp": "2025-04-03T14:46:01.072Z"
}
{
  "level": "info",
  "message": "Successful verification for user ID: 106",
  "service": "LoggingService",
  "timestamp": "2025-04-03T14:46:01.081Z"
}
{
  "context": "ApplicationError",
  "error": "Invalid verification code",
  "level": "error",
  "message": "Failed to verify session: Application Error",
  "service": "LoggingService",
  "timestamp": "2025-04-03T14:46:09.830Z"
}
{
  "context": "ApplicationError",
  "error": "Failed to verify session",
  "level": "error",
  "message": "Verification code validation failed: Application Error",
  "service": "LoggingService",
  "timestamp": "2025-04-03T14:46:09.831Z"
}
{
  "context": "ApplicationError",
  "error": "Invalid verification code",
  "level": "error",
  "message": "Failed to verify session: Application Error",
  "service": "LoggingService",
  "timestamp": "2025-04-03T14:46:21.321Z"
}
{
  "context": "ApplicationError",
  "error": "Failed to verify session",
  "level": "error",
  "message": "Verification code validation failed: Application Error",
  "service": "LoggingService",
  "timestamp": "2025-04-03T14:46:21.322Z"
}
{
  "context": "ApplicationError",
  "error": "Invalid verification code",
  "level": "error",
  "message": "Failed to verify session: Application Error",
  "service": "LoggingService",
  "timestamp": "2025-04-03T14:46:23.640Z"
}
{
  "context": "ApplicationError",
  "error": "Failed to verify session",
  "level": "error",
  "message": "Verification code validation failed: Application Error",
  "service": "LoggingService",
  "timestamp": "2025-04-03T14:46:23.640Z"
}
{
  "level": "info",
  "message": "Successfully invalidated all sessions for user 106",
  "service": "LoggingService",
  "timestamp": "2025-04-03T14:48:58.196Z"
}
{
  "level": "info",
  "message": "Login initiated for user: rayan361@gmail.com (ID: 106)",
  "service": "LoggingService",
  "timestamp": "2025-04-03T14:48:58.396Z"
}
{
  "level": "info",
  "message": "Successfully invalidated all sessions for user 106",
  "service": "LoggingService",
  "timestamp": "2025-04-03T14:49:20.775Z"
}
{
  "level": "info",
  "message": "Successful verification for user ID: 106",
  "service": "LoggingService",
  "timestamp": "2025-04-03T14:49:20.781Z"
}
{
  "level": "info",
  "message": "Successfully invalidated all sessions for user 106",
  "service": "LoggingService",
  "timestamp": "2025-04-03T14:51:48.208Z"
}
{
  "level": "info",
  "message": "Login initiated for user: rayan361@gmail.com (ID: 106)",
  "service": "LoggingService",
  "timestamp": "2025-04-03T14:51:48.419Z"
}
{
  "level": "info",
  "message": "Successfully invalidated all sessions for user 106",
  "service": "LoggingService",
  "timestamp": "2025-04-03T14:52:04.599Z"
}
{
  "level": "info",
  "message": "Successful verification for user ID: 106",
  "service": "LoggingService",
  "timestamp": "2025-04-03T14:52:04.605Z"
}
{
  "context": "RecipeController",
  "level": "info",
  "message": "Received request to get recipes",
  "service": "LoggingService",
  "timestamp": "2025-04-03T14:52:43.732Z"
}
{
  "context": "RecipeService",
  "level": "info",
  "message": "Fetching recipes with params: {\"skip\":0,\"take\":10}",
  "service": "LoggingService",
  "timestamp": "2025-04-03T14:52:43.733Z"
}
{
  "context": "PrismaService",
  "level": "info",
  "message": "Prisma connected successfully",
  "service": "LoggingService",
  "timestamp": "2025-04-03T15:22:10.435Z"
}
{
  "context": "PrismaService",
  "level": "info",
  "message": "Prisma connected successfully",
  "service": "LoggingService",
  "timestamp": "2025-04-03T15:22:10.526Z"
}
{
  "context": "PrismaService",
  "level": "info",
  "message": "Prisma connected successfully",
  "service": "LoggingService",
  "timestamp": "2025-04-03T15:22:10.652Z"
}
{
  "context": "PrismaService",
  "level": "info",
  "message": "Prisma connected successfully",
  "service": "LoggingService",
  "timestamp": "2025-04-03T15:22:10.757Z"
}
{
  "context": "PrismaService",
  "level": "info",
  "message": "Prisma connected successfully",
  "service": "LoggingService",
  "timestamp": "2025-04-03T15:22:10.843Z"
}
{
  "context": "RecipeController",
  "level": "info",
  "message": {
    "req": {
      "_consuming": false,
      "_dumped": false,
      "_events": {},
      "_parsedOriginalUrl": {
        "_raw": "/api/v1/recipes?skip=10&take=10",
        "auth": null,
        "hash": null,
        "host": null,
        "hostname": null,
        "href": "/api/v1/recipes?skip=10&take=10",
        "path": "/api/v1/recipes?skip=10&take=10",
        "pathname": "/api/v1/recipes",
        "port": null,
        "protocol": null,
        "query": "skip=10&take=10",
        "search": "?skip=10&take=10",
        "slashes": null
      },
      "_parsedUrl": {
        "_raw": "/api/v1/recipes?skip=10&take=10",
        "auth": null,
        "hash": null,
        "host": null,
        "hostname": null,
        "href": "/api/v1/recipes?skip=10&take=10",
        "path": "/api/v1/recipes?skip=10&take=10",
        "pathname": "/api/v1/recipes",
        "port": null,
        "protocol": null,
        "query": "skip=10&take=10",
        "search": "?skip=10&take=10",
        "slashes": null
      },
      "_readableState": {
        "awaitDrainWriters": null,
        "buffer": [],
        "bufferIndex": 0,
        "highWaterMark": 65536,
        "length": 0,
        "pipes": []
      },
      "aborted": false,
      "baseUrl": "",
      "client": {
        "_closeAfterHandlingError": false,
        "_events": {
          "close": [
            null,
            null
          ],
          "end": [
            null,
            null
          ]
        },
        "_eventsCount": 8,
        "_hadError": false,
        "_host": null,
        "_httpMessage": {
          "_closed": false,
          "_contentLength": null,
          "_defaultKeepAlive": true,
          "_events": {},
          "_eventsCount": 1,
          "_expect_continue": false,
          "_hasBody": true,
          "_header": null,
          "_headerSent": false,
          "_keepAliveTimeout": 5000,
          "_last": false,
          "_maxRequestsPerSocket": 0,
          "_removedConnection": false,
          "_removedContLen": false,
          "_removedTE": false,
          "_sent100": false,
          "_trailer": "",
          "chunkedEncoding": false,
          "destroyed": false,
          "finished": false,
          "locals": {},
          "maxRequestsOnConnectionReached": false,
          "outputData": [],
          "outputSize": 0,
          "req": "[Circular]",
          "sendDate": true,
          "shouldKeepAlive": true,
          "statusCode": 200,
          "strictContentLength": false,
          "useChunkedEncodingByDefault": true,
          "writable": true
        },
        "_parent": null,
        "_paused": false,
        "_pendingData": null,
        "_pendingEncoding": "",
        "_readableState": {
          "awaitDrainWriters": null,
          "buffer": [],
          "bufferIndex": 0,
          "highWaterMark": 65536,
          "length": 0,
          "pipes": []
        },
        "_server": {
          "_connectionKey": "6::::3000",
          "_connections": 1,
          "_events": {},
          "_eventsCount": 3,
          "_handle": {
            "reading": false
          },
          "_listeningId": 2,
          "_unref": false,
          "_usingWorkers": false,
          "_workers": [],
          "allowHalfOpen": true,
          "connectionsCheckingInterval": 30000,
          "headersTimeout": 60000,
          "highWaterMark": 65536,
          "httpAllowHalfOpen": false,
          "keepAlive": false,
          "keepAliveInitialDelay": 0,
          "keepAliveTimeout": 5000,
          "maxHeadersCount": null,
          "maxRequestsPerSocket": 0,
          "noDelay": true,
          "pauseOnConnect": false,
          "rejectNonStandardBodyWrites": false,
          "requestTimeout": 300000,
          "requireHostHeader": true,
          "timeout": 0
        },
        "_sockname": null,
        "_writableState": {
          "bufferedIndex": 0,
          "corked": 0,
          "highWaterMark": 65536,
          "length": 0,
          "pendingcb": 0,
          "writelen": 0
        },
        "allowHalfOpen": true,
        "connecting": false,
        "parser": {
          "0": null,
          "_consumed": true,
          "_headers": [],
          "_url": "",
          "incoming": "[Circular]",
          "joinDuplicateHeaders": null,
          "maxHeaderPairs": 2000,
          "outgoing": null,
          "socket": "[Circular]"
        },
        "server": {
          "_connectionKey": "6::::3000",
          "_connections": 1,
          "_events": {},
          "_eventsCount": 3,
          "_handle": {
            "reading": false
          },
          "_listeningId": 2,
          "_unref": false,
          "_usingWorkers": false,
          "_workers": [],
          "allowHalfOpen": true,
          "connectionsCheckingInterval": 30000,
          "headersTimeout": 60000,
          "highWaterMark": 65536,
          "httpAllowHalfOpen": false,
          "keepAlive": false,
          "keepAliveInitialDelay": 0,
          "keepAliveTimeout": 5000,
          "maxHeadersCount": null,
          "maxRequestsPerSocket": 0,
          "noDelay": true,
          "pauseOnConnect": false,
          "rejectNonStandardBodyWrites": false,
          "requestTimeout": 300000,
          "requireHostHeader": true,
          "timeout": 0
        }
      },
      "complete": true,
      "httpVersion": "1.1",
      "httpVersionMajor": 1,
      "httpVersionMinor": 1,
      "joinDuplicateHeaders": null,
      "method": "GET",
      "originalUrl": "/api/v1/recipes?skip=10&take=10",
      "params": {},
      "rawHeaders": [
        "Host",
        "localhost:3000",
        "User-Agent",
        "Mozilla/5.0 (Windows NT 10.0; Win64; x64; rv:136.0) Gecko/20100101 Firefox/136.0",
        "Accept",
        "*/*",
        "Accept-Language",
        "en-US,en;q=0.5",
        "Accept-Encoding",
        "gzip, deflate, br, zstd",
        "Referer",
        "http://localhost:5175/",
        "Origin",
        "http://localhost:5175",
        "Sec-GPC",
        "1",
        "Connection",
        "keep-alive",
        "Sec-Fetch-Dest",
        "empty",
        "Sec-Fetch-Mode",
        "cors",
        "Sec-Fetch-Site",
        "same-site",
        "Priority",
        "u=4"
      ],
      "rawTrailers": [],
      "res": {
        "_closed": false,
        "_contentLength": null,
        "_defaultKeepAlive": true,
        "_events": {},
        "_eventsCount": 1,
        "_expect_continue": false,
        "_hasBody": true,
        "_header": null,
        "_headerSent": false,
        "_keepAliveTimeout": 5000,
        "_last": false,
        "_maxRequestsPerSocket": 0,
        "_removedConnection": false,
        "_removedContLen": false,
        "_removedTE": false,
        "_sent100": false,
        "_trailer": "",
        "chunkedEncoding": false,
        "destroyed": false,
        "finished": false,
        "locals": {},
        "maxRequestsOnConnectionReached": false,
        "outputData": [],
        "outputSize": 0,
        "req": "[Circular]",
        "sendDate": true,
        "shouldKeepAlive": true,
        "statusCode": 200,
        "strictContentLength": false,
        "useChunkedEncodingByDefault": true,
        "writable": true
      },
      "route": {
        "methods": {
          "get": true
        },
        "path": "/api/v1/recipes",
        "stack": [
          {
            "keys": [],
            "matchers": [
              null
            ],
            "method": "get",
            "name": "<anonymous>",
            "slash": false
          }
        ]
      },
      "socket": {
        "_closeAfterHandlingError": false,
        "_events": {
          "close": [
            null,
            null
          ],
          "end": [
            null,
            null
          ]
        },
        "_eventsCount": 8,
        "_hadError": false,
        "_host": null,
        "_httpMessage": {
          "_closed": false,
          "_contentLength": null,
          "_defaultKeepAlive": true,
          "_events": {},
          "_eventsCount": 1,
          "_expect_continue": false,
          "_hasBody": true,
          "_header": null,
          "_headerSent": false,
          "_keepAliveTimeout": 5000,
          "_last": false,
          "_maxRequestsPerSocket": 0,
          "_removedConnection": false,
          "_removedContLen": false,
          "_removedTE": false,
          "_sent100": false,
          "_trailer": "",
          "chunkedEncoding": false,
          "destroyed": false,
          "finished": false,
          "locals": {},
          "maxRequestsOnConnectionReached": false,
          "outputData": [],
          "outputSize": 0,
          "req": "[Circular]",
          "sendDate": true,
          "shouldKeepAlive": true,
          "statusCode": 200,
          "strictContentLength": false,
          "useChunkedEncodingByDefault": true,
          "writable": true
        },
        "_parent": null,
        "_paused": false,
        "_pendingData": null,
        "_pendingEncoding": "",
        "_readableState": {
          "awaitDrainWriters": null,
          "buffer": [],
          "bufferIndex": 0,
          "highWaterMark": 65536,
          "length": 0,
          "pipes": []
        },
        "_server": {
          "_connectionKey": "6::::3000",
          "_connections": 1,
          "_events": {},
          "_eventsCount": 3,
          "_handle": {
            "reading": false
          },
          "_listeningId": 2,
          "_unref": false,
          "_usingWorkers": false,
          "_workers": [],
          "allowHalfOpen": true,
          "connectionsCheckingInterval": 30000,
          "headersTimeout": 60000,
          "highWaterMark": 65536,
          "httpAllowHalfOpen": false,
          "keepAlive": false,
          "keepAliveInitialDelay": 0,
          "keepAliveTimeout": 5000,
          "maxHeadersCount": null,
          "maxRequestsPerSocket": 0,
          "noDelay": true,
          "pauseOnConnect": false,
          "rejectNonStandardBodyWrites": false,
          "requestTimeout": 300000,
          "requireHostHeader": true,
          "timeout": 0
        },
        "_sockname": null,
        "_writableState": {
          "bufferedIndex": 0,
          "corked": 0,
          "highWaterMark": 65536,
          "length": 0,
          "pendingcb": 0,
          "writelen": 0
        },
        "allowHalfOpen": true,
        "connecting": false,
        "parser": {
          "0": null,
          "_consumed": true,
          "_headers": [],
          "_url": "",
          "incoming": "[Circular]",
          "joinDuplicateHeaders": null,
          "maxHeaderPairs": 2000,
          "outgoing": null,
          "socket": "[Circular]"
        },
        "server": {
          "_connectionKey": "6::::3000",
          "_connections": 1,
          "_events": {},
          "_eventsCount": 3,
          "_handle": {
            "reading": false
          },
          "_listeningId": 2,
          "_unref": false,
          "_usingWorkers": false,
          "_workers": [],
          "allowHalfOpen": true,
          "connectionsCheckingInterval": 30000,
          "headersTimeout": 60000,
          "highWaterMark": 65536,
          "httpAllowHalfOpen": false,
          "keepAlive": false,
          "keepAliveInitialDelay": 0,
          "keepAliveTimeout": 5000,
          "maxHeadersCount": null,
          "maxRequestsPerSocket": 0,
          "noDelay": true,
          "pauseOnConnect": false,
          "rejectNonStandardBodyWrites": false,
          "requestTimeout": 300000,
          "requireHostHeader": true,
          "timeout": 0
        }
      },
      "statusCode": null,
      "statusMessage": null,
      "upgrade": false,
      "url": "/api/v1/recipes?skip=10&take=10"
    }
  },
  "service": "LoggingService",
  "timestamp": "2025-04-03T15:22:13.820Z"
}
{
  "context": "RecipeService",
  "level": "info",
  "message": "Fetching recipes with params: {\"skip\":10,\"take\":10}",
  "service": "LoggingService",
  "timestamp": "2025-04-03T15:22:13.824Z"
}
{
  "context": "RecipeController",
  "level": "info",
  "message": "Received request to get recipes",
  "service": "LoggingService",
  "timestamp": "2025-04-03T15:22:13.823Z"
}
{
  "context": "PrismaService",
  "level": "info",
  "message": "Prisma connected successfully",
  "service": "LoggingService",
  "timestamp": "2025-04-03T15:22:54.529Z"
}
{
  "context": "PrismaService",
  "level": "info",
  "message": "Prisma connected successfully",
  "service": "LoggingService",
  "timestamp": "2025-04-03T15:22:54.611Z"
}
{
  "context": "PrismaService",
  "level": "info",
  "message": "Prisma connected successfully",
  "service": "LoggingService",
  "timestamp": "2025-04-03T15:22:54.682Z"
}
{
  "context": "PrismaService",
  "level": "info",
  "message": "Prisma connected successfully",
  "service": "LoggingService",
  "timestamp": "2025-04-03T15:22:54.772Z"
}
{
  "context": "PrismaService",
  "level": "info",
  "message": "Prisma connected successfully",
  "service": "LoggingService",
  "timestamp": "2025-04-03T15:22:54.860Z"
}
{
  "context": "PrismaService",
  "level": "info",
  "message": "Prisma connected successfully",
  "service": "LoggingService",
  "timestamp": "2025-04-03T15:24:28.208Z"
}
{
  "context": "PrismaService",
  "level": "info",
  "message": "Prisma connected successfully",
  "service": "LoggingService",
  "timestamp": "2025-04-03T15:24:28.284Z"
}
{
  "context": "PrismaService",
  "level": "info",
  "message": "Prisma connected successfully",
  "service": "LoggingService",
  "timestamp": "2025-04-03T15:24:28.369Z"
}
{
  "context": "PrismaService",
  "level": "info",
  "message": "Prisma connected successfully",
  "service": "LoggingService",
  "timestamp": "2025-04-03T15:24:28.448Z"
}
{
  "context": "PrismaService",
  "level": "info",
  "message": "Prisma connected successfully",
  "service": "LoggingService",
  "timestamp": "2025-04-03T15:24:28.528Z"
}
{
  "context": "RecipeController",
  "level": "info",
  "service": "LoggingService",
  "timestamp": "2025-04-03T15:24:40.684Z"
}
{
  "context": "RecipeService",
  "level": "info",
  "message": "Fetching recipes with params: {\"skip\":20,\"take\":10}",
  "service": "LoggingService",
  "timestamp": "2025-04-03T15:24:40.686Z"
}
{
  "context": "RecipeController",
  "level": "info",
  "message": "Received request to get recipes",
  "service": "LoggingService",
  "timestamp": "2025-04-03T15:24:40.685Z"
}
{
  "context": "RecipeController",
  "level": "info",
  "service": "LoggingService",
  "timestamp": "2025-04-03T15:24:50.112Z"
}
{
  "context": "RecipeService",
  "level": "info",
  "message": "Fetching recipes with params: {\"skip\":20,\"take\":10}",
  "service": "LoggingService",
  "timestamp": "2025-04-03T15:24:50.116Z"
}
{
  "context": "RecipeController",
  "level": "info",
  "message": "Received request to get recipes",
  "service": "LoggingService",
  "timestamp": "2025-04-03T15:24:50.115Z"
}
{
  "context": "PrismaService",
  "level": "info",
  "message": "Prisma connected successfully",
  "service": "LoggingService",
  "timestamp": "2025-04-03T15:25:59.885Z"
}
{
  "context": "PrismaService",
  "level": "info",
  "message": "Prisma connected successfully",
  "service": "LoggingService",
  "timestamp": "2025-04-03T15:25:59.965Z"
}
{
  "context": "PrismaService",
  "level": "info",
  "message": "Prisma connected successfully",
  "service": "LoggingService",
  "timestamp": "2025-04-03T15:26:00.065Z"
}
{
  "context": "PrismaService",
  "level": "info",
  "message": "Prisma connected successfully",
  "service": "LoggingService",
  "timestamp": "2025-04-03T15:26:00.156Z"
}
{
  "context": "PrismaService",
  "level": "info",
  "message": "Prisma connected successfully",
  "service": "LoggingService",
  "timestamp": "2025-04-03T15:26:00.230Z"
}
{
  "context": "RecipeController",
  "level": "info",
  "service": "LoggingService",
  "timestamp": "2025-04-03T15:28:34.512Z"
}
{
  "context": "RecipeService",
  "level": "info",
  "message": "Fetching recipes with params: {\"skip\":20,\"take\":10}",
  "service": "LoggingService",
  "timestamp": "2025-04-03T15:28:34.514Z"
}
{
  "context": "RecipeController",
  "level": "info",
  "message": "Received request to get recipes",
  "service": "LoggingService",
  "timestamp": "2025-04-03T15:28:34.513Z"
}
{
  "context": "RecipeController",
  "level": "info",
  "service": "LoggingService",
  "timestamp": "2025-04-03T15:28:43.403Z"
}
{
  "context": "RecipeService",
  "level": "info",
  "message": "Fetching recipes with params: {\"skip\":20,\"take\":10}",
  "service": "LoggingService",
  "timestamp": "2025-04-03T15:28:43.405Z"
}
{
  "context": "RecipeController",
  "level": "info",
  "message": "Received request to get recipes",
  "service": "LoggingService",
  "timestamp": "2025-04-03T15:28:43.404Z"
}
{
  "context": "PrismaService",
  "level": "info",
  "message": "Prisma connected successfully",
  "service": "LoggingService",
  "timestamp": "2025-04-03T15:31:42.928Z"
}
{
  "context": "PrismaService",
  "level": "info",
  "message": "Prisma connected successfully",
  "service": "LoggingService",
  "timestamp": "2025-04-03T15:31:32.127Z"
}
{
  "context": "PrismaService",
  "level": "info",
  "message": "Prisma connected successfully",
  "service": "LoggingService",
  "timestamp": "2025-04-03T15:31:32.211Z"
}
{
  "context": "PrismaService",
  "level": "info",
  "message": "Prisma connected successfully",
  "service": "LoggingService",
  "timestamp": "2025-04-03T15:31:32.305Z"
}
{
  "context": "PrismaService",
  "level": "info",
  "message": "Prisma connected successfully",
  "service": "LoggingService",
  "timestamp": "2025-04-03T15:31:32.413Z"
}
{
  "context": "PrismaService",
  "level": "info",
  "message": "Prisma connected successfully",
  "service": "LoggingService",
  "timestamp": "2025-04-03T15:31:44.775Z"
}
{
  "context": "PrismaService",
  "level": "info",
  "message": "Prisma connected successfully",
  "service": "LoggingService",
  "timestamp": "2025-04-03T15:31:44.867Z"
}
{
  "context": "PrismaService",
  "level": "info",
  "message": "Prisma connected successfully",
  "service": "LoggingService",
  "timestamp": "2025-04-03T15:31:44.943Z"
}
{
  "context": "PrismaService",
  "level": "info",
  "message": "Prisma connected successfully",
  "service": "LoggingService",
  "timestamp": "2025-04-03T15:31:45.025Z"
}
{
  "context": "PrismaService",
  "level": "info",
  "message": "Prisma connected successfully",
  "service": "LoggingService",
  "timestamp": "2025-04-03T15:31:45.146Z"
}
{
  "level": "info",
  "message": "Successfully invalidated all sessions for user 106",
  "service": "LoggingService",
  "timestamp": "2025-04-03T15:32:39.224Z"
}
{
  "level": "info",
  "message": "Login initiated for user: rayan361@gmail.com (ID: 106)",
  "service": "LoggingService",
  "timestamp": "2025-04-03T15:32:39.462Z"
}
{
  "level": "info",
  "message": "Successfully invalidated all sessions for user 106",
  "service": "LoggingService",
  "timestamp": "2025-04-03T15:33:02.405Z"
}
{
  "level": "info",
  "message": "Successful verification for user ID: 106",
  "service": "LoggingService",
  "timestamp": "2025-04-03T15:33:02.411Z"
}
{
  "context": "RecipeController",
  "level": "info",
  "service": "LoggingService",
  "timestamp": "2025-04-03T15:34:15.105Z"
}
{
  "context": "RecipeService",
  "level": "info",
  "message": "Fetching recipes with params: {\"skip\":0,\"take\":10}",
  "service": "LoggingService",
  "timestamp": "2025-04-03T15:34:15.106Z"
}
{
  "context": "RecipeController",
  "level": "info",
  "message": "Received request to get recipes",
  "service": "LoggingService",
  "timestamp": "2025-04-03T15:34:15.106Z"
}
{
  "context": "PrismaService",
  "level": "info",
  "message": "Prisma connected successfully",
  "service": "LoggingService",
  "timestamp": "2025-04-03T15:37:01.481Z"
}
{
  "context": "PrismaService",
  "level": "info",
  "message": "Prisma connected successfully",
  "service": "LoggingService",
  "timestamp": "2025-04-03T15:37:01.563Z"
}
{
  "context": "PrismaService",
  "level": "info",
  "message": "Prisma connected successfully",
  "service": "LoggingService",
  "timestamp": "2025-04-03T15:37:01.627Z"
}
{
  "context": "PrismaService",
  "level": "info",
  "message": "Prisma connected successfully",
  "service": "LoggingService",
  "timestamp": "2025-04-03T15:37:01.700Z"
}
{
  "context": "PrismaService",
  "level": "info",
  "message": "Prisma connected successfully",
  "service": "LoggingService",
  "timestamp": "2025-04-03T15:37:01.760Z"
}
{
  "context": "PrismaService",
  "level": "info",
  "message": "Prisma connected successfully",
  "service": "LoggingService",
  "timestamp": "2025-04-03T15:40:14.087Z"
}
{
  "context": "PrismaService",
  "level": "info",
  "message": "Prisma connected successfully",
  "service": "LoggingService",
  "timestamp": "2025-04-03T15:40:14.173Z"
}
{
  "context": "PrismaService",
  "level": "info",
  "message": "Prisma connected successfully",
  "service": "LoggingService",
  "timestamp": "2025-04-03T15:40:14.239Z"
}
{
  "context": "PrismaService",
  "level": "info",
  "message": "Prisma connected successfully",
  "service": "LoggingService",
  "timestamp": "2025-04-03T15:40:14.309Z"
}
{
  "context": "PrismaService",
  "level": "info",
  "message": "Prisma connected successfully",
  "service": "LoggingService",
  "timestamp": "2025-04-03T15:40:14.376Z"
}
{
  "level": "info",
  "message": "Successfully invalidated all sessions for user 106",
  "service": "LoggingService",
  "timestamp": "2025-04-03T15:40:16.452Z"
}
{
  "level": "info",
  "message": "Login initiated for user: rayan361@gmail.com (ID: 106)",
  "service": "LoggingService",
  "timestamp": "2025-04-03T15:40:16.663Z"
}
{
  "level": "info",
  "message": "Successfully invalidated all sessions for user 106",
  "service": "LoggingService",
  "timestamp": "2025-04-03T15:40:36.964Z"
}
{
  "level": "info",
  "message": "Successful verification for user ID: 106",
  "service": "LoggingService",
  "timestamp": "2025-04-03T15:40:36.974Z"
}
{
  "context": "PrismaService",
  "level": "info",
  "message": "Prisma connected successfully",
  "service": "LoggingService",
  "timestamp": "2025-04-03T17:16:41.834Z"
}
{
  "context": "PrismaService",
  "level": "info",
  "message": "Prisma connected successfully",
  "service": "LoggingService",
  "timestamp": "2025-04-03T17:16:41.989Z"
}
{
  "context": "PrismaService",
  "level": "info",
  "message": "Prisma connected successfully",
  "service": "LoggingService",
  "timestamp": "2025-04-03T17:16:42.083Z"
}
{
  "context": "PrismaService",
  "level": "info",
  "message": "Prisma connected successfully",
  "service": "LoggingService",
  "timestamp": "2025-04-03T17:16:42.194Z"
}
{
  "context": "PrismaService",
  "level": "info",
  "message": "Prisma connected successfully",
  "service": "LoggingService",
  "timestamp": "2025-04-03T17:16:42.356Z"
}
{
  "level": "info",
  "message": "Successfully invalidated all sessions for user 106",
  "service": "LoggingService",
  "timestamp": "2025-04-03T17:16:44.817Z"
}
{
  "level": "info",
  "message": "Login initiated for user: rayan361@gmail.com (ID: 106)",
  "service": "LoggingService",
  "timestamp": "2025-04-03T17:16:45.046Z"
}
{
  "level": "info",
  "message": "Successfully invalidated all sessions for user 106",
  "service": "LoggingService",
  "timestamp": "2025-04-03T17:17:11.366Z"
}
{
  "level": "info",
  "message": "Successful verification for user ID: 106",
  "service": "LoggingService",
  "timestamp": "2025-04-03T17:17:11.379Z"
}
{
  "level": "info",
  "message": "Successfully invalidated all sessions for user 106",
  "service": "LoggingService",
  "timestamp": "2025-04-03T17:18:23.232Z"
}
{
  "level": "info",
  "message": "Login initiated for user: rayan361@gmail.com (ID: 106)",
  "service": "LoggingService",
  "timestamp": "2025-04-03T17:18:23.448Z"
}
{
  "level": "info",
  "message": "Successfully invalidated all sessions for user 106",
  "service": "LoggingService",
  "timestamp": "2025-04-03T17:19:06.698Z"
}
{
  "level": "info",
  "message": "Successful verification for user ID: 106",
  "service": "LoggingService",
  "timestamp": "2025-04-03T17:19:06.705Z"
}
{
  "context": "PrismaService",
  "level": "info",
  "message": "Prisma connected successfully",
  "service": "LoggingService",
  "timestamp": "2025-04-03T17:20:44.041Z"
}
{
  "context": "PrismaService",
  "level": "info",
  "message": "Prisma connected successfully",
  "service": "LoggingService",
  "timestamp": "2025-04-03T17:20:44.119Z"
}
{
  "context": "PrismaService",
  "level": "info",
  "message": "Prisma connected successfully",
  "service": "LoggingService",
  "timestamp": "2025-04-03T17:20:44.207Z"
}
{
  "context": "PrismaService",
  "level": "info",
  "message": "Prisma connected successfully",
  "service": "LoggingService",
  "timestamp": "2025-04-03T17:20:44.309Z"
}
{
  "context": "PrismaService",
  "level": "info",
  "message": "Prisma connected successfully",
  "service": "LoggingService",
  "timestamp": "2025-04-03T17:20:44.398Z"
}
{
  "level": "info",
  "message": "Successfully invalidated all sessions for user 106",
  "service": "LoggingService",
  "timestamp": "2025-04-03T18:50:02.029Z"
}
{
  "context": "ApplicationError",
  "error": "The security token included in the request is expired",
  "level": "error",
  "message": "Login process failed: Application Error",
  "service": "LoggingService",
  "timestamp": "2025-04-03T18:50:02.241Z"
}
{
  "level": "info",
  "message": "Successfully invalidated all sessions for user 106",
  "service": "LoggingService",
  "timestamp": "2025-04-03T18:50:18.070Z"
}
{
  "context": "ApplicationError",
  "error": "The security token included in the request is expired",
  "level": "error",
  "message": "Login process failed: Application Error",
  "service": "LoggingService",
  "timestamp": "2025-04-03T18:50:18.130Z"
}
{
  "context": "PrismaService",
  "level": "info",
  "message": "Prisma connected successfully",
  "service": "LoggingService",
  "timestamp": "2025-04-03T18:51:14.479Z"
}
{
  "context": "PrismaService",
  "level": "info",
  "message": "Prisma connected successfully",
  "service": "LoggingService",
  "timestamp": "2025-04-03T18:51:14.571Z"
}
{
  "context": "PrismaService",
  "level": "info",
  "message": "Prisma connected successfully",
  "service": "LoggingService",
  "timestamp": "2025-04-03T18:51:14.655Z"
}
{
  "context": "PrismaService",
  "level": "info",
  "message": "Prisma connected successfully",
  "service": "LoggingService",
  "timestamp": "2025-04-03T18:51:14.749Z"
}
{
  "context": "PrismaService",
  "level": "info",
  "message": "Prisma connected successfully",
  "service": "LoggingService",
  "timestamp": "2025-04-03T18:51:14.860Z"
}
{
  "level": "info",
  "message": "Successfully invalidated all sessions for user 106",
  "service": "LoggingService",
  "timestamp": "2025-04-03T18:52:34.402Z"
}
{
  "level": "info",
  "message": "Login initiated for user: rayan361@gmail.com (ID: 106)",
  "service": "LoggingService",
  "timestamp": "2025-04-03T18:52:34.696Z"
}
{
  "level": "info",
  "message": "Successfully invalidated all sessions for user 106",
  "service": "LoggingService",
  "timestamp": "2025-04-03T18:52:41.418Z"
}
{
  "level": "info",
  "message": "Successful verification for user ID: 106",
  "service": "LoggingService",
  "timestamp": "2025-04-03T18:52:41.425Z"
}
{
  "context": "PrismaService",
  "level": "info",
  "message": "Prisma connected successfully",
  "service": "LoggingService",
  "timestamp": "2025-04-03T20:03:38.814Z"
}
{
  "context": "PrismaService",
  "level": "info",
  "message": "Prisma connected successfully",
  "service": "LoggingService",
  "timestamp": "2025-04-03T20:03:38.901Z"
}
{
  "context": "PrismaService",
  "level": "info",
  "message": "Prisma connected successfully",
  "service": "LoggingService",
  "timestamp": "2025-04-03T20:03:38.968Z"
}
{
  "context": "PrismaService",
  "level": "info",
  "message": "Prisma connected successfully",
  "service": "LoggingService",
  "timestamp": "2025-04-03T20:03:39.055Z"
}
{
  "context": "PrismaService",
  "level": "info",
  "message": "Prisma connected successfully",
  "service": "LoggingService",
  "timestamp": "2025-04-03T20:03:39.155Z"
}
{
  "context": "PrismaService",
  "level": "info",
  "message": "Prisma connected successfully",
  "service": "LoggingService",
  "timestamp": "2025-04-03T20:11:50.203Z"
}
{
  "context": "PrismaService",
  "level": "info",
  "message": "Prisma connected successfully",
  "service": "LoggingService",
  "timestamp": "2025-04-03T20:11:50.281Z"
}
{
  "context": "PrismaService",
  "level": "info",
  "message": "Prisma connected successfully",
  "service": "LoggingService",
  "timestamp": "2025-04-03T20:11:50.347Z"
}
{
  "context": "PrismaService",
  "level": "info",
  "message": "Prisma connected successfully",
  "service": "LoggingService",
  "timestamp": "2025-04-03T20:11:50.437Z"
}
{
  "context": "PrismaService",
  "level": "info",
  "message": "Prisma connected successfully",
  "service": "LoggingService",
  "timestamp": "2025-04-03T20:11:50.532Z"
}
{
  "context": "PrismaService",
  "level": "info",
  "message": "Prisma connected successfully",
  "service": "LoggingService",
  "timestamp": "2025-04-03T20:11:55.733Z"
}
{
  "context": "PrismaService",
  "level": "info",
  "message": "Prisma connected successfully",
  "service": "LoggingService",
  "timestamp": "2025-04-03T20:11:55.817Z"
}
{
  "context": "PrismaService",
  "level": "info",
  "message": "Prisma connected successfully",
  "service": "LoggingService",
  "timestamp": "2025-04-03T20:11:55.886Z"
}
{
  "context": "PrismaService",
  "level": "info",
  "message": "Prisma connected successfully",
  "service": "LoggingService",
  "timestamp": "2025-04-03T20:11:55.958Z"
}
{
  "context": "PrismaService",
  "level": "info",
  "message": "Prisma connected successfully",
  "service": "LoggingService",
  "timestamp": "2025-04-03T20:11:56.035Z"
}
{
  "context": "PrismaService",
  "level": "info",
  "message": "Prisma connected successfully",
  "service": "LoggingService",
  "timestamp": "2025-04-03T20:12:42.736Z"
}
{
  "context": "PrismaService",
  "level": "info",
  "message": "Prisma connected successfully",
  "service": "LoggingService",
  "timestamp": "2025-04-03T20:12:42.801Z"
}
{
  "context": "PrismaService",
  "level": "info",
  "message": "Prisma connected successfully",
  "service": "LoggingService",
  "timestamp": "2025-04-03T20:12:42.867Z"
}
{
  "context": "PrismaService",
  "level": "info",
  "message": "Prisma connected successfully",
  "service": "LoggingService",
  "timestamp": "2025-04-03T20:12:42.934Z"
}
{
  "context": "PrismaService",
  "level": "info",
  "message": "Prisma connected successfully",
  "service": "LoggingService",
  "timestamp": "2025-04-03T20:12:43.015Z"
}
