{
  "context": "PrismaService",
  "level": "info",
  "message": "Prisma connected successfully",
  "service": "LoggingService",
  "timestamp": "2025-04-12T17:28:33.132Z"
}
{
  "context": "PrismaService",
  "level": "info",
  "message": "Prisma connected successfully",
  "service": "LoggingService",
  "timestamp": "2025-04-12T17:28:33.203Z"
}
{
  "context": "PrismaService",
  "level": "info",
  "message": "Prisma connected successfully",
  "service": "LoggingService",
  "timestamp": "2025-04-12T17:28:33.259Z"
}
{
  "context": "PrismaService",
  "level": "info",
  "message": "Prisma connected successfully",
  "service": "LoggingService",
  "timestamp": "2025-04-12T17:28:33.323Z"
}
{
  "context": "PrismaService",
  "level": "info",
  "message": "Prisma connected successfully",
  "service": "LoggingService",
  "timestamp": "2025-04-12T17:28:33.384Z"
}
{
  "level": "info",
  "message": "Successfully invalidated all sessions for user 584",
  "service": "LoggingService",
  "timestamp": "2025-04-12T17:31:57.180Z"
}
{
  "level": "info",
  "message": "Login initiated for user: rayan361@gmail.com (ID: 584)",
  "service": "LoggingService",
  "timestamp": "2025-04-12T17:31:57.539Z"
}
{
  "level": "info",
  "message": "Successful verification for user ID: 584",
  "service": "LoggingService",
  "timestamp": "2025-04-12T17:32:11.575Z"
}
{
  "context": "RecipeController",
  "level": "info",
  "message": "{\n  \"user_id\": \"584\",\n  \"session_token\": \"65e6djwst3guai2oj2dnj4p3us37whtsqxjcry3irs2ss5binpca\"\n}",
  "service": "LoggingService",
  "timestamp": "2025-04-12T17:32:28.819Z"
}
{
  "context": "RecipeService",
  "level": "info",
  "message": "Fetching recipes with params: {\"skip\":0,\"take\":10}",
  "service": "LoggingService",
  "timestamp": "2025-04-12T17:32:28.822Z"
}
{
  "context": "RecipeController",
  "level": "info",
  "message": "Received request to get recipes",
  "service": "LoggingService",
  "timestamp": "2025-04-12T17:32:28.820Z"
}
{
  "context": "PrismaService",
  "level": "info",
  "message": "Prisma connected successfully",
  "service": "LoggingService",
  "timestamp": "2025-04-12T17:37:11.888Z"
}
{
  "context": "PrismaService",
  "level": "info",
  "message": "Prisma connected successfully",
  "service": "LoggingService",
  "timestamp": "2025-04-12T17:37:11.955Z"
}
{
  "context": "PrismaService",
  "level": "info",
  "message": "Prisma connected successfully",
  "service": "LoggingService",
  "timestamp": "2025-04-12T17:37:12.019Z"
}
{
  "context": "PrismaService",
  "level": "info",
  "message": "Prisma connected successfully",
  "service": "LoggingService",
  "timestamp": "2025-04-12T17:37:12.098Z"
}
{
  "context": "PrismaService",
  "level": "info",
  "message": "Prisma connected successfully",
  "service": "LoggingService",
  "timestamp": "2025-04-12T17:37:12.183Z"
}
{
  "context": "PrismaService",
  "level": "info",
  "message": "Prisma connected successfully",
  "service": "LoggingService",
  "timestamp": "2025-04-12T20:10:45.217Z"
}
{
  "context": "PrismaService",
  "level": "info",
  "message": "Prisma connected successfully",
  "service": "LoggingService",
  "timestamp": "2025-04-12T20:10:45.277Z"
}
{
  "context": "PrismaService",
  "level": "info",
  "message": "Prisma connected successfully",
  "service": "LoggingService",
  "timestamp": "2025-04-12T20:10:45.340Z"
}
{
  "context": "PrismaService",
  "level": "info",
  "message": "Prisma connected successfully",
  "service": "LoggingService",
  "timestamp": "2025-04-12T20:10:45.404Z"
}
{
  "context": "PrismaService",
  "level": "info",
  "message": "Prisma connected successfully",
  "service": "LoggingService",
  "timestamp": "2025-04-12T20:10:45.461Z"
}
{
  "level": "info",
  "message": "Successfully invalidated all sessions for user 584",
  "service": "LoggingService",
  "timestamp": "2025-04-12T20:13:29.351Z"
}
{
  "level": "info",
  "message": "Login initiated for user: rayan361@gmail.com (ID: 584)",
  "service": "LoggingService",
  "timestamp": "2025-04-12T20:13:29.602Z"
}
{
  "level": "info",
  "message": "Successfully invalidated all sessions for user 584",
  "service": "LoggingService",
  "timestamp": "2025-04-12T20:13:54.531Z"
}
{
  "level": "info",
  "message": "Login initiated for user: rayan361@gmail.com (ID: 584)",
  "service": "LoggingService",
  "timestamp": "2025-04-12T20:13:54.668Z"
}
{
  "level": "info",
  "message": "Successful verification for user ID: 584",
  "service": "LoggingService",
  "timestamp": "2025-04-12T20:14:11.678Z"
}
{
  "context": "RecipeController",
  "level": "info",
  "message": "{\n  \"sidebar:state\": \"true\",\n  \"user_id\": \"584\",\n  \"session_token\": \"xrblgg4qu34jk7nognqje2a6yr6xnjyi3e2bux3mu53ygpagszia\"\n}",
  "service": "LoggingService",
  "timestamp": "2025-04-12T20:14:16.104Z"
}
{
  "context": "RecipeService",
  "level": "info",
  "message": "Fetching recipes with params: {\"skip\":0,\"take\":10}",
  "service": "LoggingService",
  "timestamp": "2025-04-12T20:14:16.106Z"
}
{
  "context": "RecipeController",
  "level": "info",
  "message": "Received request to get recipes",
  "service": "LoggingService",
  "timestamp": "2025-04-12T20:14:16.105Z"
}
{
  "context": "RecipeController",
  "level": "info",
  "message": "{\n  \"sidebar:state\": \"true\",\n  \"user_id\": \"584\",\n  \"session_token\": \"xrblgg4qu34jk7nognqje2a6yr6xnjyi3e2bux3mu53ygpagszia\"\n}",
  "service": "LoggingService",
  "timestamp": "2025-04-12T20:16:24.194Z"
}
{
  "context": "RecipeService",
  "level": "info",
  "message": "Fetching recipes with params: {\"skip\":0,\"take\":10}",
  "service": "LoggingService",
  "timestamp": "2025-04-12T20:16:24.195Z"
}
{
  "context": "RecipeController",
  "level": "info",
  "message": "Received request to get recipes",
  "service": "LoggingService",
  "timestamp": "2025-04-12T20:16:24.194Z"
}
{
  "context": "RecipeController",
  "level": "info",
  "message": "Received request to get recipe with ID 412",
  "service": "LoggingService",
  "timestamp": "2025-04-12T20:16:28.898Z"
}
{
  "context": "RecipeService",
  "level": "info",
  "message": "Fetching recipe with ID 412",
  "service": "LoggingService",
  "timestamp": "2025-04-12T20:16:28.899Z"
}
{
  "context": "RecipeService",
  "level": "info",
  "message": "Fetching recipe {\n  \"id\": 412,\n  \"name\": \"Spaghetti Carbonara at Pizza Palace (1744313652192-38184303-991b-45a1-9609-2b8729d34265)\",\n  \"imageUrls\": [\n    \"https://images.unsplash.com/photo-1528137871618-79d2761e3fd5?random=829d5dd4-39fc-440f-a200-5061e5a174ad\",\n    \"https://images.unsplash.com/photo-1546549032-9571cd6b27df?random=4483b5ef-d8f5-47e0-9a0a-0c54222ba318\",\n    \"https://images.unsplash.com/photo-1563379926898-05f4575a45d8?random=a5be9d70-6df2-4ca2-bcd2-a097b95d5a77\"\n  ],\n  \"description\": \"Our Spaghetti Carbonara is prepared using the finest ingredients and traditional techniques. \\n    This Italian classic brings authentic flavors to your table with a modern twist. \\n    Et sub varietas pariatur cilicium terebro. Verecundia defleo appositus adnuo. Spectaculum sophismata ullus terga.\",\n  \"servings\": 4,\n  \"cookTime\": 51,\n  \"prepTime\": 11,\n  \"frequency\": null,\n  \"restaurantId\": 104,\n  \"cookBookId\": 67,\n  \"foodCost\": null,\n  \"isDeleted\": false,\n  \"isPublished\": false,\n  \"publishedAt\": null,\n  \"language\": \"en\",\n  \"skillLevel\": \"INTERMEDIATE\",\n  \"category\": \"MAIN_COURSE\",\n  \"ingredients\": [\n    {\n      \"id\": 577,\n      \"recipeId\": 412,\n      \"ingredientId\": 562,\n      \"quantity\": 4.174576316274482,\n      \"unit\": \"quart\",\n      \"processingInstructions\": null,\n      \"substituteIngredients\": [],\n      \"isOptional\": false,\n      \"notes\": null,\n      \"cost\": null,\n      \"density\": null,\n      \"yield\": null,\n      \"joinAt\": \"2025-04-10T19:34:16.664Z\",\n      \"recipeVersionId\": null,\n      \"ingredient\": {\n        \"id\": 562,\n        \"name\": \"Lettuce\",\n        \"category\": \"Organic Produce\",\n        \"price\": 619.69,\n        \"density\": null,\n        \"dietaryRestrictionId\": null,\n        \"calories\": 20,\n        \"protein\": 0.92,\n        \"carbohydrates\": 3.69,\n        \"fat\": 0.1,\n        \"fiber\": 1.3,\n        \"sugar\": 1.1,\n        \"sodium\": 23,\n        \"usdaFoodId\": \"2709789\",\n        \"nutritionSource\": \"USDA\",\n        \"nutritionUpdatedAt\": \"2025-04-11T21:46:14.379Z\"\n      }\n    },\n    {\n      \"id\": 578,\n      \"recipeId\": 412,\n      \"ingredientId\": 594,\n      \"quantity\": 8.80192035042685,\n      \"unit\": \"ton\",\n      \"processingInstructions\": null,\n      \"substituteIngredients\": [],\n      \"isOptional\": false,\n      \"notes\": null,\n      \"cost\": null,\n      \"density\": null,\n      \"yield\": null,\n      \"joinAt\": \"2025-04-10T19:34:16.665Z\",\n      \"recipeVersionId\": null,\n      \"ingredient\": {\n        \"id\": 594,\n        \"name\": \"Mussels\",\n        \"category\": \"Imported Seafood\",\n        \"price\": 330.39,\n        \"density\": null,\n        \"dietaryRestrictionId\": null,\n        \"calories\": 109,\n        \"protein\": 15.1,\n        \"carbohydrates\": 4.67,\n        \"fat\": 2.84,\n        \"fiber\": 0,\n        \"sugar\": 0,\n        \"sodium\": 362,\n        \"usdaFoodId\": \"2706350\",\n        \"nutritionSource\": \"USDA\",\n        \"nutritionUpdatedAt\": \"2025-04-11T22:00:45.815Z\"\n      }\n    },\n    {\n      \"id\": 579,\n      \"recipeId\": 412,\n      \"ingredientId\": 585,\n      \"quantity\": 5.176717851222842,\n      \"unit\": \"quart\",\n      \"processingInstructions\": null,\n      \"substituteIngredients\": [],\n      \"isOptional\": false,\n      \"notes\": null,\n      \"cost\": null,\n      \"density\": null,\n      \"yield\": null,\n      \"joinAt\": \"2025-04-10T19:34:16.665Z\",\n      \"recipeVersionId\": null,\n      \"ingredient\": {\n        \"id\": 585,\n        \"name\": \"Cucumbers\",\n        \"category\": \"Premium Produce\",\n        \"price\": 761.49,\n        \"density\": null,\n        \"dietaryRestrictionId\": null,\n        \"calories\": 15,\n        \"protein\": 0.84,\n        \"carbohydrates\": 3.8,\n        \"fat\": 0,\n        \"fiber\": 0.4,\n        \"sugar\": 1.69,\n        \"sodium\": 2,\n        \"usdaFoodId\": \"2626297\",\n        \"nutritionSource\": \"USDA\",\n        \"nutritionUpdatedAt\": \"2025-04-11T22:00:46.679Z\"\n      }\n    },\n    {\n      \"id\": 580,\n      \"recipeId\": 412,\n      \"ingredientId\": 574,\n      \"quantity\": 2.455084288841803,\n      \"unit\": \"gallon\",\n      \"processingInstructions\": null,\n      \"substituteIngredients\": [],\n      \"isOptional\": false,\n      \"notes\": null,\n      \"cost\": null,\n      \"density\": null,\n      \"yield\": null,\n      \"joinAt\": \"2025-04-10T19:34:16.665Z\",\n      \"recipeVersionId\": null,\n      \"ingredient\": {\n        \"id\": 574,\n        \"name\": \"Milk\",\n        \"category\": \"Local Dairy\",\n        \"price\": 196.09,\n        \"density\": null,\n        \"dietaryRestrictionId\": null,\n        \"calories\": 55,\n        \"protein\": 3.39,\n        \"carbohydrates\": 5.08,\n        \"fat\": 2.12,\n        \"fiber\": 0,\n        \"sugar\": 5.08,\n        \"sodium\": 55,\n        \"usdaFoodId\": \"1909132\",\n        \"nutritionSource\": \"USDA\",\n        \"nutritionUpdatedAt\": \"2025-04-11T21:46:13.426Z\"\n      }\n    },\n    {\n      \"id\": 576,\n      \"recipeId\": 412,\n      \"ingredientId\": 596,\n      \"quantity\": 8.337042952537521,\n      \"unit\": \"quart\",\n      \"processingInstructions\": null,\n      \"substituteIngredients\": [],\n      \"isOptional\": false,\n      \"notes\": null,\n      \"cost\": null,\n      \"density\": null,\n      \"yield\": null,\n      \"joinAt\": \"2025-04-10T19:34:16.664Z\",\n      \"recipeVersionId\": null,\n      \"ingredient\": {\n        \"id\": 596,\n        \"name\": \"Beans\",\n        \"category\": \"Conventional Dry Goods\",\n        \"price\": 412.39,\n        \"density\": null,\n        \"dietaryRestrictionId\": null,\n        \"calories\": 340,\n        \"protein\": 22,\n        \"carbohydrates\": 70,\n        \"fat\": 3,\n        \"fiber\": 26,\n        \"sugar\": 0,\n        \"sodium\": 10,\n        \"usdaFoodId\": \"1886220\",\n        \"nutritionSource\": \"USDA\",\n        \"nutritionUpdatedAt\": \"2025-04-11T22:00:47.794Z\"\n      }\n    }\n  ],\n  \"instructions\": [\n    {\n      \"id\": 578,\n      \"recipeId\": 412,\n      \"stepNumber\": 1,\n      \"instruction\": \"Prepare the ingredients: Roast the bell peppers.\",\n      \"imageUrl\": \"https://images.unsplash.com/photo-1466637574441-749b8f19452f?random=58165fc1-92ee-4e59-9524-c48c2591651a\",\n      \"recipeVersionId\": null,\n      \"timeInMinutes\": null,\n      \"temperature\": null,\n      \"temperatureUnit\": \"C\",\n      \"isCritical\": false,\n      \"techniqueTips\": null,\n      \"warningNotes\": null\n    },\n    {\n      \"id\": 577,\n      \"recipeId\": 412,\n      \"stepNumber\": 2,\n      \"instruction\": \"Heat a pan over medium heat and add potatoes.\",\n      \"imageUrl\": \"https://images.unsplash.com/photo-1572715655206-3de2cfbe94d0?random=01dd6d98-8239-4e40-bac9-f6fd5fffc695\",\n      \"recipeVersionId\": null,\n      \"timeInMinutes\": null,\n      \"temperature\": null,\n      \"temperatureUnit\": \"C\",\n      \"isCritical\": false,\n      \"techniqueTips\": null,\n      \"warningNotes\": null\n    },\n    {\n      \"id\": 576,\n      \"recipeId\": 412,\n      \"stepNumber\": 3,\n      \"instruction\": \"Cook the herbs for 14 minutes, stirring occasionally.\",\n      \"imageUrl\": \"https://images.unsplash.com/photo-1526401842416-1371882d3f50?random=b8771612-b169-4667-9573-b04994752967\",\n      \"recipeVersionId\": null,\n      \"timeInMinutes\": null,\n      \"temperature\": null,\n      \"temperatureUnit\": \"C\",\n      \"isCritical\": false,\n      \"techniqueTips\": null,\n      \"warningNotes\": null\n    },\n    {\n      \"id\": 580,\n      \"recipeId\": 412,\n      \"stepNumber\": 4,\n      \"instruction\": \"Preheat the oven to 203°F (95°C).\",\n      \"imageUrl\": \"https://images.unsplash.com/photo-1590274853856-f22d5ee3d228?random=7e06156d-2d26-490b-aecd-157040746748\",\n      \"recipeVersionId\": null,\n      \"timeInMinutes\": null,\n      \"temperature\": null,\n      \"temperatureUnit\": \"C\",\n      \"isCritical\": false,\n      \"techniqueTips\": null,\n      \"warningNotes\": null\n    },\n    {\n      \"id\": 579,\n      \"recipeId\": 412,\n      \"stepNumber\": 5,\n      \"instruction\": \"Combine all the ingredients in a large bowl and Fry thoroughly.\",\n      \"imageUrl\": \"https://images.unsplash.com/photo-1551218371-10a933e55c34?random=7a2c4292-f712-4abd-9583-6286a1cbedcb\",\n      \"recipeVersionId\": null,\n      \"timeInMinutes\": null,\n      \"temperature\": null,\n      \"temperatureUnit\": \"C\",\n      \"isCritical\": false,\n      \"techniqueTips\": null,\n      \"warningNotes\": null\n    }\n  ],\n  \"menuItemRecipes\": [\n    {\n      \"id\": 173,\n      \"menuItemId\": 179,\n      \"recipeId\": 412,\n      \"joinAt\": \"2025-04-10T19:34:16.863Z\"\n    },\n    {\n      \"id\": 178,\n      \"menuItemId\": 197,\n      \"recipeId\": 412,\n      \"joinAt\": \"2025-04-10T19:34:16.863Z\"\n    },\n    {\n      \"id\": 183,\n      \"menuItemId\": 188,\n      \"recipeId\": 412,\n      \"joinAt\": \"2025-04-10T19:34:16.863Z\"\n    },\n    {\n      \"id\": 185,\n      \"menuItemId\": 175,\n      \"recipeId\": 412,\n      \"joinAt\": \"2025-04-10T19:34:16.863Z\"\n    },\n    {\n      \"id\": 189,\n      \"menuItemId\": 195,\n      \"recipeId\": 412,\n      \"joinAt\": \"2025-04-10T19:34:16.863Z\"\n    },\n    {\n      \"id\": 193,\n      \"menuItemId\": 191,\n      \"recipeId\": 412,\n      \"joinAt\": \"2025-04-10T19:34:16.863Z\"\n    },\n    {\n      \"id\": 199,\n      \"menuItemId\": 187,\n      \"recipeId\": 412,\n      \"joinAt\": \"2025-04-10T19:34:16.863Z\"\n    },\n    {\n      \"id\": 202,\n      \"menuItemId\": 198,\n      \"recipeId\": 412,\n      \"joinAt\": \"2025-04-10T19:34:16.863Z\"\n    },\n    {\n      \"id\": 205,\n      \"menuItemId\": 208,\n      \"recipeId\": 412,\n      \"joinAt\": \"2025-04-10T19:34:16.863Z\"\n    },\n    {\n      \"id\": 210,\n      \"menuItemId\": 206,\n      \"recipeId\": 412,\n      \"joinAt\": \"2025-04-10T19:34:16.863Z\"\n    }\n  ],\n  \"foodCostHistory\": [],\n  \"prepHistory\": [],\n  \"prepBoards\": [],\n  \"nutritionalInfo\": {\n    \"id\": 73,\n    \"recipeId\": 412,\n    \"servingSize\": 0.2592551530118042,\n    \"servingUnit\": \"farad\",\n    \"calories\": 2265132.777553728,\n    \"protein\": 313143.6146232441,\n    \"carbohydrates\": 98316.03646789778,\n    \"fat\": 58905.57528704911,\n    \"fiber\": 550.2167873421265,\n    \"sugar\": 155.1278677616668,\n    \"sodium\": 7495714.309843609,\n    \"containsGluten\": false,\n    \"containsDairy\": true,\n    \"containsNuts\": false,\n    \"containsEggs\": false,\n    \"containsSoy\": false,\n    \"containsFish\": false,\n    \"containsShellfish\": false,\n    \"containsSesame\": false\n  },\n  \"tags\": [\n    {\n      \"id\": 615,\n      \"name\": \"Pasta\",\n      \"description\": \"Recipes tagged as Pasta\",\n      \"createdAt\": \"2025-04-10T19:34:12.198Z\",\n      \"updatedAt\": \"2025-04-10T19:34:12.198Z\"\n    },\n    {\n      \"id\": 616,\n      \"name\": \"Quick\",\n      \"description\": \"Recipes tagged as Quick\",\n      \"createdAt\": \"2025-04-10T19:34:12.198Z\",\n      \"updatedAt\": \"2025-04-10T19:34:12.198Z\"\n    },\n    {\n      \"id\": 617,\n      \"name\": \"Traditional\",\n      \"description\": \"Recipes tagged as Traditional\",\n      \"createdAt\": \"2025-04-10T19:34:12.198Z\",\n      \"updatedAt\": \"2025-04-10T19:34:12.198Z\"\n    }\n  ],\n  \"dietaryRestrictions\": [],\n  \"laborCosts\": [\n    {\n      \"id\": 70,\n      \"recipeId\": 412,\n      \"prepTime\": 45,\n      \"cookTime\": 120,\n      \"laborRate\": 40.4652864341322,\n      \"totalLaborCost\": 18.85058685562457,\n      \"createdAt\": \"2025-04-10T19:34:16.914Z\",\n      \"updatedAt\": \"2025-04-10T19:34:16.914Z\"\n    }\n  ],\n  \"yields\": [\n    {\n      \"id\": 73,\n      \"recipeId\": 412,\n      \"expectedYield\": 3.857203949016468,\n      \"actualYield\": 1.551455502120001,\n      \"unit\": \"farad\",\n      \"wastagePercent\": 6.079465178059071,\n      \"notes\": \"Claustrum strenuus deduco ascit infit aperte odio caelum thymbra.\",\n      \"createdAt\": \"2025-04-10T19:34:16.909Z\",\n      \"updatedAt\": \"2025-04-10T19:34:16.909Z\"\n    }\n  ],\n  \"equipments\": [\n    {\n      \"id\": 71,\n      \"recipeId\": 412,\n      \"equipmentId\": 36,\n      \"notes\": \"Accendo tum careo desparatus aut audentia et venustas laboriosam.\",\n      \"recipeInstructionId\": null\n    }\n  ],\n  \"criticalPoints\": [\n    {\n      \"id\": 74,\n      \"recipeId\": 412,\n      \"stepNumber\": 6,\n      \"description\": \"Ara compello ante ascit antiquus assentator talio arguo aegrotatio tonsor.\",\n      \"threshold\": 53.14495420116567,\n      \"unit\": \"katal\",\n      \"action\": \"Villa pecco rem.\",\n      \"createdAt\": \"2025-04-10T19:34:16.884Z\",\n      \"updatedAt\": \"2025-04-10T19:34:16.884Z\"\n    }\n  ],\n  \"temperatures\": [\n    {\n      \"id\": 74,\n      \"recipeId\": 412,\n      \"stepNumber\": 8,\n      \"minTemp\": 72.69040053249282,\n      \"maxTemp\": 131.4396013095574,\n      \"isCritical\": true,\n      \"holdTime\": 9,\n      \"description\": \"Voro desidero laborum deprecator unde truculenter.\",\n      \"createdAt\": \"2025-04-10T19:34:16.904Z\",\n      \"updatedAt\": \"2025-04-10T19:34:16.904Z\"\n    }\n  ],\n  \"storage\": {\n    \"id\": 72,\n    \"recipeId\": 412,\n    \"temperature\": -13.95776465141453,\n    \"method\": \"comparo\",\n    \"shelfLife\": 76,\n    \"containerType\": \"ultio\",\n    \"specialNotes\": \"Aeternus crustulum vallum coepi pel usitas veritas sustineo amicitia.\",\n    \"createdAt\": \"2025-04-10T19:34:16.889Z\",\n    \"updatedAt\": \"2025-04-10T19:34:16.889Z\"\n  },\n  \"prepItems\": [\n    {\n      \"id\": 186,\n      \"prepBoardId\": 42,\n      \"recipeId\": 412,\n      \"quantity\": 12,\n      \"status\": \"POSTPONE\",\n      \"assignedToId\": 571\n    },\n    {\n      \"id\": 187,\n      \"prepBoardId\": 42,\n      \"recipeId\": 412,\n      \"quantity\": 20,\n      \"status\": \"CANCELLED\",\n      \"assignedToId\": 570\n    },\n    {\n      \"id\": 198,\n      \"prepBoardId\": 38,\n      \"recipeId\": 412,\n      \"quantity\": 5,\n      \"status\": \"MISSING_ITEM\",\n      \"assignedToId\": 554\n    },\n    {\n      \"id\": 202,\n      \"prepBoardId\": 40,\n      \"recipeId\": 412,\n      \"quantity\": 3,\n      \"status\": \"COMPLETED\",\n      \"assignedToId\": 530\n    },\n    {\n      \"id\": 203,\n      \"prepBoardId\": 40,\n      \"recipeId\": 412,\n      \"quantity\": 5,\n      \"status\": \"COMPLETED\",\n      \"assignedToId\": 548\n    },\n    {\n      \"id\": 204,\n      \"prepBoardId\": 40,\n      \"recipeId\": 412,\n      \"quantity\": 15,\n      \"status\": \"CANCELLED\",\n      \"assignedToId\": 576\n    },\n    {\n      \"id\": 210,\n      \"prepBoardId\": 43,\n      \"recipeId\": 412,\n      \"quantity\": 4,\n      \"status\": \"CANCELLED\",\n      \"assignedToId\": 547\n    },\n    {\n      \"id\": 212,\n      \"prepBoardId\": 39,\n      \"recipeId\": 412,\n      \"quantity\": 10,\n      \"status\": \"MISSING_ITEM\",\n      \"assignedToId\": 555\n    },\n    {\n      \"id\": 213,\n      \"prepBoardId\": 39,\n      \"recipeId\": 412,\n      \"quantity\": 4,\n      \"status\": \"PENDING\",\n      \"assignedToId\": 582\n    },\n    {\n      \"id\": 216,\n      \"prepBoardId\": 44,\n      \"recipeId\": 412,\n      \"quantity\": 4,\n      \"status\": \"PENDING\",\n      \"assignedToId\": 535\n    },\n    {\n      \"id\": 218,\n      \"prepBoardId\": 44,\n      \"recipeId\": 412,\n      \"quantity\": 16,\n      \"status\": \"ON_PROGRESS\",\n      \"assignedToId\": 550\n    },\n    {\n      \"id\": 224,\n      \"prepBoardId\": 45,\n      \"recipeId\": 412,\n      \"quantity\": 15,\n      \"status\": \"POSTPONE\",\n      \"assignedToId\": 552\n    }\n  ],\n  \"versions\": [\n    {\n      \"id\": 185,\n      \"recipeId\": 412,\n      \"versionNumber\": 1,\n      \"description\": \"Initial version\",\n      \"changes\": null,\n      \"isActive\": true,\n      \"createdById\": 537,\n      \"approvedById\": null,\n      \"approvedAt\": null,\n      \"createdAt\": \"2025-04-10T19:34:12.201Z\",\n      \"updatedAt\": \"2025-04-10T19:34:12.201Z\"\n    },\n    {\n      \"id\": 190,\n      \"recipeId\": 412,\n      \"versionNumber\": 2,\n      \"description\": \"Valeo arbor desolo contra assumenda tabella aestus coerceo ventito.\",\n      \"changes\": \"Utrum truculenter advenio decerno recusandae tametsi speciosus depono quasi rerum.\",\n      \"isActive\": true,\n      \"createdById\": 549,\n      \"approvedById\": null,\n      \"approvedAt\": null,\n      \"createdAt\": \"2025-04-10T19:34:16.939Z\",\n      \"updatedAt\": \"2025-04-10T19:34:16.939Z\"\n    }\n  ],\n  \"recipeStats\": null\n}",
  "service": "LoggingService",
  "timestamp": "2025-04-12T20:16:28.966Z"
}
{
  "context": "RecipeController",
  "level": "info",
  "message": "Returning recipe with ingredients: [object Object]",
  "service": "LoggingService",
  "timestamp": "2025-04-12T20:16:28.967Z"
}
{
  "context": "RecipeController",
  "level": "info",
  "message": "Returning recipe preparedRecipe: [object Object]",
  "service": "LoggingService",
  "timestamp": "2025-04-12T20:16:28.968Z"
}
