{
  "context": "PrismaService",
  "level": "info",
  "message": "Prisma connected successfully",
  "service": "LoggingService",
  "timestamp": "2025-04-02T16:00:01.150Z"
}
{
  "context": "PrismaService",
  "level": "info",
  "message": "Prisma connected successfully",
  "service": "LoggingService",
  "timestamp": "2025-04-02T16:00:01.239Z"
}
{
  "context": "PrismaService",
  "level": "info",
  "message": "Prisma connected successfully",
  "service": "LoggingService",
  "timestamp": "2025-04-02T16:00:01.333Z"
}
{
  "context": "PrismaService",
  "level": "info",
  "message": "Prisma connected successfully",
  "service": "LoggingService",
  "timestamp": "2025-04-02T16:00:01.412Z"
}
{
  "context": "PrismaService",
  "level": "info",
  "message": "Prisma connected successfully",
  "service": "LoggingService",
  "timestamp": "2025-04-02T16:00:01.494Z"
}
{
  "context": "PrismaService",
  "level": "info",
  "message": "Prisma connected successfully",
  "service": "LoggingService",
  "timestamp": "2025-04-02T18:05:23.737Z"
}
{
  "context": "PrismaService",
  "level": "info",
  "message": "Prisma connected successfully",
  "service": "LoggingService",
  "timestamp": "2025-04-02T18:05:23.830Z"
}
{
  "context": "PrismaService",
  "level": "info",
  "message": "Prisma connected successfully",
  "service": "LoggingService",
  "timestamp": "2025-04-02T18:05:23.945Z"
}
{
  "context": "PrismaService",
  "level": "info",
  "message": "Prisma connected successfully",
  "service": "LoggingService",
  "timestamp": "2025-04-02T18:05:24.025Z"
}
{
  "context": "PrismaService",
  "level": "info",
  "message": "Prisma connected successfully",
  "service": "LoggingService",
  "timestamp": "2025-04-02T18:05:24.135Z"
}
{
  "context": "PrismaService",
  "level": "info",
  "message": "Prisma connected successfully",
  "service": "LoggingService",
  "timestamp": "2025-04-02T18:13:56.336Z"
}
{
  "context": "PrismaService",
  "level": "info",
  "message": "Prisma connected successfully",
  "service": "LoggingService",
  "timestamp": "2025-04-02T18:13:56.426Z"
}
{
  "context": "PrismaService",
  "level": "info",
  "message": "Prisma connected successfully",
  "service": "LoggingService",
  "timestamp": "2025-04-02T18:13:56.509Z"
}
{
  "context": "PrismaService",
  "level": "info",
  "message": "Prisma connected successfully",
  "service": "LoggingService",
  "timestamp": "2025-04-02T18:13:56.589Z"
}
{
  "context": "PrismaService",
  "level": "info",
  "message": "Prisma connected successfully",
  "service": "LoggingService",
  "timestamp": "2025-04-02T18:13:56.664Z"
}
{
  "context": "PrismaService",
  "level": "info",
  "message": "Prisma connected successfully",
  "service": "LoggingService",
  "timestamp": "2025-04-02T18:14:32.287Z"
}
{
  "context": "PrismaService",
  "level": "info",
  "message": "Prisma connected successfully",
  "service": "LoggingService",
  "timestamp": "2025-04-02T18:14:32.373Z"
}
{
  "context": "PrismaService",
  "level": "info",
  "message": "Prisma connected successfully",
  "service": "LoggingService",
  "timestamp": "2025-04-02T18:14:32.449Z"
}
{
  "context": "PrismaService",
  "level": "info",
  "message": "Prisma connected successfully",
  "service": "LoggingService",
  "timestamp": "2025-04-02T18:14:32.519Z"
}
{
  "context": "PrismaService",
  "level": "info",
  "message": "Prisma connected successfully",
  "service": "LoggingService",
  "timestamp": "2025-04-02T18:14:32.593Z"
}
{
  "context": "PrismaService",
  "level": "info",
  "message": "Prisma connected successfully",
  "service": "LoggingService",
  "timestamp": "2025-04-02T18:16:11.607Z"
}
{
  "context": "PrismaService",
  "level": "info",
  "message": "Prisma connected successfully",
  "service": "LoggingService",
  "timestamp": "2025-04-02T18:16:11.723Z"
}
{
  "context": "PrismaService",
  "level": "info",
  "message": "Prisma connected successfully",
  "service": "LoggingService",
  "timestamp": "2025-04-02T18:16:11.783Z"
}
{
  "context": "PrismaService",
  "level": "info",
  "message": "Prisma connected successfully",
  "service": "LoggingService",
  "timestamp": "2025-04-02T18:16:11.838Z"
}
{
  "context": "PrismaService",
  "level": "info",
  "message": "Prisma connected successfully",
  "service": "LoggingService",
  "timestamp": "2025-04-02T18:16:11.899Z"
}
{
  "context": "PrismaService",
  "level": "info",
  "message": "Prisma connected successfully",
  "service": "LoggingService",
  "timestamp": "2025-04-02T18:16:20.994Z"
}
{
  "context": "PrismaService",
  "level": "info",
  "message": "Prisma connected successfully",
  "service": "LoggingService",
  "timestamp": "2025-04-02T18:16:21.061Z"
}
{
  "context": "PrismaService",
  "level": "info",
  "message": "Prisma connected successfully",
  "service": "LoggingService",
  "timestamp": "2025-04-02T18:16:21.123Z"
}
{
  "context": "PrismaService",
  "level": "info",
  "message": "Prisma connected successfully",
  "service": "LoggingService",
  "timestamp": "2025-04-02T18:16:21.194Z"
}
{
  "context": "PrismaService",
  "level": "info",
  "message": "Prisma connected successfully",
  "service": "LoggingService",
  "timestamp": "2025-04-02T18:16:21.250Z"
}
{
  "context": "PrismaService",
  "level": "info",
  "message": "Prisma connected successfully",
  "service": "LoggingService",
  "timestamp": "2025-04-02T18:16:56.483Z"
}
{
  "context": "PrismaService",
  "level": "info",
  "message": "Prisma connected successfully",
  "service": "LoggingService",
  "timestamp": "2025-04-02T18:16:56.542Z"
}
{
  "context": "PrismaService",
  "level": "info",
  "message": "Prisma connected successfully",
  "service": "LoggingService",
  "timestamp": "2025-04-02T18:16:56.611Z"
}
{
  "context": "PrismaService",
  "level": "info",
  "message": "Prisma connected successfully",
  "service": "LoggingService",
  "timestamp": "2025-04-02T18:16:56.677Z"
}
{
  "context": "PrismaService",
  "level": "info",
  "message": "Prisma connected successfully",
  "service": "LoggingService",
  "timestamp": "2025-04-02T18:16:56.741Z"
}
{
  "context": "PrismaService",
  "level": "info",
  "message": "Prisma connected successfully",
  "service": "LoggingService",
  "timestamp": "2025-04-02T18:16:58.828Z"
}
{
  "context": "PrismaService",
  "level": "info",
  "message": "Prisma connected successfully",
  "service": "LoggingService",
  "timestamp": "2025-04-02T18:16:58.905Z"
}
{
  "context": "PrismaService",
  "level": "info",
  "message": "Prisma connected successfully",
  "service": "LoggingService",
  "timestamp": "2025-04-02T18:16:58.970Z"
}
{
  "context": "PrismaService",
  "level": "info",
  "message": "Prisma connected successfully",
  "service": "LoggingService",
  "timestamp": "2025-04-02T18:16:59.049Z"
}
{
  "context": "PrismaService",
  "level": "info",
  "message": "Prisma connected successfully",
  "service": "LoggingService",
  "timestamp": "2025-04-02T18:16:59.113Z"
}
{
  "level": "info",
  "message": "Organization created: 14",
  "service": "LoggingService",
  "timestamp": "2025-04-02T18:47:21.684Z"
}
{
  "level": "info",
  "message": "User created: 114",
  "service": "LoggingService",
  "timestamp": "2025-04-02T18:47:21.710Z"
}
{
  "level": "info",
  "message": "Restaurant created: 23",
  "service": "LoggingService",
  "timestamp": "2025-04-02T18:47:21.727Z"
}
{
  "level": "info",
  "message": "Restaurant created: 24",
  "service": "LoggingService",
  "timestamp": "2025-04-02T18:47:21.735Z"
}
{
  "context": "PrismaError",
  "error": "\nInvalid `tx.organization.create()` invocation in\n/home/rayan147/ckm-turborepo/apps/api/src/users/users.service.ts:104:48\n\n  101 // Create organization first if applicable\n  102 let organization = null;\n  103 if (isOrganization && organizationInput) {\n→ 104   organization = await tx.organization.create(\nUnique constraint failed on the fields: (`name`)",
  "level": "error",
  "message": "Error creating user with organization and restaurants: Prisma Error",
  "service": "LoggingService",
  "timestamp": "2025-04-02T18:49:18.231Z"
}
{
  "level": "info",
  "message": "Organization created: 16",
  "service": "LoggingService",
  "timestamp": "2025-04-02T18:50:02.991Z"
}
{
  "level": "info",
  "message": "User created: 115",
  "service": "LoggingService",
  "timestamp": "2025-04-02T18:50:03.000Z"
}
{
  "level": "info",
  "message": "Restaurant created: 25",
  "service": "LoggingService",
  "timestamp": "2025-04-02T18:50:03.008Z"
}
{
  "context": "PrismaService",
  "level": "info",
  "message": "Prisma connected successfully",
  "service": "LoggingService",
  "timestamp": "2025-04-02T19:04:05.713Z"
}
{
  "context": "PrismaService",
  "level": "info",
  "message": "Prisma connected successfully",
  "service": "LoggingService",
  "timestamp": "2025-04-02T19:04:05.783Z"
}
{
  "context": "PrismaService",
  "level": "info",
  "message": "Prisma connected successfully",
  "service": "LoggingService",
  "timestamp": "2025-04-02T19:04:05.852Z"
}
{
  "context": "PrismaService",
  "level": "info",
  "message": "Prisma connected successfully",
  "service": "LoggingService",
  "timestamp": "2025-04-02T19:04:05.917Z"
}
{
  "context": "PrismaService",
  "level": "info",
  "message": "Prisma connected successfully",
  "service": "LoggingService",
  "timestamp": "2025-04-02T19:04:05.987Z"
}
{
  "context": "PrismaError",
  "error": "\nInvalid `this.prisma.session.update()` invocation in\n/home/rayan147/ckm-turborepo/apps/api/src/auth/utils/auth.sessions.service.ts:218:33\n\n  215   throw new UnauthorizedException('Invalid verification code');\n  216 }\n  217 \n→ 218 await this.prisma.session.update(\nUnique constraint failed on the fields: (`verificationCode`)",
  "level": "error",
  "message": "Failed to verifySession: Prisma Error",
  "service": "LoggingService",
  "timestamp": "2025-04-02T19:09:13.166Z"
}
{
  "context": "PrismaError",
  "error": "\nInvalid `this.prisma.session.update()` invocation in\n/home/rayan147/ckm-turborepo/apps/api/src/auth/utils/auth.sessions.service.ts:218:33\n\n  215   throw new UnauthorizedException('Invalid verification code');\n  216 }\n  217 \n→ 218 await this.prisma.session.update(\nUnique constraint failed on the fields: (`verificationCode`)",
  "level": "error",
  "message": "Failed to verifySession: Prisma Error",
  "service": "LoggingService",
  "timestamp": "2025-04-02T19:10:01.956Z"
}
