{
  "context": "PrismaService",
  "level": "info",
  "message": "Prisma connected successfully",
  "service": "LoggingService",
  "timestamp": "2025-04-18T19:40:17.212Z"
}
{
  "context": "PrismaService",
  "level": "info",
  "message": "Prisma connected successfully",
  "service": "LoggingService",
  "timestamp": "2025-04-18T19:40:17.286Z"
}
{
  "context": "PrismaService",
  "level": "info",
  "message": "Prisma connected successfully",
  "service": "LoggingService",
  "timestamp": "2025-04-18T19:40:17.377Z"
}
{
  "context": "PrismaService",
  "level": "info",
  "message": "Prisma connected successfully",
  "service": "LoggingService",
  "timestamp": "2025-04-18T19:40:17.453Z"
}
{
  "context": "PrismaService",
  "level": "info",
  "message": "Prisma connected successfully",
  "service": "LoggingService",
  "timestamp": "2025-04-18T19:40:17.522Z"
}
{
  "level": "info",
  "message": "Successfully invalidated all sessions for user 745",
  "service": "LoggingService",
  "timestamp": "2025-04-18T19:49:34.993Z"
}
{
  "level": "info",
  "message": "Login initiated for user: rayan361@gmail.com (ID: 745)",
  "service": "LoggingService",
  "timestamp": "2025-04-18T19:49:35.312Z"
}
{
  "level": "info",
  "message": "Successful verification for user ID: 745",
  "service": "LoggingService",
  "timestamp": "2025-04-18T19:49:48.763Z"
}
{
  "context": "RecipeController",
  "level": "info",
  "message": "{\n  \"user_id\": \"745\",\n  \"session_token\": \"ir7kva23tfhoit3dt4zezv5jjsocg6wrizafatsc4r2omylnzi5q\"\n}",
  "service": "LoggingService",
  "timestamp": "2025-04-18T19:49:55.693Z"
}
{
  "context": "RecipeService",
  "level": "info",
  "message": "Fetching recipes with params: {\"skip\":0,\"take\":10}",
  "service": "LoggingService",
  "timestamp": "2025-04-18T19:49:55.696Z"
}
{
  "context": "RecipeController",
  "level": "info",
  "message": "Received request to get recipes",
  "service": "LoggingService",
  "timestamp": "2025-04-18T19:49:55.695Z"
}
{
  "context": "RecipeController",
  "level": "info",
  "message": "{\n  \"user_id\": \"745\",\n  \"session_token\": \"ir7kva23tfhoit3dt4zezv5jjsocg6wrizafatsc4r2omylnzi5q\"\n}",
  "service": "LoggingService",
  "timestamp": "2025-04-18T19:53:00.790Z"
}
{
  "context": "RecipeService",
  "level": "info",
  "message": "Fetching recipes with params: {\"skip\":0,\"take\":10}",
  "service": "LoggingService",
  "timestamp": "2025-04-18T19:53:00.792Z"
}
{
  "context": "RecipeController",
  "level": "info",
  "message": "Received request to get recipes",
  "service": "LoggingService",
  "timestamp": "2025-04-18T19:53:00.792Z"
}
{
  "context": "RecipeController",
  "level": "info",
  "message": "{\n  \"user_id\": \"745\",\n  \"session_token\": \"ir7kva23tfhoit3dt4zezv5jjsocg6wrizafatsc4r2omylnzi5q\"\n}",
  "service": "LoggingService",
  "timestamp": "2025-04-18T19:53:06.247Z"
}
{
  "context": "RecipeService",
  "level": "info",
  "message": "Fetching recipes with params: {\"skip\":0,\"take\":10}",
  "service": "LoggingService",
  "timestamp": "2025-04-18T19:53:06.248Z"
}
{
  "context": "RecipeController",
  "level": "info",
  "message": "Received request to get recipes",
  "service": "LoggingService",
  "timestamp": "2025-04-18T19:53:06.247Z"
}
{
  "context": "RecipeController",
  "level": "info",
  "message": "{\n  \"user_id\": \"745\",\n  \"session_token\": \"ir7kva23tfhoit3dt4zezv5jjsocg6wrizafatsc4r2omylnzi5q\"\n}",
  "service": "LoggingService",
  "timestamp": "2025-04-18T19:53:26.622Z"
}
{
  "context": "RecipeService",
  "level": "info",
  "message": "Fetching recipes with params: {\"skip\":0,\"take\":10}",
  "service": "LoggingService",
  "timestamp": "2025-04-18T19:53:26.623Z"
}
{
  "context": "RecipeController",
  "level": "info",
  "message": "Received request to get recipes",
  "service": "LoggingService",
  "timestamp": "2025-04-18T19:53:26.623Z"
}
{
  "context": "RecipeController",
  "level": "info",
  "message": "{\n  \"user_id\": \"745\",\n  \"session_token\": \"ir7kva23tfhoit3dt4zezv5jjsocg6wrizafatsc4r2omylnzi5q\"\n}",
  "service": "LoggingService",
  "timestamp": "2025-04-18T19:54:08.878Z"
}
{
  "context": "RecipeService",
  "level": "info",
  "message": "Fetching recipes with params: {\"skip\":0,\"take\":10}",
  "service": "LoggingService",
  "timestamp": "2025-04-18T19:54:08.879Z"
}
{
  "context": "RecipeController",
  "level": "info",
  "message": "Received request to get recipes",
  "service": "LoggingService",
  "timestamp": "2025-04-18T19:54:08.878Z"
}
{
  "context": "RecipeController",
  "level": "info",
  "message": "{\n  \"user_id\": \"745\",\n  \"session_token\": \"ir7kva23tfhoit3dt4zezv5jjsocg6wrizafatsc4r2omylnzi5q\"\n}",
  "service": "LoggingService",
  "timestamp": "2025-04-18T19:54:12.178Z"
}
{
  "context": "RecipeService",
  "level": "info",
  "message": "Fetching recipes with params: {\"skip\":0,\"take\":10}",
  "service": "LoggingService",
  "timestamp": "2025-04-18T19:54:12.178Z"
}
{
  "context": "RecipeController",
  "level": "info",
  "message": "Received request to get recipes",
  "service": "LoggingService",
  "timestamp": "2025-04-18T19:54:12.178Z"
}
{
  "context": "RecipeController",
  "level": "info",
  "message": "Received request to get recipe with ID 498",
  "service": "LoggingService",
  "timestamp": "2025-04-18T19:54:16.253Z"
}
{
  "context": "RecipeService",
  "level": "info",
  "message": "Fetching recipe with ID 498",
  "service": "LoggingService",
  "timestamp": "2025-04-18T19:54:16.254Z"
}
{
  "context": "RecipeService",
  "level": "info",
  "message": "Fetching recipe {\n  \"id\": 498,\n  \"name\": \"Beef Pho at Bombay Bistro (1744738587619-4d2e52fb-e385-404f-a13b-0e66ea56a1af)\",\n  \"imageUrls\": [\n    \"https://images.unsplash.com/photo-1607330289024-1535c6b4e1c1?random=6d3805db-3f25-43a8-b2b8-830bf8f86f27\",\n    \"https://images.unsplash.com/photo-1563612116625-3012372fccce?random=ce140eff-38f9-48bb-ac56-f6b57057a5d8\",\n    \"https://images.unsplash.com/photo-1565557623262-b51c2513a641?random=daededdf-4492-45fb-abec-891a5a9b8875\"\n  ],\n  \"description\": \"Our Beef Pho is prepared using the finest ingredients and traditional techniques. \\n    This Asian classic brings authentic flavors to your table with a modern twist. \\n    Beatus tantum tum avaritia tubineus modi tendo ultio defleo. Aedificium velum texo aut. Viriliter aequitas calculus.\",\n  \"servings\": 6,\n  \"cookTime\": 27,\n  \"prepTime\": 41,\n  \"frequency\": null,\n  \"restaurantId\": 133,\n  \"cookBookId\": 93,\n  \"foodCost\": null,\n  \"isDeleted\": false,\n  \"isPublished\": false,\n  \"publishedAt\": null,\n  \"language\": \"en\",\n  \"skillLevel\": \"INTERMEDIATE\",\n  \"category\": \"MAIN_COURSE\",\n  \"ingredients\": [\n    {\n      \"id\": 661,\n      \"recipeId\": 498,\n      \"ingredientId\": 771,\n      \"quantity\": 6.928859427064691,\n      \"unit\": \"quart\",\n      \"processingInstructions\": null,\n      \"substituteIngredients\": [],\n      \"isOptional\": false,\n      \"notes\": null,\n      \"cost\": null,\n      \"density\": null,\n      \"yield\": null,\n      \"joinAt\": \"2025-04-15T17:36:31.745Z\",\n      \"recipeVersionId\": null,\n      \"ingredient\": {\n        \"id\": 771,\n        \"name\": \"Beans\",\n        \"category\": \"Organic Dry Goods\",\n        \"price\": 619.9,\n        \"density\": null,\n        \"dietaryRestrictionId\": null,\n        \"calories\": 340,\n        \"protein\": 22,\n        \"carbohydrates\": 70,\n        \"fat\": 3,\n        \"fiber\": 26,\n        \"sugar\": 0,\n        \"sodium\": 10,\n        \"usdaFoodId\": \"1886220\",\n        \"nutritionSource\": \"USDA\",\n        \"nutritionUpdatedAt\": \"2025-04-16T02:47:33.438Z\"\n      }\n    },\n    {\n      \"id\": 664,\n      \"recipeId\": 498,\n      \"ingredientId\": 751,\n      \"quantity\": 9.164125433784235,\n      \"unit\": \"ton\",\n      \"processingInstructions\": null,\n      \"substituteIngredients\": [],\n      \"isOptional\": false,\n      \"notes\": null,\n      \"cost\": null,\n      \"density\": null,\n      \"yield\": null,\n      \"joinAt\": \"2025-04-15T17:36:31.745Z\",\n      \"recipeVersionId\": null,\n      \"ingredient\": {\n        \"id\": 751,\n        \"name\": \"Sausage\",\n        \"category\": \"Premium Meat\",\n        \"price\": 405.79,\n        \"density\": null,\n        \"dietaryRestrictionId\": null,\n        \"calories\": 188,\n        \"protein\": 7.81,\n        \"carbohydrates\": 25,\n        \"fat\": 6.25,\n        \"fiber\": 3.1,\n        \"sugar\": 2.34,\n        \"sodium\": 328,\n        \"usdaFoodId\": \"2076349\",\n        \"nutritionSource\": \"USDA\",\n        \"nutritionUpdatedAt\": \"2025-04-16T02:47:34.395Z\"\n      }\n    },\n    {\n      \"id\": 665,\n      \"recipeId\": 498,\n      \"ingredientId\": 779,\n      \"quantity\": 8.619321883513727,\n      \"unit\": \"kilogram\",\n      \"processingInstructions\": null,\n      \"substituteIngredients\": [],\n      \"isOptional\": false,\n      \"notes\": null,\n      \"cost\": null,\n      \"density\": null,\n      \"yield\": null,\n      \"joinAt\": \"2025-04-15T17:36:31.745Z\",\n      \"recipeVersionId\": null,\n      \"ingredient\": {\n        \"id\": 779,\n        \"name\": \"Carrots\",\n        \"category\": \"Value Produce\",\n        \"price\": 964.75,\n        \"density\": null,\n        \"dietaryRestrictionId\": null,\n        \"calories\": 38,\n        \"protein\": 1.28,\n        \"carbohydrates\": 8.97,\n        \"fat\": 0,\n        \"fiber\": 2.6,\n        \"sugar\": 6.41,\n        \"sodium\": 77,\n        \"usdaFoodId\": \"2079038\",\n        \"nutritionSource\": \"USDA\",\n        \"nutritionUpdatedAt\": \"2025-04-16T02:47:35.311Z\"\n      }\n    },\n    {\n      \"id\": 663,\n      \"recipeId\": 498,\n      \"ingredientId\": 780,\n      \"quantity\": 3.850844030855914,\n      \"unit\": \"gallon\",\n      \"processingInstructions\": null,\n      \"substituteIngredients\": [],\n      \"isOptional\": false,\n      \"notes\": null,\n      \"cost\": null,\n      \"density\": null,\n      \"yield\": null,\n      \"joinAt\": \"2025-04-15T17:36:31.745Z\",\n      \"recipeVersionId\": null,\n      \"ingredient\": {\n        \"id\": 780,\n        \"name\": \"Rice\",\n        \"category\": \"Organic Dry Goods\",\n        \"price\": 708.49,\n        \"density\": null,\n        \"dietaryRestrictionId\": null,\n        \"calories\": 139,\n        \"protein\": 3.47,\n        \"carbohydrates\": 26.39,\n        \"fat\": 2.43,\n        \"fiber\": 1.4,\n        \"sugar\": 1.39,\n        \"sodium\": 465,\n        \"usdaFoodId\": \"356554\",\n        \"nutritionSource\": \"USDA\",\n        \"nutritionUpdatedAt\": \"2025-04-16T02:47:36.220Z\"\n      }\n    },\n    {\n      \"id\": 662,\n      \"recipeId\": 498,\n      \"ingredientId\": 760,\n      \"quantity\": 5.169673955807641,\n      \"unit\": \"kilogram\",\n      \"processingInstructions\": null,\n      \"substituteIngredients\": [],\n      \"isOptional\": false,\n      \"notes\": null,\n      \"cost\": null,\n      \"density\": null,\n      \"yield\": null,\n      \"joinAt\": \"2025-04-15T17:36:31.745Z\",\n      \"recipeVersionId\": null,\n      \"ingredient\": {\n        \"id\": 760,\n        \"name\": \"Yogurt\",\n        \"category\": \"Organic Dairy\",\n        \"price\": 396.79,\n        \"density\": null,\n        \"dietaryRestrictionId\": null,\n        \"calories\": 62,\n        \"protein\": 3.52,\n        \"carbohydrates\": 4.41,\n        \"fat\": 3.52,\n        \"fiber\": 0,\n        \"sugar\": 3.08,\n        \"sodium\": 48,\n        \"usdaFoodId\": \"2554062\",\n        \"nutritionSource\": \"USDA\",\n        \"nutritionUpdatedAt\": \"2025-04-16T02:47:36.855Z\"\n      }\n    }\n  ],\n  \"instructions\": [\n    {\n      \"id\": 661,\n      \"recipeId\": 498,\n      \"stepNumber\": 1,\n      \"instruction\": \"Prepare the ingredients: Simmer the sugar.\",\n      \"imageUrl\": \"https://images.unsplash.com/photo-1466637574441-749b8f19452f?random=d3464d35-26ad-4b98-bcc1-7a59dd4862f1\",\n      \"recipeVersionId\": null,\n      \"timeInMinutes\": null,\n      \"temperature\": null,\n      \"temperatureUnit\": \"C\",\n      \"isCritical\": false,\n      \"techniqueTips\": null,\n      \"warningNotes\": null\n    },\n    {\n      \"id\": 664,\n      \"recipeId\": 498,\n      \"stepNumber\": 2,\n      \"instruction\": \"Heat a pan over medium heat and add pepper.\",\n      \"imageUrl\": \"https://images.unsplash.com/photo-1572715655206-3de2cfbe94d0?random=33857704-da44-4355-a3b1-685da159e3e0\",\n      \"recipeVersionId\": null,\n      \"timeInMinutes\": null,\n      \"temperature\": null,\n      \"temperatureUnit\": \"C\",\n      \"isCritical\": false,\n      \"techniqueTips\": null,\n      \"warningNotes\": null\n    },\n    {\n      \"id\": 665,\n      \"recipeId\": 498,\n      \"stepNumber\": 3,\n      \"instruction\": \"Cook the fish for 30 minutes, stirring occasionally.\",\n      \"imageUrl\": \"https://images.unsplash.com/photo-1526401842416-1371882d3f50?random=fd87b966-18e2-4641-850b-0566e79de917\",\n      \"recipeVersionId\": null,\n      \"timeInMinutes\": null,\n      \"temperature\": null,\n      \"temperatureUnit\": \"C\",\n      \"isCritical\": false,\n      \"techniqueTips\": null,\n      \"warningNotes\": null\n    },\n    {\n      \"id\": 662,\n      \"recipeId\": 498,\n      \"stepNumber\": 4,\n      \"instruction\": \"Preheat the oven to 239째F (115째C).\",\n      \"imageUrl\": \"https://images.unsplash.com/photo-1544793591-5c931672edfd?random=fbb4f1ee-2c51-4e5b-a56a-312f54e1ab87\",\n      \"recipeVersionId\": null,\n      \"timeInMinutes\": null,\n      \"temperature\": null,\n      \"temperatureUnit\": \"C\",\n      \"isCritical\": false,\n      \"techniqueTips\": null,\n      \"warningNotes\": null\n    },\n    {\n      \"id\": 663,\n      \"recipeId\": 498,\n      \"stepNumber\": 5,\n      \"instruction\": \"Combine all the ingredients in a large bowl and Simmer thoroughly.\",\n      \"imageUrl\": \"https://images.unsplash.com/photo-1498654896293-37aacf113fd9?random=0d453bd6-1c43-45c1-a253-a4dd6e49b617\",\n      \"recipeVersionId\": null,\n      \"timeInMinutes\": null,\n      \"temperature\": null,\n      \"temperatureUnit\": \"C\",\n      \"isCritical\": false,\n      \"techniqueTips\": null,\n      \"warningNotes\": null\n    }\n  ],\n  \"menuItemRecipes\": [\n    {\n      \"id\": 743,\n      \"menuItemId\": 483,\n      \"recipeId\": 498,\n      \"joinAt\": \"2025-04-15T17:36:31.983Z\"\n    },\n    {\n      \"id\": 786,\n      \"menuItemId\": 505,\n      \"recipeId\": 498,\n      \"joinAt\": \"2025-04-15T17:36:32.052Z\"\n    },\n    {\n      \"id\": 798,\n      \"menuItemId\": 513,\n      \"recipeId\": 498,\n      \"joinAt\": \"2025-04-15T17:36:32.069Z\"\n    },\n    {\n      \"id\": 809,\n      \"menuItemId\": 516,\n      \"recipeId\": 498,\n      \"joinAt\": \"2025-04-15T17:36:32.088Z\"\n    },\n    {\n      \"id\": 811,\n      \"menuItemId\": 517,\n      \"recipeId\": 498,\n      \"joinAt\": \"2025-04-15T17:36:32.089Z\"\n    },\n    {\n      \"id\": 839,\n      \"menuItemId\": 535,\n      \"recipeId\": 498,\n      \"joinAt\": \"2025-04-15T17:36:32.124Z\"\n    },\n    {\n      \"id\": 842,\n      \"menuItemId\": 534,\n      \"recipeId\": 498,\n      \"joinAt\": \"2025-04-15T17:36:32.123Z\"\n    },\n    {\n      \"id\": 854,\n      \"menuItemId\": 539,\n      \"recipeId\": 498,\n      \"joinAt\": \"2025-04-15T17:36:32.140Z\"\n    },\n    {\n      \"id\": 861,\n      \"menuItemId\": 543,\n      \"recipeId\": 498,\n      \"joinAt\": \"2025-04-15T17:36:32.153Z\"\n    },\n    {\n      \"id\": 870,\n      \"menuItemId\": 549,\n      \"recipeId\": 498,\n      \"joinAt\": \"2025-04-15T17:36:32.154Z\"\n    },\n    {\n      \"id\": 880,\n      \"menuItemId\": 551,\n      \"recipeId\": 498,\n      \"joinAt\": \"2025-04-15T17:36:32.170Z\"\n    },\n    {\n      \"id\": 953,\n      \"menuItemId\": 588,\n      \"recipeId\": 498,\n      \"joinAt\": \"2025-04-15T17:36:32.257Z\"\n    },\n    {\n      \"id\": 957,\n      \"menuItemId\": 595,\n      \"recipeId\": 498,\n      \"joinAt\": \"2025-04-15T17:36:32.285Z\"\n    },\n    {\n      \"id\": 969,\n      \"menuItemId\": 598,\n      \"recipeId\": 498,\n      \"joinAt\": \"2025-04-15T17:36:32.286Z\"\n    },\n    {\n      \"id\": 986,\n      \"menuItemId\": 605,\n      \"recipeId\": 498,\n      \"joinAt\": \"2025-04-15T17:36:32.315Z\"\n    },\n    {\n      \"id\": 987,\n      \"menuItemId\": 614,\n      \"recipeId\": 498,\n      \"joinAt\": \"2025-04-15T17:36:32.343Z\"\n    },\n    {\n      \"id\": 1011,\n      \"menuItemId\": 623,\n      \"recipeId\": 498,\n      \"joinAt\": \"2025-04-15T17:36:32.357Z\"\n    },\n    {\n      \"id\": 1028,\n      \"menuItemId\": 638,\n      \"recipeId\": 498,\n      \"joinAt\": \"2025-04-15T17:36:32.390Z\"\n    },\n    {\n      \"id\": 1065,\n      \"menuItemId\": 650,\n      \"recipeId\": 498,\n      \"joinAt\": \"2025-04-15T17:36:32.426Z\"\n    },\n    {\n      \"id\": 1067,\n      \"menuItemId\": 654,\n      \"recipeId\": 498,\n      \"joinAt\": \"2025-04-15T17:36:32.427Z\"\n    },\n    {\n      \"id\": 1133,\n      \"menuItemId\": 682,\n      \"recipeId\": 498,\n      \"joinAt\": \"2025-04-15T17:36:32.489Z\"\n    },\n    {\n      \"id\": 1141,\n      \"menuItemId\": 685,\n      \"recipeId\": 498,\n      \"joinAt\": \"2025-04-15T17:36:32.510Z\"\n    },\n    {\n      \"id\": 1146,\n      \"menuItemId\": 686,\n      \"recipeId\": 498,\n      \"joinAt\": \"2025-04-15T17:36:32.510Z\"\n    },\n    {\n      \"id\": 1162,\n      \"menuItemId\": 693,\n      \"recipeId\": 498,\n      \"joinAt\": \"2025-04-15T17:36:32.527Z\"\n    },\n    {\n      \"id\": 1212,\n      \"menuItemId\": 722,\n      \"recipeId\": 498,\n      \"joinAt\": \"2025-04-15T17:36:32.577Z\"\n    },\n    {\n      \"id\": 742,\n      \"menuItemId\": 489,\n      \"recipeId\": 498,\n      \"joinAt\": \"2025-04-15T17:36:31.983Z\"\n    },\n    {\n      \"id\": 756,\n      \"menuItemId\": 490,\n      \"recipeId\": 498,\n      \"joinAt\": \"2025-04-15T17:36:31.983Z\"\n    },\n    {\n      \"id\": 758,\n      \"menuItemId\": 484,\n      \"recipeId\": 498,\n      \"joinAt\": \"2025-04-15T17:36:31.983Z\"\n    },\n    {\n      \"id\": 760,\n      \"menuItemId\": 493,\n      \"recipeId\": 498,\n      \"joinAt\": \"2025-04-15T17:36:32.013Z\"\n    },\n    {\n      \"id\": 767,\n      \"menuItemId\": 494,\n      \"recipeId\": 498,\n      \"joinAt\": \"2025-04-15T17:36:32.013Z\"\n    },\n    {\n      \"id\": 770,\n      \"menuItemId\": 492,\n      \"recipeId\": 498,\n      \"joinAt\": \"2025-04-15T17:36:32.013Z\"\n    },\n    {\n      \"id\": 774,\n      \"menuItemId\": 501,\n      \"recipeId\": 498,\n      \"joinAt\": \"2025-04-15T17:36:32.037Z\"\n    },\n    {\n      \"id\": 777,\n      \"menuItemId\": 500,\n      \"recipeId\": 498,\n      \"joinAt\": \"2025-04-15T17:36:32.037Z\"\n    },\n    {\n      \"id\": 792,\n      \"menuItemId\": 509,\n      \"recipeId\": 498,\n      \"joinAt\": \"2025-04-15T17:36:32.052Z\"\n    },\n    {\n      \"id\": 799,\n      \"menuItemId\": 512,\n      \"recipeId\": 498,\n      \"joinAt\": \"2025-04-15T17:36:32.069Z\"\n    },\n    {\n      \"id\": 818,\n      \"menuItemId\": 518,\n      \"recipeId\": 498,\n      \"joinAt\": \"2025-04-15T17:36:32.089Z\"\n    },\n    {\n      \"id\": 819,\n      \"menuItemId\": 527,\n      \"recipeId\": 498,\n      \"joinAt\": \"2025-04-15T17:36:32.105Z\"\n    },\n    {\n      \"id\": 824,\n      \"menuItemId\": 528,\n      \"recipeId\": 498,\n      \"joinAt\": \"2025-04-15T17:36:32.106Z\"\n    },\n    {\n      \"id\": 827,\n      \"menuItemId\": 526,\n      \"recipeId\": 498,\n      \"joinAt\": \"2025-04-15T17:36:32.106Z\"\n    },\n    {\n      \"id\": 832,\n      \"menuItemId\": 522,\n      \"recipeId\": 498,\n      \"joinAt\": \"2025-04-15T17:36:32.106Z\"\n    },\n    {\n      \"id\": 833,\n      \"menuItemId\": 524,\n      \"recipeId\": 498,\n      \"joinAt\": \"2025-04-15T17:36:32.106Z\"\n    },\n    {\n      \"id\": 841,\n      \"menuItemId\": 531,\n      \"recipeId\": 498,\n      \"joinAt\": \"2025-04-15T17:36:32.123Z\"\n    },\n    {\n      \"id\": 857,\n      \"menuItemId\": 542,\n      \"recipeId\": 498,\n      \"joinAt\": \"2025-04-15T17:36:32.140Z\"\n    },\n    {\n      \"id\": 872,\n      \"menuItemId\": 545,\n      \"recipeId\": 498,\n      \"joinAt\": \"2025-04-15T17:36:32.154Z\"\n    },\n    {\n      \"id\": 873,\n      \"menuItemId\": 546,\n      \"recipeId\": 498,\n      \"joinAt\": \"2025-04-15T17:36:32.154Z\"\n    },\n    {\n      \"id\": 877,\n      \"menuItemId\": 552,\n      \"recipeId\": 498,\n      \"joinAt\": \"2025-04-15T17:36:32.171Z\"\n    },\n    {\n      \"id\": 878,\n      \"menuItemId\": 555,\n      \"recipeId\": 498,\n      \"joinAt\": \"2025-04-15T17:36:32.170Z\"\n    },\n    {\n      \"id\": 881,\n      \"menuItemId\": 554,\n      \"recipeId\": 498,\n      \"joinAt\": \"2025-04-15T17:36:32.171Z\"\n    },\n    {\n      \"id\": 889,\n      \"menuItemId\": 553,\n      \"recipeId\": 498,\n      \"joinAt\": \"2025-04-15T17:36:32.171Z\"\n    },\n    {\n      \"id\": 891,\n      \"menuItemId\": 559,\n      \"recipeId\": 498,\n      \"joinAt\": \"2025-04-15T17:36:32.185Z\"\n    },\n    {\n      \"id\": 899,\n      \"menuItemId\": 558,\n      \"recipeId\": 498,\n      \"joinAt\": \"2025-04-15T17:36:32.185Z\"\n    },\n    {\n      \"id\": 910,\n      \"menuItemId\": 573,\n      \"recipeId\": 498,\n      \"joinAt\": \"2025-04-15T17:36:32.202Z\"\n    },\n    {\n      \"id\": 926,\n      \"menuItemId\": 585,\n      \"recipeId\": 498,\n      \"joinAt\": \"2025-04-15T17:36:32.233Z\"\n    },\n    {\n      \"id\": 929,\n      \"menuItemId\": 582,\n      \"recipeId\": 498,\n      \"joinAt\": \"2025-04-15T17:36:32.233Z\"\n    },\n    {\n      \"id\": 966,\n      \"menuItemId\": 597,\n      \"recipeId\": 498,\n      \"joinAt\": \"2025-04-15T17:36:32.286Z\"\n    },\n    {\n      \"id\": 1148,\n      \"menuItemId\": 688,\n      \"recipeId\": 498,\n      \"joinAt\": \"2025-04-15T17:36:32.509Z\"\n    },\n    {\n      \"id\": 1167,\n      \"menuItemId\": 697,\n      \"recipeId\": 498,\n      \"joinAt\": \"2025-04-15T17:36:32.527Z\"\n    },\n    {\n      \"id\": 1219,\n      \"menuItemId\": 735,\n      \"recipeId\": 498,\n      \"joinAt\": \"2025-04-15T17:36:32.605Z\"\n    },\n    {\n      \"id\": 1127,\n      \"menuItemId\": 674,\n      \"recipeId\": 498,\n      \"joinAt\": \"2025-04-15T17:36:32.489Z\"\n    },\n    {\n      \"id\": 1150,\n      \"menuItemId\": 690,\n      \"recipeId\": 498,\n      \"joinAt\": \"2025-04-15T17:36:32.510Z\"\n    },\n    {\n      \"id\": 985,\n      \"menuItemId\": 609,\n      \"recipeId\": 498,\n      \"joinAt\": \"2025-04-15T17:36:32.315Z\"\n    },\n    {\n      \"id\": 1088,\n      \"menuItemId\": 665,\n      \"recipeId\": 498,\n      \"joinAt\": \"2025-04-15T17:36:32.454Z\"\n    },\n    {\n      \"id\": 1223,\n      \"menuItemId\": 733,\n      \"recipeId\": 498,\n      \"joinAt\": \"2025-04-15T17:36:32.605Z\"\n    },\n    {\n      \"id\": 941,\n      \"menuItemId\": 577,\n      \"recipeId\": 498,\n      \"joinAt\": \"2025-04-15T17:36:32.233Z\"\n    },\n    {\n      \"id\": 1048,\n      \"menuItemId\": 639,\n      \"recipeId\": 498,\n      \"joinAt\": \"2025-04-15T17:36:32.409Z\"\n    },\n    {\n      \"id\": 1131,\n      \"menuItemId\": 677,\n      \"recipeId\": 498,\n      \"joinAt\": \"2025-04-15T17:36:32.489Z\"\n    },\n    {\n      \"id\": 1153,\n      \"menuItemId\": 699,\n      \"recipeId\": 498,\n      \"joinAt\": \"2025-04-15T17:36:32.527Z\"\n    },\n    {\n      \"id\": 1182,\n      \"menuItemId\": 701,\n      \"recipeId\": 498,\n      \"joinAt\": \"2025-04-15T17:36:32.545Z\"\n    },\n    {\n      \"id\": 979,\n      \"menuItemId\": 608,\n      \"recipeId\": 498,\n      \"joinAt\": \"2025-04-15T17:36:32.314Z\"\n    },\n    {\n      \"id\": 1000,\n      \"menuItemId\": 611,\n      \"recipeId\": 498,\n      \"joinAt\": \"2025-04-15T17:36:32.343Z\"\n    },\n    {\n      \"id\": 1014,\n      \"menuItemId\": 624,\n      \"recipeId\": 498,\n      \"joinAt\": \"2025-04-15T17:36:32.373Z\"\n    },\n    {\n      \"id\": 1030,\n      \"menuItemId\": 637,\n      \"recipeId\": 498,\n      \"joinAt\": \"2025-04-15T17:36:32.390Z\"\n    },\n    {\n      \"id\": 1033,\n      \"menuItemId\": 631,\n      \"recipeId\": 498,\n      \"joinAt\": \"2025-04-15T17:36:32.390Z\"\n    },\n    {\n      \"id\": 1064,\n      \"menuItemId\": 655,\n      \"recipeId\": 498,\n      \"joinAt\": \"2025-04-15T17:36:32.426Z\"\n    },\n    {\n      \"id\": 1080,\n      \"menuItemId\": 663,\n      \"recipeId\": 498,\n      \"joinAt\": \"2025-04-15T17:36:32.440Z\"\n    },\n    {\n      \"id\": 1111,\n      \"menuItemId\": 671,\n      \"recipeId\": 498,\n      \"joinAt\": \"2025-04-15T17:36:32.471Z\"\n    },\n    {\n      \"id\": 1113,\n      \"menuItemId\": 683,\n      \"recipeId\": 498,\n      \"joinAt\": \"2025-04-15T17:36:32.488Z\"\n    },\n    {\n      \"id\": 1225,\n      \"menuItemId\": 734,\n      \"recipeId\": 498,\n      \"joinAt\": \"2025-04-15T17:36:32.605Z\"\n    },\n    {\n      \"id\": 1053,\n      \"menuItemId\": 644,\n      \"recipeId\": 498,\n      \"joinAt\": \"2025-04-15T17:36:32.409Z\"\n    },\n    {\n      \"id\": 982,\n      \"menuItemId\": 610,\n      \"recipeId\": 498,\n      \"joinAt\": \"2025-04-15T17:36:32.315Z\"\n    },\n    {\n      \"id\": 1058,\n      \"menuItemId\": 642,\n      \"recipeId\": 498,\n      \"joinAt\": \"2025-04-15T17:36:32.409Z\"\n    },\n    {\n      \"id\": 1090,\n      \"menuItemId\": 668,\n      \"recipeId\": 498,\n      \"joinAt\": \"2025-04-15T17:36:32.454Z\"\n    },\n    {\n      \"id\": 1100,\n      \"menuItemId\": 667,\n      \"recipeId\": 498,\n      \"joinAt\": \"2025-04-15T17:36:32.455Z\"\n    },\n    {\n      \"id\": 1110,\n      \"menuItemId\": 670,\n      \"recipeId\": 498,\n      \"joinAt\": \"2025-04-15T17:36:32.471Z\"\n    },\n    {\n      \"id\": 1194,\n      \"menuItemId\": 716,\n      \"recipeId\": 498,\n      \"joinAt\": \"2025-04-15T17:36:32.561Z\"\n    },\n    {\n      \"id\": 1214,\n      \"menuItemId\": 720,\n      \"recipeId\": 498,\n      \"joinAt\": \"2025-04-15T17:36:32.578Z\"\n    },\n    {\n      \"id\": 1023,\n      \"menuItemId\": 625,\n      \"recipeId\": 498,\n      \"joinAt\": \"2025-04-15T17:36:32.373Z\"\n    },\n    {\n      \"id\": 1052,\n      \"menuItemId\": 641,\n      \"recipeId\": 498,\n      \"joinAt\": \"2025-04-15T17:36:32.409Z\"\n    },\n    {\n      \"id\": 1092,\n      \"menuItemId\": 664,\n      \"recipeId\": 498,\n      \"joinAt\": \"2025-04-15T17:36:32.454Z\"\n    },\n    {\n      \"id\": 1129,\n      \"menuItemId\": 681,\n      \"recipeId\": 498,\n      \"joinAt\": \"2025-04-15T17:36:32.489Z\"\n    },\n    {\n      \"id\": 1157,\n      \"menuItemId\": 691,\n      \"recipeId\": 498,\n      \"joinAt\": \"2025-04-15T17:36:32.527Z\"\n    },\n    {\n      \"id\": 1220,\n      \"menuItemId\": 729,\n      \"recipeId\": 498,\n      \"joinAt\": \"2025-04-15T17:36:32.605Z\"\n    },\n    {\n      \"id\": 1228,\n      \"menuItemId\": 731,\n      \"recipeId\": 498,\n      \"joinAt\": \"2025-04-15T17:36:32.605Z\"\n    },\n    {\n      \"id\": 947,\n      \"menuItemId\": 591,\n      \"recipeId\": 498,\n      \"joinAt\": \"2025-04-15T17:36:32.257Z\"\n    },\n    {\n      \"id\": 961,\n      \"menuItemId\": 594,\n      \"recipeId\": 498,\n      \"joinAt\": \"2025-04-15T17:36:32.285Z\"\n    },\n    {\n      \"id\": 994,\n      \"menuItemId\": 613,\n      \"recipeId\": 498,\n      \"joinAt\": \"2025-04-15T17:36:32.342Z\"\n    },\n    {\n      \"id\": 1049,\n      \"menuItemId\": 645,\n      \"recipeId\": 498,\n      \"joinAt\": \"2025-04-15T17:36:32.409Z\"\n    },\n    {\n      \"id\": 1082,\n      \"menuItemId\": 661,\n      \"recipeId\": 498,\n      \"joinAt\": \"2025-04-15T17:36:32.441Z\"\n    },\n    {\n      \"id\": 1121,\n      \"menuItemId\": 680,\n      \"recipeId\": 498,\n      \"joinAt\": \"2025-04-15T17:36:32.489Z\"\n    },\n    {\n      \"id\": 1175,\n      \"menuItemId\": 702,\n      \"recipeId\": 498,\n      \"joinAt\": \"2025-04-15T17:36:32.545Z\"\n    },\n    {\n      \"id\": 1190,\n      \"menuItemId\": 709,\n      \"recipeId\": 498,\n      \"joinAt\": \"2025-04-15T17:36:32.561Z\"\n    },\n    {\n      \"id\": 1198,\n      \"menuItemId\": 713,\n      \"recipeId\": 498,\n      \"joinAt\": \"2025-04-15T17:36:32.561Z\"\n    },\n    {\n      \"id\": 1208,\n      \"menuItemId\": 717,\n      \"recipeId\": 498,\n      \"joinAt\": \"2025-04-15T17:36:32.578Z\"\n    }\n  ],\n  \"foodCostHistory\": [],\n  \"prepHistory\": [],\n  \"prepBoards\": [],\n  \"nutritionalInfo\": {\n    \"id\": 90,\n    \"recipeId\": 498,\n    \"servingSize\": 0.13512743705711,\n    \"servingUnit\": \"henry\",\n    \"calories\": 2118598.806822622,\n    \"protein\": 88039.51242904211,\n    \"carbohydrates\": 282122.7518023481,\n    \"fat\": 70310.89031263319,\n    \"fiber\": 35113.31178765882,\n    \"sugar\": 26410.87134412223,\n    \"sodium\": 3695198.216159836,\n    \"containsGluten\": true,\n    \"containsDairy\": true,\n    \"containsNuts\": false,\n    \"containsEggs\": true,\n    \"containsSoy\": false,\n    \"containsFish\": false,\n    \"containsShellfish\": false,\n    \"containsSesame\": false\n  },\n  \"tags\": [\n    {\n      \"id\": 758,\n      \"name\": \"Soup\",\n      \"description\": \"Recipes tagged as Soup\",\n      \"createdAt\": \"2025-04-15T17:36:27.624Z\",\n      \"updatedAt\": \"2025-04-15T17:36:27.624Z\"\n    },\n    {\n      \"id\": 759,\n      \"name\": \"Vietnamese\",\n      \"description\": \"Recipes tagged as Vietnamese\",\n      \"createdAt\": \"2025-04-15T17:36:27.624Z\",\n      \"updatedAt\": \"2025-04-15T17:36:27.624Z\"\n    },\n    {\n      \"id\": 760,\n      \"name\": \"Beef\",\n      \"description\": \"Recipes tagged as Beef\",\n      \"createdAt\": \"2025-04-15T17:36:27.624Z\",\n      \"updatedAt\": \"2025-04-15T17:36:27.624Z\"\n    }\n  ],\n  \"dietaryRestrictions\": [],\n  \"laborCosts\": [\n    {\n      \"id\": 81,\n      \"recipeId\": 498,\n      \"prepTime\": 94,\n      \"cookTime\": 32,\n      \"laborRate\": 35.94513153446648,\n      \"totalLaborCost\": 90.40766040670013,\n      \"createdAt\": \"2025-04-15T17:36:32.670Z\",\n      \"updatedAt\": \"2025-04-15T17:36:32.670Z\"\n    }\n  ],\n  \"yields\": [\n    {\n      \"id\": 81,\n      \"recipeId\": 498,\n      \"expectedYield\": 7.400421570767763,\n      \"actualYield\": 5.441674757688643,\n      \"unit\": \"henry\",\n      \"wastagePercent\": 6.458571789317215,\n      \"notes\": \"Comminor sui aggero.\",\n      \"createdAt\": \"2025-04-15T17:36:32.665Z\",\n      \"updatedAt\": \"2025-04-15T17:36:32.665Z\"\n    }\n  ],\n  \"equipments\": [\n    {\n      \"id\": 84,\n      \"recipeId\": 498,\n      \"equipmentId\": 56,\n      \"notes\": \"Turbo vapulus sollers delego fuga ducimus.\",\n      \"recipeInstructionId\": null\n    }\n  ],\n  \"criticalPoints\": [\n    {\n      \"id\": 81,\n      \"recipeId\": 498,\n      \"stepNumber\": 9,\n      \"description\": \"Velut adsuesco sortitus aeternus.\",\n      \"threshold\": 19.78567333391714,\n      \"unit\": \"second\",\n      \"action\": \"Vae tutamen aveho cenaculum sortitus velum a cervus doloremque validus.\",\n      \"createdAt\": \"2025-04-15T17:36:32.637Z\",\n      \"updatedAt\": \"2025-04-15T17:36:32.637Z\"\n    }\n  ],\n  \"temperatures\": [\n    {\n      \"id\": 86,\n      \"recipeId\": 498,\n      \"stepNumber\": 5,\n      \"minTemp\": 77.24797166551855,\n      \"maxTemp\": 141.853679783221,\n      \"isCritical\": false,\n      \"holdTime\": 1,\n      \"description\": \"Tenuis statua adsidue tactus id omnis adstringo clarus solium aequitas.\",\n      \"createdAt\": \"2025-04-15T17:36:32.659Z\",\n      \"updatedAt\": \"2025-04-15T17:36:32.659Z\"\n    }\n  ],\n  \"storage\": {\n    \"id\": 82,\n    \"recipeId\": 498,\n    \"temperature\": -15.42235492988708,\n    \"method\": \"cogito\",\n    \"shelfLife\": 13,\n    \"containerType\": \"communis\",\n    \"specialNotes\": \"Vallum casus addo angustus.\",\n    \"createdAt\": \"2025-04-15T17:36:32.642Z\",\n    \"updatedAt\": \"2025-04-15T17:36:32.642Z\"\n  },\n  \"prepItems\": [\n    {\n      \"id\": 310,\n      \"prepBoardId\": 67,\n      \"recipeId\": 498,\n      \"quantity\": 9,\n      \"status\": \"PENDING\",\n      \"assignedToId\": 714\n    },\n    {\n      \"id\": 311,\n      \"prepBoardId\": 61,\n      \"recipeId\": 498,\n      \"quantity\": 13,\n      \"status\": \"PENDING\",\n      \"assignedToId\": 721\n    },\n    {\n      \"id\": 314,\n      \"prepBoardId\": 61,\n      \"recipeId\": 498,\n      \"quantity\": 13,\n      \"status\": \"CANCELLED\",\n      \"assignedToId\": 709\n    },\n    {\n      \"id\": 315,\n      \"prepBoardId\": 61,\n      \"recipeId\": 498,\n      \"quantity\": 18,\n      \"status\": \"PENDING\",\n      \"assignedToId\": 707\n    },\n    {\n      \"id\": 316,\n      \"prepBoardId\": 66,\n      \"recipeId\": 498,\n      \"quantity\": 18,\n      \"status\": \"COMPLETED\",\n      \"assignedToId\": 698\n    },\n    {\n      \"id\": 319,\n      \"prepBoardId\": 66,\n      \"recipeId\": 498,\n      \"quantity\": 10,\n      \"status\": \"COMPLETED\",\n      \"assignedToId\": 702\n    },\n    {\n      \"id\": 325,\n      \"prepBoardId\": 62,\n      \"recipeId\": 498,\n      \"quantity\": 7,\n      \"status\": \"CANCELLED\",\n      \"assignedToId\": 691\n    },\n    {\n      \"id\": 327,\n      \"prepBoardId\": 65,\n      \"recipeId\": 498,\n      \"quantity\": 7,\n      \"status\": \"CANCELLED\",\n      \"assignedToId\": 728\n    },\n    {\n      \"id\": 328,\n      \"prepBoardId\": 65,\n      \"recipeId\": 498,\n      \"quantity\": 8,\n      \"status\": \"PENDING\",\n      \"assignedToId\": 690\n    },\n    {\n      \"id\": 330,\n      \"prepBoardId\": 65,\n      \"recipeId\": 498,\n      \"quantity\": 4,\n      \"status\": \"COMPLETED\",\n      \"assignedToId\": 714\n    },\n    {\n      \"id\": 334,\n      \"prepBoardId\": 64,\n      \"recipeId\": 498,\n      \"quantity\": 19,\n      \"status\": \"MISSING_ITEM\",\n      \"assignedToId\": 688\n    }\n  ],\n  \"versions\": [\n    {\n      \"id\": 213,\n      \"recipeId\": 498,\n      \"versionNumber\": 1,\n      \"description\": \"Initial version\",\n      \"changes\": null,\n      \"isActive\": true,\n      \"createdById\": 719,\n      \"approvedById\": null,\n      \"approvedAt\": null,\n      \"createdAt\": \"2025-04-15T17:36:27.631Z\",\n      \"updatedAt\": \"2025-04-15T17:36:27.631Z\"\n    },\n    {\n      \"id\": 220,\n      \"recipeId\": 498,\n      \"versionNumber\": 2,\n      \"description\": \"Voluptatibus reprehenderit iusto sustineo civis.\",\n      \"changes\": \"Tergo rerum pax unde.\",\n      \"isActive\": false,\n      \"createdById\": 738,\n      \"approvedById\": null,\n      \"approvedAt\": null,\n      \"createdAt\": \"2025-04-15T17:36:32.718Z\",\n      \"updatedAt\": \"2025-04-15T17:36:32.718Z\"\n    }\n  ],\n  \"recipeStats\": null\n}",
  "service": "LoggingService",
  "timestamp": "2025-04-18T19:54:16.309Z"
}
{
  "context": "RecipeController",
  "level": "info",
  "message": "Returning recipe with ingredients: [object Object]",
  "service": "LoggingService",
  "timestamp": "2025-04-18T19:54:16.311Z"
}
{
  "context": "RecipeController",
  "level": "info",
  "message": "Returning recipe preparedRecipe: [object Object]",
  "service": "LoggingService",
  "timestamp": "2025-04-18T19:54:16.312Z"
}
{
  "context": "RecipeController",
  "level": "info",
  "message": "{\n  \"user_id\": \"745\",\n  \"session_token\": \"ir7kva23tfhoit3dt4zezv5jjsocg6wrizafatsc4r2omylnzi5q\"\n}",
  "service": "LoggingService",
  "timestamp": "2025-04-18T20:09:11.426Z"
}
{
  "context": "RecipeService",
  "level": "info",
  "message": "Fetching recipes with params: {\"skip\":0,\"take\":10}",
  "service": "LoggingService",
  "timestamp": "2025-04-18T20:09:11.427Z"
}
{
  "context": "RecipeController",
  "level": "info",
  "message": "Received request to get recipes",
  "service": "LoggingService",
  "timestamp": "2025-04-18T20:09:11.427Z"
}
{
  "context": "RecipeController",
  "level": "info",
  "message": "{\n  \"user_id\": \"745\",\n  \"session_token\": \"ir7kva23tfhoit3dt4zezv5jjsocg6wrizafatsc4r2omylnzi5q\"\n}",
  "service": "LoggingService",
  "timestamp": "2025-04-18T20:10:04.985Z"
}
{
  "context": "RecipeService",
  "level": "info",
  "message": "Fetching recipes with params: {\"skip\":0,\"take\":10}",
  "service": "LoggingService",
  "timestamp": "2025-04-18T20:10:04.986Z"
}
{
  "context": "RecipeController",
  "level": "info",
  "message": "Received request to get recipes",
  "service": "LoggingService",
  "timestamp": "2025-04-18T20:10:04.986Z"
}
{
  "context": "RecipeController",
  "level": "info",
  "message": "Received request to get recipe with ID 497",
  "service": "LoggingService",
  "timestamp": "2025-04-18T20:11:47.113Z"
}
{
  "context": "RecipeService",
  "level": "info",
  "message": "Fetching recipe with ID 497",
  "service": "LoggingService",
  "timestamp": "2025-04-18T20:11:47.113Z"
}
{
  "context": "RecipeService",
  "level": "info",
  "message": "Fetching recipe {\n  \"id\": 497,\n  \"name\": \"Spaghetti Carbonara at Bombay Bistro (1744738587489-c25fa10c-4968-4121-914b-6a977bd58132)\",\n  \"imageUrls\": [\n    \"https://images.unsplash.com/photo-1555507036-ab1f4038808a?random=dc4395d0-a747-4382-879f-1996b770485d\",\n    \"https://images.unsplash.com/photo-1572453800999-e8d2d1589b7c?random=4ec6f79b-a20f-4e55-9204-f2ec9a8b045d\",\n    \"https://images.unsplash.com/photo-1587314168485-3236d6710814?random=634b6daf-4c48-49fb-ba6c-ffc0c498054d\"\n  ],\n  \"description\": \"Our Spaghetti Carbonara is prepared using the finest ingredients and traditional techniques. \\n    This French classic brings authentic flavors to your table with a modern twist. \\n    Verecundia coniecto spiritus. Appono pectus usitas aggredior abscido. Uter modi suffoco cunae expedita corpus tersus varius.\",\n  \"servings\": 3,\n  \"cookTime\": 68,\n  \"prepTime\": 19,\n  \"frequency\": null,\n  \"restaurantId\": 133,\n  \"cookBookId\": 92,\n  \"foodCost\": null,\n  \"isDeleted\": false,\n  \"isPublished\": false,\n  \"publishedAt\": null,\n  \"language\": \"en\",\n  \"skillLevel\": \"INTERMEDIATE\",\n  \"category\": \"MAIN_COURSE\",\n  \"ingredients\": [\n    {\n      \"id\": 657,\n      \"recipeId\": 497,\n      \"ingredientId\": 755,\n      \"quantity\": 7.300697200755582,\n      \"unit\": \"ton\",\n      \"processingInstructions\": null,\n      \"substituteIngredients\": [],\n      \"isOptional\": false,\n      \"notes\": null,\n      \"cost\": null,\n      \"density\": null,\n      \"yield\": null,\n      \"joinAt\": \"2025-04-15T17:36:31.721Z\",\n      \"recipeVersionId\": null,\n      \"ingredient\": {\n        \"id\": 755,\n        \"name\": \"Bell Peppers\",\n        \"category\": \"Conventional Produce\",\n        \"price\": 159.77,\n        \"density\": null,\n        \"dietaryRestrictionId\": null,\n        \"calories\": 18,\n        \"protein\": 1.18,\n        \"carbohydrates\": 4.71,\n        \"fat\": 0,\n        \"fiber\": 1.2,\n        \"sugar\": 2.35,\n        \"sodium\": 0,\n        \"usdaFoodId\": \"2079108\",\n        \"nutritionSource\": \"USDA\",\n        \"nutritionUpdatedAt\": \"2025-04-16T02:54:06.476Z\"\n      }\n    },\n    {\n      \"id\": 660,\n      \"recipeId\": 497,\n      \"ingredientId\": 742,\n      \"quantity\": 3.79685554502678,\n      \"unit\": \"quart\",\n      \"processingInstructions\": null,\n      \"substituteIngredients\": [],\n      \"isOptional\": false,\n      \"notes\": null,\n      \"cost\": null,\n      \"density\": null,\n      \"yield\": null,\n      \"joinAt\": \"2025-04-15T17:36:31.721Z\",\n      \"recipeVersionId\": null,\n      \"ingredient\": {\n        \"id\": 742,\n        \"name\": \"Beef\",\n        \"category\": \"Value Meat\",\n        \"price\": 798.49,\n        \"density\": null,\n        \"dietaryRestrictionId\": null,\n        \"calories\": 129,\n        \"protein\": 20,\n        \"carbohydrates\": 0,\n        \"fat\": 5.88,\n        \"fiber\": 0,\n        \"sugar\": 0,\n        \"sodium\": 212,\n        \"usdaFoodId\": \"2056092\",\n        \"nutritionSource\": \"USDA\",\n        \"nutritionUpdatedAt\": \"2025-04-16T02:54:07.399Z\"\n      }\n    },\n    {\n      \"id\": 656,\n      \"recipeId\": 497,\n      \"ingredientId\": 744,\n      \"quantity\": 4.499591059196208,\n      \"unit\": \"kilogram\",\n      \"processingInstructions\": null,\n      \"substituteIngredients\": [],\n      \"isOptional\": false,\n      \"notes\": null,\n      \"cost\": null,\n      \"density\": null,\n      \"yield\": null,\n      \"joinAt\": \"2025-04-15T17:36:31.721Z\",\n      \"recipeVersionId\": null,\n      \"ingredient\": {\n        \"id\": 744,\n        \"name\": \"Bacon\",\n        \"category\": \"Local Meat\",\n        \"price\": 467.1,\n        \"density\": null,\n        \"dietaryRestrictionId\": null,\n        \"calories\": 500,\n        \"protein\": 7.14,\n        \"carbohydrates\": 0,\n        \"fat\": 50,\n        \"fiber\": 0,\n        \"sugar\": 0,\n        \"sodium\": 786,\n        \"usdaFoodId\": \"1799988\",\n        \"nutritionSource\": \"USDA\",\n        \"nutritionUpdatedAt\": \"2025-04-16T02:54:08.302Z\"\n      }\n    },\n    {\n      \"id\": 658,\n      \"recipeId\": 497,\n      \"ingredientId\": 779,\n      \"quantity\": 0.4490318246420966,\n      \"unit\": \"quart\",\n      \"processingInstructions\": null,\n      \"substituteIngredients\": [],\n      \"isOptional\": false,\n      \"notes\": null,\n      \"cost\": null,\n      \"density\": null,\n      \"yield\": null,\n      \"joinAt\": \"2025-04-15T17:36:31.721Z\",\n      \"recipeVersionId\": null,\n      \"ingredient\": {\n        \"id\": 779,\n        \"name\": \"Carrots\",\n        \"category\": \"Value Produce\",\n        \"price\": 964.75,\n        \"density\": null,\n        \"dietaryRestrictionId\": null,\n        \"calories\": 38,\n        \"protein\": 1.28,\n        \"carbohydrates\": 8.97,\n        \"fat\": 0,\n        \"fiber\": 2.6,\n        \"sugar\": 6.41,\n        \"sodium\": 77,\n        \"usdaFoodId\": \"2079038\",\n        \"nutritionSource\": \"USDA\",\n        \"nutritionUpdatedAt\": \"2025-04-16T02:47:35.311Z\"\n      }\n    },\n    {\n      \"id\": 659,\n      \"recipeId\": 497,\n      \"ingredientId\": 750,\n      \"quantity\": 6.427115149009991,\n      \"unit\": \"ton\",\n      \"processingInstructions\": null,\n      \"substituteIngredients\": [],\n      \"isOptional\": false,\n      \"notes\": null,\n      \"cost\": null,\n      \"density\": null,\n      \"yield\": null,\n      \"joinAt\": \"2025-04-15T17:36:31.721Z\",\n      \"recipeVersionId\": null,\n      \"ingredient\": {\n        \"id\": 750,\n        \"name\": \"Broccoli\",\n        \"category\": \"Imported Produce\",\n        \"price\": 59.65,\n        \"density\": null,\n        \"dietaryRestrictionId\": null,\n        \"calories\": 24,\n        \"protein\": 2.35,\n        \"carbohydrates\": 4.71,\n        \"fat\": 0,\n        \"fiber\": 3.5,\n        \"sugar\": 1.18,\n        \"sodium\": 24,\n        \"usdaFoodId\": \"2549992\",\n        \"nutritionSource\": \"USDA\",\n        \"nutritionUpdatedAt\": \"2025-04-16T02:54:09.624Z\"\n      }\n    }\n  ],\n  \"instructions\": [\n    {\n      \"id\": 659,\n      \"recipeId\": 497,\n      \"stepNumber\": 1,\n      \"instruction\": \"Prepare the ingredients: Whisk the rice.\",\n      \"imageUrl\": \"https://images.unsplash.com/photo-1605522561233-768ad7a8fabf?random=1df7514f-da9f-444e-9434-d82ddbe234dd\",\n      \"recipeVersionId\": null,\n      \"timeInMinutes\": null,\n      \"temperature\": null,\n      \"temperatureUnit\": \"C\",\n      \"isCritical\": false,\n      \"techniqueTips\": null,\n      \"warningNotes\": null\n    },\n    {\n      \"id\": 657,\n      \"recipeId\": 497,\n      \"stepNumber\": 2,\n      \"instruction\": \"Heat a pan over medium heat and add cheese.\",\n      \"imageUrl\": \"https://images.unsplash.com/photo-1516824680357-be81bc1d1129?random=0acb5da3-2406-4094-a366-c5ceb4566158\",\n      \"recipeVersionId\": null,\n      \"timeInMinutes\": null,\n      \"temperature\": null,\n      \"temperatureUnit\": \"C\",\n      \"isCritical\": false,\n      \"techniqueTips\": null,\n      \"warningNotes\": null\n    },\n    {\n      \"id\": 658,\n      \"recipeId\": 497,\n      \"stepNumber\": 3,\n      \"instruction\": \"Cook the potatoes for 6 minutes, stirring occasionally.\",\n      \"imageUrl\": \"https://images.unsplash.com/photo-1501959915551-4e8d30928317?random=10078f30-50f4-4036-9caa-3c91a6bc78e6\",\n      \"recipeVersionId\": null,\n      \"timeInMinutes\": null,\n      \"temperature\": null,\n      \"temperatureUnit\": \"C\",\n      \"isCritical\": false,\n      \"techniqueTips\": null,\n      \"warningNotes\": null\n    },\n    {\n      \"id\": 656,\n      \"recipeId\": 497,\n      \"stepNumber\": 4,\n      \"instruction\": \"Preheat the oven to 237째F (114째C).\",\n      \"imageUrl\": \"https://images.unsplash.com/photo-1487384090825-251241247c8b?random=b035bc98-2638-4ddd-89ac-3ec6c0e8b4e9\",\n      \"recipeVersionId\": null,\n      \"timeInMinutes\": null,\n      \"temperature\": null,\n      \"temperatureUnit\": \"C\",\n      \"isCritical\": false,\n      \"techniqueTips\": null,\n      \"warningNotes\": null\n    },\n    {\n      \"id\": 660,\n      \"recipeId\": 497,\n      \"stepNumber\": 5,\n      \"instruction\": \"Combine all the ingredients in a large bowl and Simmer thoroughly.\",\n      \"imageUrl\": \"https://images.unsplash.com/photo-1515516969-d4008cc6241a?random=66a531de-4415-433a-98aa-3023a95c7513\",\n      \"recipeVersionId\": null,\n      \"timeInMinutes\": null,\n      \"temperature\": null,\n      \"temperatureUnit\": \"C\",\n      \"isCritical\": false,\n      \"techniqueTips\": null,\n      \"warningNotes\": null\n    }\n  ],\n  \"menuItemRecipes\": [\n    {\n      \"id\": 778,\n      \"menuItemId\": 502,\n      \"recipeId\": 497,\n      \"joinAt\": \"2025-04-15T17:36:32.037Z\"\n    },\n    {\n      \"id\": 815,\n      \"menuItemId\": 517,\n      \"recipeId\": 497,\n      \"joinAt\": \"2025-04-15T17:36:32.089Z\"\n    },\n    {\n      \"id\": 825,\n      \"menuItemId\": 521,\n      \"recipeId\": 497,\n      \"joinAt\": \"2025-04-15T17:36:32.106Z\"\n    },\n    {\n      \"id\": 885,\n      \"menuItemId\": 556,\n      \"recipeId\": 497,\n      \"joinAt\": \"2025-04-15T17:36:32.171Z\"\n    },\n    {\n      \"id\": 914,\n      \"menuItemId\": 574,\n      \"recipeId\": 497,\n      \"joinAt\": \"2025-04-15T17:36:32.202Z\"\n    },\n    {\n      \"id\": 916,\n      \"menuItemId\": 571,\n      \"recipeId\": 497,\n      \"joinAt\": \"2025-04-15T17:36:32.202Z\"\n    },\n    {\n      \"id\": 930,\n      \"menuItemId\": 579,\n      \"recipeId\": 497,\n      \"joinAt\": \"2025-04-15T17:36:32.233Z\"\n    },\n    {\n      \"id\": 950,\n      \"menuItemId\": 593,\n      \"recipeId\": 497,\n      \"joinAt\": \"2025-04-15T17:36:32.257Z\"\n    },\n    {\n      \"id\": 1061,\n      \"menuItemId\": 648,\n      \"recipeId\": 497,\n      \"joinAt\": \"2025-04-15T17:36:32.410Z\"\n    },\n    {\n      \"id\": 1152,\n      \"menuItemId\": 692,\n      \"recipeId\": 497,\n      \"joinAt\": \"2025-04-15T17:36:32.526Z\"\n    },\n    {\n      \"id\": 1156,\n      \"menuItemId\": 693,\n      \"recipeId\": 497,\n      \"joinAt\": \"2025-04-15T17:36:32.527Z\"\n    },\n    {\n      \"id\": 1203,\n      \"menuItemId\": 718,\n      \"recipeId\": 497,\n      \"joinAt\": \"2025-04-15T17:36:32.577Z\"\n    },\n    {\n      \"id\": 1227,\n      \"menuItemId\": 733,\n      \"recipeId\": 497,\n      \"joinAt\": \"2025-04-15T17:36:32.605Z\"\n    },\n    {\n      \"id\": 1230,\n      \"menuItemId\": 728,\n      \"recipeId\": 497,\n      \"joinAt\": \"2025-04-15T17:36:32.605Z\"\n    },\n    {\n      \"id\": 1239,\n      \"menuItemId\": 738,\n      \"recipeId\": 497,\n      \"joinAt\": \"2025-04-15T17:36:32.622Z\"\n    },\n    {\n      \"id\": 1240,\n      \"menuItemId\": 736,\n      \"recipeId\": 497,\n      \"joinAt\": \"2025-04-15T17:36:32.622Z\"\n    },\n    {\n      \"id\": 746,\n      \"menuItemId\": 490,\n      \"recipeId\": 497,\n      \"joinAt\": \"2025-04-15T17:36:31.983Z\"\n    },\n    {\n      \"id\": 757,\n      \"menuItemId\": 482,\n      \"recipeId\": 497,\n      \"joinAt\": \"2025-04-15T17:36:31.983Z\"\n    },\n    {\n      \"id\": 763,\n      \"menuItemId\": 492,\n      \"recipeId\": 497,\n      \"joinAt\": \"2025-04-15T17:36:32.013Z\"\n    },\n    {\n      \"id\": 801,\n      \"menuItemId\": 514,\n      \"recipeId\": 497,\n      \"joinAt\": \"2025-04-15T17:36:32.069Z\"\n    },\n    {\n      \"id\": 802,\n      \"menuItemId\": 510,\n      \"recipeId\": 497,\n      \"joinAt\": \"2025-04-15T17:36:32.069Z\"\n    },\n    {\n      \"id\": 808,\n      \"menuItemId\": 515,\n      \"recipeId\": 497,\n      \"joinAt\": \"2025-04-15T17:36:32.088Z\"\n    },\n    {\n      \"id\": 826,\n      \"menuItemId\": 522,\n      \"recipeId\": 497,\n      \"joinAt\": \"2025-04-15T17:36:32.106Z\"\n    },\n    {\n      \"id\": 831,\n      \"menuItemId\": 524,\n      \"recipeId\": 497,\n      \"joinAt\": \"2025-04-15T17:36:32.106Z\"\n    },\n    {\n      \"id\": 838,\n      \"menuItemId\": 536,\n      \"recipeId\": 497,\n      \"joinAt\": \"2025-04-15T17:36:32.123Z\"\n    },\n    {\n      \"id\": 849,\n      \"menuItemId\": 532,\n      \"recipeId\": 497,\n      \"joinAt\": \"2025-04-15T17:36:32.124Z\"\n    },\n    {\n      \"id\": 850,\n      \"menuItemId\": 537,\n      \"recipeId\": 497,\n      \"joinAt\": \"2025-04-15T17:36:32.140Z\"\n    },\n    {\n      \"id\": 862,\n      \"menuItemId\": 544,\n      \"recipeId\": 497,\n      \"joinAt\": \"2025-04-15T17:36:32.154Z\"\n    },\n    {\n      \"id\": 879,\n      \"menuItemId\": 554,\n      \"recipeId\": 497,\n      \"joinAt\": \"2025-04-15T17:36:32.171Z\"\n    },\n    {\n      \"id\": 883,\n      \"menuItemId\": 550,\n      \"recipeId\": 497,\n      \"joinAt\": \"2025-04-15T17:36:32.171Z\"\n    },\n    {\n      \"id\": 902,\n      \"menuItemId\": 562,\n      \"recipeId\": 497,\n      \"joinAt\": \"2025-04-15T17:36:32.185Z\"\n    },\n    {\n      \"id\": 912,\n      \"menuItemId\": 575,\n      \"recipeId\": 497,\n      \"joinAt\": \"2025-04-15T17:36:32.202Z\"\n    },\n    {\n      \"id\": 918,\n      \"menuItemId\": 568,\n      \"recipeId\": 497,\n      \"joinAt\": \"2025-04-15T17:36:32.202Z\"\n    },\n    {\n      \"id\": 928,\n      \"menuItemId\": 585,\n      \"recipeId\": 497,\n      \"joinAt\": \"2025-04-15T17:36:32.233Z\"\n    },\n    {\n      \"id\": 935,\n      \"menuItemId\": 584,\n      \"recipeId\": 497,\n      \"joinAt\": \"2025-04-15T17:36:32.233Z\"\n    },\n    {\n      \"id\": 940,\n      \"menuItemId\": 583,\n      \"recipeId\": 497,\n      \"joinAt\": \"2025-04-15T17:36:32.233Z\"\n    },\n    {\n      \"id\": 988,\n      \"menuItemId\": 612,\n      \"recipeId\": 497,\n      \"joinAt\": \"2025-04-15T17:36:32.342Z\"\n    },\n    {\n      \"id\": 1073,\n      \"menuItemId\": 655,\n      \"recipeId\": 497,\n      \"joinAt\": \"2025-04-15T17:36:32.426Z\"\n    },\n    {\n      \"id\": 1187,\n      \"menuItemId\": 714,\n      \"recipeId\": 497,\n      \"joinAt\": \"2025-04-15T17:36:32.561Z\"\n    },\n    {\n      \"id\": 1008,\n      \"menuItemId\": 622,\n      \"recipeId\": 497,\n      \"joinAt\": \"2025-04-15T17:36:32.357Z\"\n    },\n    {\n      \"id\": 1163,\n      \"menuItemId\": 691,\n      \"recipeId\": 497,\n      \"joinAt\": \"2025-04-15T17:36:32.527Z\"\n    },\n    {\n      \"id\": 1038,\n      \"menuItemId\": 636,\n      \"recipeId\": 497,\n      \"joinAt\": \"2025-04-15T17:36:32.390Z\"\n    },\n    {\n      \"id\": 1060,\n      \"menuItemId\": 640,\n      \"recipeId\": 497,\n      \"joinAt\": \"2025-04-15T17:36:32.409Z\"\n    },\n    {\n      \"id\": 1068,\n      \"menuItemId\": 653,\n      \"recipeId\": 497,\n      \"joinAt\": \"2025-04-15T17:36:32.427Z\"\n    },\n    {\n      \"id\": 1172,\n      \"menuItemId\": 707,\n      \"recipeId\": 497,\n      \"joinAt\": \"2025-04-15T17:36:32.545Z\"\n    },\n    {\n      \"id\": 1001,\n      \"menuItemId\": 613,\n      \"recipeId\": 497,\n      \"joinAt\": \"2025-04-15T17:36:32.342Z\"\n    },\n    {\n      \"id\": 1006,\n      \"menuItemId\": 623,\n      \"recipeId\": 497,\n      \"joinAt\": \"2025-04-15T17:36:32.357Z\"\n    },\n    {\n      \"id\": 1026,\n      \"menuItemId\": 629,\n      \"recipeId\": 497,\n      \"joinAt\": \"2025-04-15T17:36:32.373Z\"\n    },\n    {\n      \"id\": 1057,\n      \"menuItemId\": 643,\n      \"recipeId\": 497,\n      \"joinAt\": \"2025-04-15T17:36:32.409Z\"\n    },\n    {\n      \"id\": 1154,\n      \"menuItemId\": 695,\n      \"recipeId\": 497,\n      \"joinAt\": \"2025-04-15T17:36:32.527Z\"\n    },\n    {\n      \"id\": 1168,\n      \"menuItemId\": 705,\n      \"recipeId\": 497,\n      \"joinAt\": \"2025-04-15T17:36:32.545Z\"\n    },\n    {\n      \"id\": 1189,\n      \"menuItemId\": 711,\n      \"recipeId\": 497,\n      \"joinAt\": \"2025-04-15T17:36:32.561Z\"\n    },\n    {\n      \"id\": 963,\n      \"menuItemId\": 595,\n      \"recipeId\": 497,\n      \"joinAt\": \"2025-04-15T17:36:32.286Z\"\n    },\n    {\n      \"id\": 974,\n      \"menuItemId\": 608,\n      \"recipeId\": 497,\n      \"joinAt\": \"2025-04-15T17:36:32.314Z\"\n    },\n    {\n      \"id\": 1096,\n      \"menuItemId\": 664,\n      \"recipeId\": 497,\n      \"joinAt\": \"2025-04-15T17:36:32.454Z\"\n    },\n    {\n      \"id\": 1106,\n      \"menuItemId\": 673,\n      \"recipeId\": 497,\n      \"joinAt\": \"2025-04-15T17:36:32.471Z\"\n    },\n    {\n      \"id\": 1135,\n      \"menuItemId\": 678,\n      \"recipeId\": 497,\n      \"joinAt\": \"2025-04-15T17:36:32.489Z\"\n    },\n    {\n      \"id\": 1138,\n      \"menuItemId\": 686,\n      \"recipeId\": 497,\n      \"joinAt\": \"2025-04-15T17:36:32.510Z\"\n    },\n    {\n      \"id\": 1159,\n      \"menuItemId\": 697,\n      \"recipeId\": 497,\n      \"joinAt\": \"2025-04-15T17:36:32.527Z\"\n    },\n    {\n      \"id\": 1185,\n      \"menuItemId\": 715,\n      \"recipeId\": 497,\n      \"joinAt\": \"2025-04-15T17:36:32.561Z\"\n    },\n    {\n      \"id\": 993,\n      \"menuItemId\": 617,\n      \"recipeId\": 497,\n      \"joinAt\": \"2025-04-15T17:36:32.343Z\"\n    },\n    {\n      \"id\": 1044,\n      \"menuItemId\": 634,\n      \"recipeId\": 497,\n      \"joinAt\": \"2025-04-15T17:36:32.391Z\"\n    },\n    {\n      \"id\": 1116,\n      \"menuItemId\": 676,\n      \"recipeId\": 497,\n      \"joinAt\": \"2025-04-15T17:36:32.488Z\"\n    },\n    {\n      \"id\": 1145,\n      \"menuItemId\": 687,\n      \"recipeId\": 497,\n      \"joinAt\": \"2025-04-15T17:36:32.510Z\"\n    },\n    {\n      \"id\": 1200,\n      \"menuItemId\": 725,\n      \"recipeId\": 497,\n      \"joinAt\": \"2025-04-15T17:36:32.578Z\"\n    },\n    {\n      \"id\": 980,\n      \"menuItemId\": 604,\n      \"recipeId\": 497,\n      \"joinAt\": \"2025-04-15T17:36:32.314Z\"\n    },\n    {\n      \"id\": 1015,\n      \"menuItemId\": 628,\n      \"recipeId\": 497,\n      \"joinAt\": \"2025-04-15T17:36:32.373Z\"\n    },\n    {\n      \"id\": 1118,\n      \"menuItemId\": 674,\n      \"recipeId\": 497,\n      \"joinAt\": \"2025-04-15T17:36:32.488Z\"\n    },\n    {\n      \"id\": 1123,\n      \"menuItemId\": 675,\n      \"recipeId\": 497,\n      \"joinAt\": \"2025-04-15T17:36:32.489Z\"\n    },\n    {\n      \"id\": 1143,\n      \"menuItemId\": 690,\n      \"recipeId\": 497,\n      \"joinAt\": \"2025-04-15T17:36:32.510Z\"\n    },\n    {\n      \"id\": 1149,\n      \"menuItemId\": 689,\n      \"recipeId\": 497,\n      \"joinAt\": \"2025-04-15T17:36:32.510Z\"\n    },\n    {\n      \"id\": 1180,\n      \"menuItemId\": 703,\n      \"recipeId\": 497,\n      \"joinAt\": \"2025-04-15T17:36:32.545Z\"\n    },\n    {\n      \"id\": 1184,\n      \"menuItemId\": 713,\n      \"recipeId\": 497,\n      \"joinAt\": \"2025-04-15T17:36:32.561Z\"\n    },\n    {\n      \"id\": 948,\n      \"menuItemId\": 587,\n      \"recipeId\": 497,\n      \"joinAt\": \"2025-04-15T17:36:32.257Z\"\n    },\n    {\n      \"id\": 968,\n      \"menuItemId\": 599,\n      \"recipeId\": 497,\n      \"joinAt\": \"2025-04-15T17:36:32.286Z\"\n    },\n    {\n      \"id\": 992,\n      \"menuItemId\": 618,\n      \"recipeId\": 497,\n      \"joinAt\": \"2025-04-15T17:36:32.343Z\"\n    },\n    {\n      \"id\": 984,\n      \"menuItemId\": 609,\n      \"recipeId\": 497,\n      \"joinAt\": \"2025-04-15T17:36:32.315Z\"\n    },\n    {\n      \"id\": 995,\n      \"menuItemId\": 616,\n      \"recipeId\": 497,\n      \"joinAt\": \"2025-04-15T17:36:32.343Z\"\n    },\n    {\n      \"id\": 1103,\n      \"menuItemId\": 669,\n      \"recipeId\": 497,\n      \"joinAt\": \"2025-04-15T17:36:32.471Z\"\n    },\n    {\n      \"id\": 1105,\n      \"menuItemId\": 672,\n      \"recipeId\": 497,\n      \"joinAt\": \"2025-04-15T17:36:32.471Z\"\n    },\n    {\n      \"id\": 1134,\n      \"menuItemId\": 682,\n      \"recipeId\": 497,\n      \"joinAt\": \"2025-04-15T17:36:32.489Z\"\n    },\n    {\n      \"id\": 1139,\n      \"menuItemId\": 688,\n      \"recipeId\": 497,\n      \"joinAt\": \"2025-04-15T17:36:32.509Z\"\n    }\n  ],\n  \"foodCostHistory\": [],\n  \"prepHistory\": [],\n  \"prepBoards\": [],\n  \"nutritionalInfo\": {\n    \"id\": 88,\n    \"recipeId\": 497,\n    \"servingSize\": 0.1129374908803141,\n    \"servingUnit\": \"kelvin\",\n    \"calories\": 295759.4977594354,\n    \"protein\": 24418.93885555354,\n    \"carbohydrates\": 66249.78265720472,\n    \"fat\": 277.9474850452549,\n    \"fiber\": 32024.37764334885,\n    \"sugar\": 25351.14205716854,\n    \"sodium\": 162929.4171602543,\n    \"containsGluten\": false,\n    \"containsDairy\": false,\n    \"containsNuts\": false,\n    \"containsEggs\": false,\n    \"containsSoy\": false,\n    \"containsFish\": false,\n    \"containsShellfish\": false,\n    \"containsSesame\": false\n  },\n  \"tags\": [\n    {\n      \"id\": 755,\n      \"name\": \"Pasta\",\n      \"description\": \"Recipes tagged as Pasta\",\n      \"createdAt\": \"2025-04-15T17:36:27.497Z\",\n      \"updatedAt\": \"2025-04-15T17:36:27.497Z\"\n    },\n    {\n      \"id\": 756,\n      \"name\": \"Quick\",\n      \"description\": \"Recipes tagged as Quick\",\n      \"createdAt\": \"2025-04-15T17:36:27.497Z\",\n      \"updatedAt\": \"2025-04-15T17:36:27.497Z\"\n    },\n    {\n      \"id\": 757,\n      \"name\": \"Traditional\",\n      \"description\": \"Recipes tagged as Traditional\",\n      \"createdAt\": \"2025-04-15T17:36:27.497Z\",\n      \"updatedAt\": \"2025-04-15T17:36:27.497Z\"\n    }\n  ],\n  \"dietaryRestrictions\": [],\n  \"laborCosts\": [\n    {\n      \"id\": 82,\n      \"recipeId\": 497,\n      \"prepTime\": 74,\n      \"cookTime\": 80,\n      \"laborRate\": 37.91196840688106,\n      \"totalLaborCost\": 33.93735277627501,\n      \"createdAt\": \"2025-04-15T17:36:32.670Z\",\n      \"updatedAt\": \"2025-04-15T17:36:32.670Z\"\n    }\n  ],\n  \"yields\": [\n    {\n      \"id\": 83,\n      \"recipeId\": 497,\n      \"expectedYield\": 8.854455612616306,\n      \"actualYield\": 3.386410653449418,\n      \"unit\": \"kelvin\",\n      \"wastagePercent\": 4.070399723030478,\n      \"notes\": \"Utilis soleo verumtamen sodalitas avaritia balbus uterque eum victoria amoveo.\",\n      \"createdAt\": \"2025-04-15T17:36:32.665Z\",\n      \"updatedAt\": \"2025-04-15T17:36:32.665Z\"\n    }\n  ],\n  \"equipments\": [\n    {\n      \"id\": 81,\n      \"recipeId\": 497,\n      \"equipmentId\": 54,\n      \"notes\": \"Curso cresco aiunt dolorum vesco abundans.\",\n      \"recipeInstructionId\": null\n    }\n  ],\n  \"criticalPoints\": [\n    {\n      \"id\": 82,\n      \"recipeId\": 497,\n      \"stepNumber\": 1,\n      \"description\": \"Amplexus stillicidium terminatio.\",\n      \"threshold\": 30.00187247944995,\n      \"unit\": \"tesla\",\n      \"action\": \"Sunt bardus casso thymum timor suasoria solus.\",\n      \"createdAt\": \"2025-04-15T17:36:32.637Z\",\n      \"updatedAt\": \"2025-04-15T17:36:32.637Z\"\n    }\n  ],\n  \"temperatures\": [\n    {\n      \"id\": 82,\n      \"recipeId\": 497,\n      \"stepNumber\": 9,\n      \"minTemp\": 4.521877077579362,\n      \"maxTemp\": 107.9632197608381,\n      \"isCritical\": false,\n      \"holdTime\": 8,\n      \"description\": \"Debitis paulatim vereor victus uberrime cupiditas crudelis.\",\n      \"createdAt\": \"2025-04-15T17:36:32.659Z\",\n      \"updatedAt\": \"2025-04-15T17:36:32.659Z\"\n    }\n  ],\n  \"storage\": {\n    \"id\": 83,\n    \"recipeId\": 497,\n    \"temperature\": 18.33257424800361,\n    \"method\": \"delibero\",\n    \"shelfLife\": 56,\n    \"containerType\": \"agnitio\",\n    \"specialNotes\": \"Apparatus veniam constans corroboro.\",\n    \"createdAt\": \"2025-04-15T17:36:32.642Z\",\n    \"updatedAt\": \"2025-04-15T17:36:32.642Z\"\n  },\n  \"prepItems\": [\n    {\n      \"id\": 297,\n      \"prepBoardId\": 60,\n      \"recipeId\": 497,\n      \"quantity\": 9,\n      \"status\": \"CANCELLED\",\n      \"assignedToId\": 690\n    },\n    {\n      \"id\": 308,\n      \"prepBoardId\": 67,\n      \"recipeId\": 497,\n      \"quantity\": 10,\n      \"status\": \"CANCELLED\",\n      \"assignedToId\": 717\n    },\n    {\n      \"id\": 309,\n      \"prepBoardId\": 67,\n      \"recipeId\": 497,\n      \"quantity\": 15,\n      \"status\": \"POSTPONE\",\n      \"assignedToId\": 726\n    },\n    {\n      \"id\": 312,\n      \"prepBoardId\": 61,\n      \"recipeId\": 497,\n      \"quantity\": 8,\n      \"status\": \"PENDING\",\n      \"assignedToId\": 739\n    },\n    {\n      \"id\": 318,\n      \"prepBoardId\": 66,\n      \"recipeId\": 497,\n      \"quantity\": 16,\n      \"status\": \"ON_PROGRESS\",\n      \"assignedToId\": 734\n    },\n    {\n      \"id\": 335,\n      \"prepBoardId\": 64,\n      \"recipeId\": 497,\n      \"quantity\": 2,\n      \"status\": \"MISSING_ITEM\",\n      \"assignedToId\": 692\n    }\n  ],\n  \"versions\": [\n    {\n      \"id\": 212,\n      \"recipeId\": 497,\n      \"versionNumber\": 1,\n      \"description\": \"Initial version\",\n      \"changes\": null,\n      \"isActive\": true,\n      \"createdById\": 711,\n      \"approvedById\": null,\n      \"approvedAt\": null,\n      \"createdAt\": \"2025-04-15T17:36:27.507Z\",\n      \"updatedAt\": \"2025-04-15T17:36:27.507Z\"\n    },\n    {\n      \"id\": 219,\n      \"recipeId\": 497,\n      \"versionNumber\": 2,\n      \"description\": \"Pauper cauda sulum desino convoco copiose enim debeo.\",\n      \"changes\": \"Provident repellat averto admitto verbera conqueror tego.\",\n      \"isActive\": false,\n      \"createdById\": 730,\n      \"approvedById\": null,\n      \"approvedAt\": null,\n      \"createdAt\": \"2025-04-15T17:36:32.718Z\",\n      \"updatedAt\": \"2025-04-15T17:36:32.718Z\"\n    }\n  ],\n  \"recipeStats\": null\n}",
  "service": "LoggingService",
  "timestamp": "2025-04-18T20:11:47.166Z"
}
{
  "context": "RecipeController",
  "level": "info",
  "message": "Returning recipe with ingredients: [object Object]",
  "service": "LoggingService",
  "timestamp": "2025-04-18T20:11:47.168Z"
}
{
  "context": "RecipeController",
  "level": "info",
  "message": "Returning recipe preparedRecipe: [object Object]",
  "service": "LoggingService",
  "timestamp": "2025-04-18T20:11:47.169Z"
}
{
  "context": "RecipeController",
  "level": "info",
  "message": "{\n  \"user_id\": \"745\",\n  \"session_token\": \"ir7kva23tfhoit3dt4zezv5jjsocg6wrizafatsc4r2omylnzi5q\"\n}",
  "service": "LoggingService",
  "timestamp": "2025-04-18T20:12:39.200Z"
}
{
  "context": "RecipeService",
  "level": "info",
  "message": "Fetching recipes with params: {\"skip\":0,\"take\":10}",
  "service": "LoggingService",
  "timestamp": "2025-04-18T20:12:39.201Z"
}
{
  "context": "RecipeController",
  "level": "info",
  "message": "Received request to get recipes",
  "service": "LoggingService",
  "timestamp": "2025-04-18T20:12:39.201Z"
}
