{
  "context": "RecipeController",
  "level": "info",
  "message": "Received request to get recipes",
  "service": "LoggingService",
  "timestamp": "2025-02-27T17:49:59.511Z"
}
{
  "context": "RecipeService",
  "level": "info",
  "message": "Fetching recipes with params: {\"skip\":0,\"take\":10}",
  "service": "LoggingService",
  "timestamp": "2025-02-27T17:49:59.517Z"
}
{
  "context": "RecipeController",
  "level": "info",
  "message": "Received request to get recipes",
  "service": "LoggingService",
  "timestamp": "2025-02-27T17:50:08.168Z"
}
{
  "context": "RecipeService",
  "level": "info",
  "message": "Fetching recipes with params: {\"skip\":0,\"take\":10}",
  "service": "LoggingService",
  "timestamp": "2025-02-27T17:50:08.168Z"
}
{
  "context": "RecipeController",
  "level": "info",
  "message": "Received request to get recipe with ID 187",
  "service": "LoggingService",
  "timestamp": "2025-02-27T17:50:16.831Z"
}
{
  "context": "RecipeService",
  "level": "info",
  "message": "Fetching recipe with ID 187",
  "service": "LoggingService",
  "timestamp": "2025-02-27T17:50:16.832Z"
}
{
  "context": "RecipeController",
  "level": "info",
  "message": "Received request to get recipes",
  "service": "LoggingService",
  "timestamp": "2025-02-27T18:21:01.379Z"
}
{
  "context": "RecipeService",
  "level": "info",
  "message": "Fetching recipes with params: {\"skip\":0,\"take\":10}",
  "service": "LoggingService",
  "timestamp": "2025-02-27T18:21:01.381Z"
}
{
  "context": "RecipeController",
  "level": "info",
  "message": "Received request to get recipes",
  "service": "LoggingService",
  "timestamp": "2025-02-27T18:21:11.467Z"
}
{
  "context": "RecipeService",
  "level": "info",
  "message": "Fetching recipes with params: {\"skip\":0,\"take\":10}",
  "service": "LoggingService",
  "timestamp": "2025-02-27T18:21:11.468Z"
}
{
  "context": "RecipeController",
  "level": "info",
  "message": "Received request to get recipe with ID 187",
  "service": "LoggingService",
  "timestamp": "2025-02-27T18:21:33.855Z"
}
{
  "context": "RecipeService",
  "level": "info",
  "message": "Fetching recipe with ID 187",
  "service": "LoggingService",
  "timestamp": "2025-02-27T18:21:33.856Z"
}
{
  "context": "RecipeController",
  "level": "info",
  "message": "Received request to get recipes",
  "service": "LoggingService",
  "timestamp": "2025-02-27T18:22:38.360Z"
}
{
  "context": "RecipeService",
  "level": "info",
  "message": "Fetching recipes with params: {\"skip\":0,\"take\":10}",
  "service": "LoggingService",
  "timestamp": "2025-02-27T18:22:38.360Z"
}
{
  "context": "RecipeController",
  "level": "info",
  "message": "Received request to get recipes",
  "service": "LoggingService",
  "timestamp": "2025-02-27T18:24:43.830Z"
}
{
  "context": "RecipeService",
  "level": "info",
  "message": "Fetching recipes with params: {\"skip\":10,\"take\":10}",
  "service": "LoggingService",
  "timestamp": "2025-02-27T18:24:43.830Z"
}
{
  "context": "RecipeController",
  "level": "info",
  "message": "Received request to get recipe with ID 195",
  "service": "LoggingService",
  "timestamp": "2025-02-27T18:24:47.435Z"
}
{
  "context": "RecipeService",
  "level": "info",
  "message": "Fetching recipe with ID 195",
  "service": "LoggingService",
  "timestamp": "2025-02-27T18:24:47.436Z"
}
{
  "context": "RecipeController",
  "level": "info",
  "message": "Received request to get recipes",
  "service": "LoggingService",
  "timestamp": "2025-02-27T18:25:17.789Z"
}
{
  "context": "RecipeService",
  "level": "info",
  "message": "Fetching recipes with params: {\"skip\":0,\"take\":10}",
  "service": "LoggingService",
  "timestamp": "2025-02-27T18:25:17.790Z"
}
{
  "context": "RecipeController",
  "level": "info",
  "message": "Received request to get recipes",
  "service": "LoggingService",
  "timestamp": "2025-02-27T18:25:17.805Z"
}
{
  "context": "RecipeService",
  "level": "info",
  "message": "Fetching recipes with params: {\"skip\":0,\"take\":10}",
  "service": "LoggingService",
  "timestamp": "2025-02-27T18:25:17.806Z"
}
{
  "context": "RecipeController",
  "level": "info",
  "message": "Received request to get recipes",
  "service": "LoggingService",
  "timestamp": "2025-02-27T18:25:21.019Z"
}
{
  "context": "RecipeService",
  "level": "info",
  "message": "Fetching recipes with params: {\"skip\":30,\"take\":10}",
  "service": "LoggingService",
  "timestamp": "2025-02-27T18:25:21.019Z"
}
{
  "context": "RecipeController",
  "level": "info",
  "message": "Received request to get recipe with ID 213",
  "service": "LoggingService",
  "timestamp": "2025-02-27T18:25:23.406Z"
}
{
  "context": "RecipeService",
  "level": "info",
  "message": "Fetching recipe with ID 213",
  "service": "LoggingService",
  "timestamp": "2025-02-27T18:25:23.407Z"
}
{
  "context": "RecipeController",
  "level": "info",
  "message": "Received request to get recipes",
  "service": "LoggingService",
  "timestamp": "2025-02-27T18:25:25.879Z"
}
{
  "context": "RecipeService",
  "level": "info",
  "message": "Fetching recipes with params: {\"skip\":0,\"take\":10}",
  "service": "LoggingService",
  "timestamp": "2025-02-27T18:25:25.879Z"
}
{
  "context": "RecipeController",
  "level": "info",
  "message": "Received request to get recipes",
  "service": "LoggingService",
  "timestamp": "2025-02-27T18:25:44.700Z"
}
{
  "context": "RecipeService",
  "level": "info",
  "message": "Fetching recipes with params: {\"skip\":0,\"take\":10,\"searchTerm\":\"d\"}",
  "service": "LoggingService",
  "timestamp": "2025-02-27T18:25:44.700Z"
}
{
  "context": "RecipeController",
  "level": "info",
  "message": "Received request to get recipes",
  "service": "LoggingService",
  "timestamp": "2025-02-27T18:25:48.051Z"
}
{
  "context": "RecipeService",
  "level": "info",
  "message": "Fetching recipes with params: {\"skip\":0,\"take\":10}",
  "service": "LoggingService",
  "timestamp": "2025-02-27T18:25:48.051Z"
}
{
  "context": "RecipeController",
  "level": "info",
  "message": "Received request to get recipes",
  "service": "LoggingService",
  "timestamp": "2025-02-27T18:27:05.494Z"
}
{
  "context": "RecipeService",
  "level": "info",
  "message": "Fetching recipes with params: {\"skip\":10,\"take\":10}",
  "service": "LoggingService",
  "timestamp": "2025-02-27T18:27:05.495Z"
}
{
  "context": "RecipeController",
  "level": "info",
  "message": "Received request to get recipes",
  "service": "LoggingService",
  "timestamp": "2025-02-27T18:27:07.881Z"
}
{
  "context": "RecipeService",
  "level": "info",
  "message": "Fetching recipes with params: {\"skip\":20,\"take\":10}",
  "service": "LoggingService",
  "timestamp": "2025-02-27T18:27:07.882Z"
}
{
  "context": "RecipeController",
  "level": "info",
  "message": "Received request to get recipe with ID 207",
  "service": "LoggingService",
  "timestamp": "2025-02-27T18:27:12.575Z"
}
{
  "context": "RecipeService",
  "level": "info",
  "message": "Fetching recipe with ID 207",
  "service": "LoggingService",
  "timestamp": "2025-02-27T18:27:12.575Z"
}
{
  "context": "RecipeController",
  "level": "info",
  "message": "Received request to get recipes",
  "service": "LoggingService",
  "timestamp": "2025-02-27T19:00:01.641Z"
}
{
  "context": "RecipeService",
  "level": "info",
  "message": "Fetching recipes with params: {\"skip\":0,\"take\":10}",
  "service": "LoggingService",
  "timestamp": "2025-02-27T19:00:01.642Z"
}
{
  "context": "RecipeController",
  "level": "info",
  "message": "Received request to get recipe with ID 183",
  "service": "LoggingService",
  "timestamp": "2025-02-27T19:00:06.722Z"
}
{
  "context": "RecipeService",
  "level": "info",
  "message": "Fetching recipe with ID 183",
  "service": "LoggingService",
  "timestamp": "2025-02-27T19:00:06.723Z"
}
{
  "context": "RecipeController",
  "level": "info",
  "message": "Received request to get recipe with ID 188",
  "service": "LoggingService",
  "timestamp": "2025-02-27T19:00:16.200Z"
}
{
  "context": "RecipeService",
  "level": "info",
  "message": "Fetching recipe with ID 188",
  "service": "LoggingService",
  "timestamp": "2025-02-27T19:00:16.201Z"
}
{
  "context": "RecipeController",
  "level": "info",
  "message": "Received request to get recipe with ID 188",
  "service": "LoggingService",
  "timestamp": "2025-02-27T19:00:21.435Z"
}
{
  "context": "RecipeService",
  "level": "info",
  "message": "Fetching recipe with ID 188",
  "service": "LoggingService",
  "timestamp": "2025-02-27T19:00:21.436Z"
}
{
  "context": "RecipeController",
  "level": "info",
  "message": "Received request to get recipe with ID 188",
  "service": "LoggingService",
  "timestamp": "2025-02-27T19:00:28.431Z"
}
{
  "context": "RecipeService",
  "level": "info",
  "message": "Fetching recipe with ID 188",
  "service": "LoggingService",
  "timestamp": "2025-02-27T19:00:28.431Z"
}
{
  "context": "RecipeController",
  "level": "info",
  "message": "Received request to get recipe with ID 188",
  "service": "LoggingService",
  "timestamp": "2025-02-27T19:10:01.881Z"
}
{
  "context": "RecipeService",
  "level": "info",
  "message": "Fetching recipe with ID 188",
  "service": "LoggingService",
  "timestamp": "2025-02-27T19:10:01.886Z"
}
{
  "context": "RecipeController",
  "level": "info",
  "message": "Received request to get recipe with ID 188",
  "service": "LoggingService",
  "timestamp": "2025-02-27T19:10:08.155Z"
}
{
  "context": "RecipeService",
  "level": "info",
  "message": "Fetching recipe with ID 188",
  "service": "LoggingService",
  "timestamp": "2025-02-27T19:10:08.155Z"
}
{
  "context": "RecipeController",
  "level": "info",
  "message": "Received request to get recipes",
  "service": "LoggingService",
  "timestamp": "2025-02-27T19:10:56.671Z"
}
{
  "context": "RecipeService",
  "level": "info",
  "message": "Fetching recipes with params: {\"skip\":0,\"take\":10}",
  "service": "LoggingService",
  "timestamp": "2025-02-27T19:10:56.672Z"
}
{
  "context": "RecipeController",
  "level": "info",
  "message": "Received request to get recipe with ID 191",
  "service": "LoggingService",
  "timestamp": "2025-02-27T19:11:01.567Z"
}
{
  "context": "RecipeService",
  "level": "info",
  "message": "Fetching recipe with ID 191",
  "service": "LoggingService",
  "timestamp": "2025-02-27T19:11:01.567Z"
}
