{
  "context": "RecipeController",
  "level": "info",
  "message": "Received request to get recipes",
  "service": "LoggingService",
  "timestamp": "2025-03-07T22:48:57.287Z"
}
{
  "context": "RecipeService",
  "level": "info",
  "message": "Fetching recipes with params: {\"skip\":0,\"take\":10}",
  "service": "LoggingService",
  "timestamp": "2025-03-07T22:48:57.289Z"
}
{
  "context": "RecipeController",
  "level": "info",
  "message": "Received request to get recipes",
  "service": "LoggingService",
  "timestamp": "2025-03-07T22:49:02.267Z"
}
{
  "context": "RecipeService",
  "level": "info",
  "message": "Fetching recipes with params: {\"skip\":0,\"take\":10}",
  "service": "LoggingService",
  "timestamp": "2025-03-07T22:49:02.268Z"
}
{
  "context": "RecipeController",
  "level": "info",
  "message": "Received request to get recipes",
  "service": "LoggingService",
  "timestamp": "2025-03-07T22:49:25.622Z"
}
{
  "context": "RecipeService",
  "level": "info",
  "message": "Fetching recipes with params: {\"skip\":0,\"take\":10}",
  "service": "LoggingService",
  "timestamp": "2025-03-07T22:49:25.623Z"
}
{
  "context": "RecipeController",
  "level": "info",
  "message": "Received request to get recipe with ID 410",
  "service": "LoggingService",
  "timestamp": "2025-03-07T23:38:23.082Z"
}
{
  "context": "RecipeService",
  "level": "info",
  "message": "Fetching recipe with ID 410",
  "service": "LoggingService",
  "timestamp": "2025-03-07T23:38:23.085Z"
}
{
  "context": "RecipeController",
  "level": "info",
  "message": "Received request to get recipe with ID 410",
  "service": "LoggingService",
  "timestamp": "2025-03-07T23:38:32.131Z"
}
{
  "context": "RecipeService",
  "level": "info",
  "message": "Fetching recipe with ID 410",
  "service": "LoggingService",
  "timestamp": "2025-03-07T23:38:32.132Z"
}
{
  "context": "RecipeController",
  "level": "info",
  "message": "Received request to get recipes",
  "service": "LoggingService",
  "timestamp": "2025-03-07T23:38:37.949Z"
}
{
  "context": "RecipeService",
  "level": "info",
  "message": "Fetching recipes with params: {\"skip\":0,\"take\":10}",
  "service": "LoggingService",
  "timestamp": "2025-03-07T23:38:37.950Z"
}
{
  "context": "RecipeController",
  "level": "info",
  "message": "Received request to get recipe with ID 410",
  "service": "LoggingService",
  "timestamp": "2025-03-07T23:39:03.339Z"
}
{
  "context": "RecipeService",
  "level": "info",
  "message": "Fetching recipe with ID 410",
  "service": "LoggingService",
  "timestamp": "2025-03-07T23:39:03.339Z"
}
{
  "context": "RecipeController",
  "level": "info",
  "message": "Received request to get recipe with ID 410",
  "service": "LoggingService",
  "timestamp": "2025-03-07T23:39:09.693Z"
}
{
  "context": "RecipeService",
  "level": "info",
  "message": "Fetching recipe with ID 410",
  "service": "LoggingService",
  "timestamp": "2025-03-07T23:39:09.694Z"
}
{
  "context": "RecipeController",
  "level": "info",
  "message": "Received request to get recipes",
  "service": "LoggingService",
  "timestamp": "2025-03-07T23:40:36.910Z"
}
{
  "context": "RecipeService",
  "level": "info",
  "message": "Fetching recipes with params: {\"skip\":0,\"take\":10}",
  "service": "LoggingService",
  "timestamp": "2025-03-07T23:40:36.910Z"
}
{
  "context": "RecipeController",
  "level": "info",
  "message": "Received request to get recipes",
  "service": "LoggingService",
  "timestamp": "2025-03-07T23:40:40.083Z"
}
{
  "context": "RecipeService",
  "level": "info",
  "message": "Fetching recipes with params: {\"skip\":10,\"take\":10}",
  "service": "LoggingService",
  "timestamp": "2025-03-07T23:40:40.083Z"
}
{
  "context": "RecipeController",
  "level": "info",
  "message": "Received request to get recipes",
  "service": "LoggingService",
  "timestamp": "2025-03-07T23:40:42.518Z"
}
{
  "context": "RecipeService",
  "level": "info",
  "message": "Fetching recipes with params: {\"skip\":20,\"take\":10}",
  "service": "LoggingService",
  "timestamp": "2025-03-07T23:40:42.518Z"
}
{
  "context": "RecipeController",
  "level": "info",
  "message": "Received request to get recipes",
  "service": "LoggingService",
  "timestamp": "2025-03-07T23:40:44.411Z"
}
{
  "context": "RecipeService",
  "level": "info",
  "message": "Fetching recipes with params: {\"skip\":30,\"take\":10}",
  "service": "LoggingService",
  "timestamp": "2025-03-07T23:40:44.412Z"
}
{
  "context": "RecipeController",
  "level": "info",
  "message": "Received request to get recipe with ID 446",
  "service": "LoggingService",
  "timestamp": "2025-03-07T23:40:46.285Z"
}
{
  "context": "RecipeService",
  "level": "info",
  "message": "Fetching recipe with ID 446",
  "service": "LoggingService",
  "timestamp": "2025-03-07T23:40:46.285Z"
}
{
  "context": "RecipeController",
  "level": "info",
  "message": "Received request to get recipe with ID 446",
  "service": "LoggingService",
  "timestamp": "2025-03-07T23:45:50.375Z"
}
{
  "context": "RecipeService",
  "level": "info",
  "message": "Fetching recipe with ID 446",
  "service": "LoggingService",
  "timestamp": "2025-03-07T23:45:50.376Z"
}
{
  "context": "RecipeController",
  "level": "info",
  "message": "Received request to get recipe with ID 446",
  "service": "LoggingService",
  "timestamp": "2025-03-07T23:45:56.030Z"
}
{
  "context": "RecipeService",
  "level": "info",
  "message": "Fetching recipe with ID 446",
  "service": "LoggingService",
  "timestamp": "2025-03-07T23:45:56.030Z"
}
{
  "context": "RecipeController",
  "level": "info",
  "message": "Received request to get recipe with ID 446",
  "service": "LoggingService",
  "timestamp": "2025-03-07T23:56:18.167Z"
}
{
  "context": "RecipeService",
  "level": "info",
  "message": "Fetching recipe with ID 446",
  "service": "LoggingService",
  "timestamp": "2025-03-07T23:56:18.168Z"
}
{
  "context": "RecipeController",
  "level": "info",
  "message": "Received request to get recipe with ID 446",
  "service": "LoggingService",
  "timestamp": "2025-03-07T23:56:24.878Z"
}
{
  "context": "RecipeService",
  "level": "info",
  "message": "Fetching recipe with ID 446",
  "service": "LoggingService",
  "timestamp": "2025-03-07T23:56:24.878Z"
}
{
  "context": "RecipeController",
  "level": "info",
  "message": "Received request to get recipe with ID 446",
  "service": "LoggingService",
  "timestamp": "2025-03-07T23:57:14.407Z"
}
{
  "context": "RecipeService",
  "level": "info",
  "message": "Fetching recipe with ID 446",
  "service": "LoggingService",
  "timestamp": "2025-03-07T23:57:14.407Z"
}
{
  "context": "RecipeController",
  "level": "info",
  "message": "Received request to get recipe with ID 446",
  "service": "LoggingService",
  "timestamp": "2025-03-07T23:57:21.358Z"
}
{
  "context": "RecipeService",
  "level": "info",
  "message": "Fetching recipe with ID 446",
  "service": "LoggingService",
  "timestamp": "2025-03-07T23:57:21.359Z"
}
{
  "context": "RecipeController",
  "level": "info",
  "message": "Received request to get recipe with ID 446",
  "service": "LoggingService",
  "timestamp": "2025-03-07T23:57:46.828Z"
}
{
  "context": "RecipeService",
  "level": "info",
  "message": "Fetching recipe with ID 446",
  "service": "LoggingService",
  "timestamp": "2025-03-07T23:57:46.828Z"
}
{
  "context": "RecipeController",
  "level": "info",
  "message": "Received request to get recipe with ID 446",
  "service": "LoggingService",
  "timestamp": "2025-03-07T23:58:08.857Z"
}
{
  "context": "RecipeService",
  "level": "info",
  "message": "Fetching recipe with ID 446",
  "service": "LoggingService",
  "timestamp": "2025-03-07T23:58:08.857Z"
}
{
  "context": "RecipeController",
  "level": "info",
  "message": "Received request to get recipe with ID 446",
  "service": "LoggingService",
  "timestamp": "2025-03-07T23:58:29.524Z"
}
{
  "context": "RecipeService",
  "level": "info",
  "message": "Fetching recipe with ID 446",
  "service": "LoggingService",
  "timestamp": "2025-03-07T23:58:29.525Z"
}
{
  "context": "RecipeController",
  "level": "info",
  "message": "Received request to get recipe with ID 446",
  "service": "LoggingService",
  "timestamp": "2025-03-07T23:59:46.494Z"
}
{
  "context": "RecipeService",
  "level": "info",
  "message": "Fetching recipe with ID 446",
  "service": "LoggingService",
  "timestamp": "2025-03-07T23:59:46.494Z"
}
{
  "context": "RecipeController",
  "level": "info",
  "message": "Received request to get recipe with ID 446",
  "service": "LoggingService",
  "timestamp": "2025-03-08T00:00:16.557Z"
}
{
  "context": "RecipeService",
  "level": "info",
  "message": "Fetching recipe with ID 446",
  "service": "LoggingService",
  "timestamp": "2025-03-08T00:00:16.558Z"
}
{
  "context": "RecipeController",
  "level": "info",
  "message": "Received request to get recipe with ID 446",
  "service": "LoggingService",
  "timestamp": "2025-03-08T00:02:01.744Z"
}
{
  "context": "RecipeService",
  "level": "info",
  "message": "Fetching recipe with ID 446",
  "service": "LoggingService",
  "timestamp": "2025-03-08T00:02:01.745Z"
}
{
  "context": "RecipeController",
  "level": "info",
  "message": "Received request to get recipe with ID 446",
  "service": "LoggingService",
  "timestamp": "2025-03-08T00:04:01.285Z"
}
{
  "context": "RecipeService",
  "level": "info",
  "message": "Fetching recipe with ID 446",
  "service": "LoggingService",
  "timestamp": "2025-03-08T00:04:01.286Z"
}
{
  "context": "RecipeController",
  "level": "info",
  "message": "Received request to get recipe with ID 446",
  "service": "LoggingService",
  "timestamp": "2025-03-08T00:05:00.238Z"
}
{
  "context": "RecipeService",
  "level": "info",
  "message": "Fetching recipe with ID 446",
  "service": "LoggingService",
  "timestamp": "2025-03-08T00:05:00.238Z"
}
{
  "context": "RecipeController",
  "level": "info",
  "message": "Received request to get recipe with ID 446",
  "service": "LoggingService",
  "timestamp": "2025-03-08T00:07:16.253Z"
}
{
  "context": "RecipeService",
  "level": "info",
  "message": "Fetching recipe with ID 446",
  "service": "LoggingService",
  "timestamp": "2025-03-08T00:07:16.253Z"
}
{
  "context": "RecipeController",
  "level": "info",
  "message": "Received request to get recipe with ID 446",
  "service": "LoggingService",
  "timestamp": "2025-03-08T00:12:07.557Z"
}
{
  "context": "RecipeService",
  "level": "info",
  "message": "Fetching recipe with ID 446",
  "service": "LoggingService",
  "timestamp": "2025-03-08T00:12:07.558Z"
}
{
  "context": "RecipeController",
  "level": "info",
  "message": "Received request to get recipe with ID 446",
  "service": "LoggingService",
  "timestamp": "2025-03-08T00:18:59.111Z"
}
{
  "context": "RecipeService",
  "level": "info",
  "message": "Fetching recipe with ID 446",
  "service": "LoggingService",
  "timestamp": "2025-03-08T00:18:59.113Z"
}
{
  "context": "RecipeController",
  "level": "info",
  "message": "Received request to get recipe with ID 446",
  "service": "LoggingService",
  "timestamp": "2025-03-08T00:19:04.983Z"
}
{
  "context": "RecipeService",
  "level": "info",
  "message": "Fetching recipe with ID 446",
  "service": "LoggingService",
  "timestamp": "2025-03-08T00:19:04.984Z"
}
{
  "context": "RecipeController",
  "level": "info",
  "message": "Received request to get recipe with ID 446",
  "service": "LoggingService",
  "timestamp": "2025-03-08T00:19:20.727Z"
}
{
  "context": "RecipeService",
  "level": "info",
  "message": "Fetching recipe with ID 446",
  "service": "LoggingService",
  "timestamp": "2025-03-08T00:19:20.729Z"
}
{
  "context": "RecipeController",
  "level": "info",
  "message": "Received request to get recipe with ID 446",
  "service": "LoggingService",
  "timestamp": "2025-03-08T00:19:37.396Z"
}
{
  "context": "RecipeService",
  "level": "info",
  "message": "Fetching recipe with ID 446",
  "service": "LoggingService",
  "timestamp": "2025-03-08T00:19:37.396Z"
}
{
  "context": "RecipeController",
  "level": "info",
  "message": "Received request to get recipe with ID 446",
  "service": "LoggingService",
  "timestamp": "2025-03-08T00:19:46.249Z"
}
{
  "context": "RecipeService",
  "level": "info",
  "message": "Fetching recipe with ID 446",
  "service": "LoggingService",
  "timestamp": "2025-03-08T00:19:46.250Z"
}
{
  "context": "RecipeController",
  "level": "info",
  "message": "Received request to get recipe with ID 446",
  "service": "LoggingService",
  "timestamp": "2025-03-08T00:20:05.286Z"
}
{
  "context": "RecipeService",
  "level": "info",
  "message": "Fetching recipe with ID 446",
  "service": "LoggingService",
  "timestamp": "2025-03-08T00:20:05.286Z"
}
{
  "context": "RecipeController",
  "level": "info",
  "message": "Received request to get recipe with ID 446",
  "service": "LoggingService",
  "timestamp": "2025-03-08T00:20:28.750Z"
}
{
  "context": "RecipeService",
  "level": "info",
  "message": "Fetching recipe with ID 446",
  "service": "LoggingService",
  "timestamp": "2025-03-08T00:20:28.751Z"
}
{
  "context": "RecipeController",
  "level": "info",
  "message": "Received request to get recipe with ID 446",
  "service": "LoggingService",
  "timestamp": "2025-03-08T00:20:33.739Z"
}
{
  "context": "RecipeService",
  "level": "info",
  "message": "Fetching recipe with ID 446",
  "service": "LoggingService",
  "timestamp": "2025-03-08T00:20:33.740Z"
}
{
  "context": "RecipeController",
  "level": "info",
  "message": "Received request to get recipe with ID 446",
  "service": "LoggingService",
  "timestamp": "2025-03-08T00:20:54.524Z"
}
{
  "context": "RecipeService",
  "level": "info",
  "message": "Fetching recipe with ID 446",
  "service": "LoggingService",
  "timestamp": "2025-03-08T00:20:54.525Z"
}
{
  "context": "RecipeController",
  "level": "info",
  "message": "Received request to get recipe with ID 446",
  "service": "LoggingService",
  "timestamp": "2025-03-08T00:21:18.087Z"
}
{
  "context": "RecipeService",
  "level": "info",
  "message": "Fetching recipe with ID 446",
  "service": "LoggingService",
  "timestamp": "2025-03-08T00:21:18.087Z"
}
{
  "context": "RecipeController",
  "level": "info",
  "message": "Received request to get recipe with ID 446",
  "service": "LoggingService",
  "timestamp": "2025-03-08T00:23:52.170Z"
}
{
  "context": "RecipeService",
  "level": "info",
  "message": "Fetching recipe with ID 446",
  "service": "LoggingService",
  "timestamp": "2025-03-08T00:23:52.171Z"
}
{
  "context": "RecipeController",
  "level": "info",
  "message": "Received request to get recipe with ID 446",
  "service": "LoggingService",
  "timestamp": "2025-03-08T00:24:10.043Z"
}
{
  "context": "RecipeService",
  "level": "info",
  "message": "Fetching recipe with ID 446",
  "service": "LoggingService",
  "timestamp": "2025-03-08T00:24:10.044Z"
}
{
  "context": "RecipeController",
  "level": "info",
  "message": "Received request to get recipe with ID 446",
  "service": "LoggingService",
  "timestamp": "2025-03-08T00:24:17.077Z"
}
{
  "context": "RecipeService",
  "level": "info",
  "message": "Fetching recipe with ID 446",
  "service": "LoggingService",
  "timestamp": "2025-03-08T00:24:17.078Z"
}
{
  "context": "RecipeController",
  "level": "info",
  "message": "Received request to get recipe with ID 446",
  "service": "LoggingService",
  "timestamp": "2025-03-08T00:24:29.894Z"
}
{
  "context": "RecipeService",
  "level": "info",
  "message": "Fetching recipe with ID 446",
  "service": "LoggingService",
  "timestamp": "2025-03-08T00:24:29.894Z"
}
{
  "context": "RecipeController",
  "level": "info",
  "message": "Received request to get recipe with ID 446",
  "service": "LoggingService",
  "timestamp": "2025-03-08T00:24:44.094Z"
}
{
  "context": "RecipeService",
  "level": "info",
  "message": "Fetching recipe with ID 446",
  "service": "LoggingService",
  "timestamp": "2025-03-08T00:24:44.095Z"
}
{
  "context": "RecipeController",
  "level": "info",
  "message": "Received request to get recipe with ID 446",
  "service": "LoggingService",
  "timestamp": "2025-03-08T00:24:59.137Z"
}
{
  "context": "RecipeService",
  "level": "info",
  "message": "Fetching recipe with ID 446",
  "service": "LoggingService",
  "timestamp": "2025-03-08T00:24:59.138Z"
}
{
  "context": "RecipeController",
  "level": "info",
  "message": "Received request to get recipe with ID 446",
  "service": "LoggingService",
  "timestamp": "2025-03-08T00:25:26.084Z"
}
{
  "context": "RecipeService",
  "level": "info",
  "message": "Fetching recipe with ID 446",
  "service": "LoggingService",
  "timestamp": "2025-03-08T00:25:26.085Z"
}
{
  "context": "RecipeController",
  "level": "info",
  "message": "Received request to get recipes",
  "service": "LoggingService",
  "timestamp": "2025-03-08T00:31:57.376Z"
}
{
  "context": "RecipeService",
  "level": "info",
  "message": "Fetching recipes with params: {\"skip\":0,\"take\":10}",
  "service": "LoggingService",
  "timestamp": "2025-03-08T00:31:57.377Z"
}
{
  "context": "RecipeController",
  "level": "info",
  "message": "Received request to get recipe with ID 414",
  "service": "LoggingService",
  "timestamp": "2025-03-08T00:32:43.303Z"
}
{
  "context": "RecipeService",
  "level": "info",
  "message": "Fetching recipe with ID 414",
  "service": "LoggingService",
  "timestamp": "2025-03-08T00:32:43.304Z"
}
{
  "context": "RecipeController",
  "level": "info",
  "message": "Received request to get recipe with ID 414",
  "service": "LoggingService",
  "timestamp": "2025-03-08T00:33:00.195Z"
}
{
  "context": "RecipeService",
  "level": "info",
  "message": "Fetching recipe with ID 414",
  "service": "LoggingService",
  "timestamp": "2025-03-08T00:33:00.196Z"
}
{
  "context": "RecipeController",
  "level": "info",
  "message": "Received request to get recipe with ID 414",
  "service": "LoggingService",
  "timestamp": "2025-03-08T00:33:54.079Z"
}
{
  "context": "RecipeService",
  "level": "info",
  "message": "Fetching recipe with ID 414",
  "service": "LoggingService",
  "timestamp": "2025-03-08T00:33:54.079Z"
}
{
  "context": "RecipeController",
  "level": "info",
  "message": "Received request to get recipes",
  "service": "LoggingService",
  "timestamp": "2025-03-08T00:33:58.504Z"
}
{
  "context": "RecipeService",
  "level": "info",
  "message": "Fetching recipes with params: {\"skip\":0,\"take\":10}",
  "service": "LoggingService",
  "timestamp": "2025-03-08T00:33:58.505Z"
}
{
  "context": "RecipeController",
  "level": "info",
  "message": "Received request to get recipes",
  "service": "LoggingService",
  "timestamp": "2025-03-08T00:34:01.836Z"
}
{
  "context": "RecipeService",
  "level": "info",
  "message": "Fetching recipes with params: {\"skip\":0,\"take\":10}",
  "service": "LoggingService",
  "timestamp": "2025-03-08T00:34:01.837Z"
}
{
  "context": "RecipeController",
  "level": "info",
  "message": "Received request to get recipe with ID 410",
  "service": "LoggingService",
  "timestamp": "2025-03-08T00:34:09.598Z"
}
{
  "context": "RecipeService",
  "level": "info",
  "message": "Fetching recipe with ID 410",
  "service": "LoggingService",
  "timestamp": "2025-03-08T00:34:09.599Z"
}
{
  "context": "RecipeController",
  "level": "info",
  "message": "Received request to get recipes",
  "service": "LoggingService",
  "timestamp": "2025-03-08T00:35:52.217Z"
}
{
  "context": "RecipeService",
  "level": "info",
  "message": "Fetching recipes with params: {\"skip\":0,\"take\":10}",
  "service": "LoggingService",
  "timestamp": "2025-03-08T00:35:52.217Z"
}
{
  "context": "RecipeController",
  "level": "info",
  "message": "Received request to get recipe with ID 410",
  "service": "LoggingService",
  "timestamp": "2025-03-08T00:36:01.908Z"
}
{
  "context": "RecipeService",
  "level": "info",
  "message": "Fetching recipe with ID 410",
  "service": "LoggingService",
  "timestamp": "2025-03-08T00:36:01.908Z"
}
{
  "context": "RecipeController",
  "level": "info",
  "message": "Received request to get recipe with ID 410",
  "service": "LoggingService",
  "timestamp": "2025-03-08T00:36:42.035Z"
}
{
  "context": "RecipeService",
  "level": "info",
  "message": "Fetching recipe with ID 410",
  "service": "LoggingService",
  "timestamp": "2025-03-08T00:36:42.035Z"
}
{
  "context": "RecipeController",
  "level": "info",
  "message": "Received request to get recipe with ID 410",
  "service": "LoggingService",
  "timestamp": "2025-03-08T00:37:21.512Z"
}
{
  "context": "RecipeService",
  "level": "info",
  "message": "Fetching recipe with ID 410",
  "service": "LoggingService",
  "timestamp": "2025-03-08T00:37:21.513Z"
}
{
  "context": "RecipeController",
  "level": "info",
  "message": "Received request to get recipe with ID 410",
  "service": "LoggingService",
  "timestamp": "2025-03-08T00:38:03.897Z"
}
{
  "context": "RecipeService",
  "level": "info",
  "message": "Fetching recipe with ID 410",
  "service": "LoggingService",
  "timestamp": "2025-03-08T00:38:03.897Z"
}
{
  "context": "RecipeController",
  "level": "info",
  "message": "Received request to get recipe with ID 410",
  "service": "LoggingService",
  "timestamp": "2025-03-08T00:38:42.768Z"
}
{
  "context": "RecipeService",
  "level": "info",
  "message": "Fetching recipe with ID 410",
  "service": "LoggingService",
  "timestamp": "2025-03-08T00:38:42.769Z"
}
{
  "context": "RecipeController",
  "level": "info",
  "message": "Received request to get recipes",
  "service": "LoggingService",
  "timestamp": "2025-03-08T00:39:31.938Z"
}
{
  "context": "RecipeService",
  "level": "info",
  "message": "Fetching recipes with params: {\"skip\":0,\"take\":10}",
  "service": "LoggingService",
  "timestamp": "2025-03-08T00:39:31.940Z"
}
{
  "context": "RecipeController",
  "level": "info",
  "message": "Received request to get recipe with ID 410",
  "service": "LoggingService",
  "timestamp": "2025-03-08T00:39:58.837Z"
}
{
  "context": "RecipeService",
  "level": "info",
  "message": "Fetching recipe with ID 410",
  "service": "LoggingService",
  "timestamp": "2025-03-08T00:39:58.838Z"
}
{
  "context": "RecipeController",
  "level": "info",
  "message": "Received request to get recipe with ID 410",
  "service": "LoggingService",
  "timestamp": "2025-03-08T00:40:11.471Z"
}
{
  "context": "RecipeService",
  "level": "info",
  "message": "Fetching recipe with ID 410",
  "service": "LoggingService",
  "timestamp": "2025-03-08T00:40:11.471Z"
}
{
  "context": "RecipeController",
  "level": "info",
  "message": "Received request to get recipes",
  "service": "LoggingService",
  "timestamp": "2025-03-08T04:10:03.509Z"
}
{
  "context": "RecipeService",
  "level": "info",
  "message": "Fetching recipes with params: {\"skip\":0,\"take\":10}",
  "service": "LoggingService",
  "timestamp": "2025-03-08T04:10:03.510Z"
}
{
  "context": "RecipeController",
  "level": "info",
  "message": "Received request to get recipe with ID 410",
  "service": "LoggingService",
  "timestamp": "2025-03-08T04:12:07.550Z"
}
{
  "context": "RecipeService",
  "level": "info",
  "message": "Fetching recipe with ID 410",
  "service": "LoggingService",
  "timestamp": "2025-03-08T04:12:07.550Z"
}
